<?xml version="1.0" encoding="UTF-8"?>
<!-- Generated by org.testng.reporters.JUnitXMLReporter -->
<testsuite hostname="LenovoPC" ignored="0" name="Default test" tests="2" failures="1" timestamp="29 十月 2017 08:00:17 GMT" time="17.881" errors="0">
  <testcase name="faillodinTest01" time="0.017" classname="com.liangxin.testcase.loginTest">
    <failure type="java.lang.StackOverflowError">
      <![CDATA[java.lang.StackOverflowError
	at com.liangxin.actions.LoginfailOperate.getLoginName(LoginfailOperate.java:50)
	at com.liangxin.actions.LoginfailOperate.getLoginName(LoginfailOperate.java:50)
	at com.liangxin.actions.LoginfailOperate.getLoginName(LoginfailOperate.java:50)
	at com.liangxin.actions.LoginfailOperate.getLoginName(LoginfailOperate.java:50)
	at com.liangxin.actions.LoginfailOperate.getLoginName(LoginfailOperate.java:50)
	at com.liangxin.actions.LoginfailOperate.getLoginName(LoginfailOperate.java:50)
	at com.liangxin.actions.LoginfailOperate.getLoginName(LoginfailOperate.java:50)
	at com.liangxin.actions.LoginfailOperate.getLoginName(LoginfailOperate.java:50)
	at com.liangxin.actions.LoginfailOperate.getLoginName(LoginfailOperate.java:50)
	at com.liangxin.actions.LoginfailOperate.getLoginName(LoginfailOperate.java:50)
	at com.liangxin.actions.LoginfailOperate.getLoginName(LoginfailOperate.java:50)
	at com.liangxin.actions.LoginfailOperate.getLoginName(LoginfailOperate.java:50)
	at com.liangxin.actions.LoginfailOperate.getLoginName(LoginfailOperate.java:50)
	at com.liangxin.actions.LoginfailOperate.getLoginName(LoginfailOperate.java:50)
	at com.liangxin.actions.LoginfailOperate.getLoginName(LoginfailOperate.java:50)
	at com.liangxin.actions.LoginfailOperate.getLoginName(LoginfailOperate.java:50)
	at com.liangxin.actions.LoginfailOperate.getLoginName(LoginfailOperate.java:50)
	at com.liangxin.actions.LoginfailOperate.getLoginName(LoginfailOperate.java:50)
	at com.liangxin.actions.LoginfailOperate.getLoginName(LoginfailOperate.java:50)
	at com.liangxin.actions.LoginfailOperate.getLoginName(LoginfailOperate.java:50)
	at com.liangxin.actions.LoginfailOperate.getLoginName(LoginfailOperate.java:50)
	at com.liangxin.actions.LoginfailOperate.getLoginName(LoginfailOperate.java:50)
	at com.liangxin.actions.LoginfailOperate.getLoginName(LoginfailOperate.java:50)
	at com.liangxin.actions.LoginfailOperate.getLoginName(LoginfailOperate.java:50)
	at com.liangxin.actions.LoginfailOperate.getLoginName(LoginfailOperate.java:50)
	at com.liangxin.actions.LoginfailOperate.getLoginName(LoginfailOperate.java:50)
	at com.liangxin.actions.LoginfailOperate.getLoginName(LoginfailOperate.java:50)
	at com.liangxin.actions.LoginfailOperate.getLoginName(LoginfailOperate.java:50)
	at com.liangxin.actions.LoginfailOperate.getLoginName(LoginfailOperate.java:50)
	at com.liangxin.actions.LoginfailOperate.getLoginName(LoginfailOperate.java:50)
	at com.liangxin.actions.LoginfailOperate.getLoginName(LoginfailOperate.java:50)
	at com.liangxin.actions.LoginfailOperate.getLoginName(LoginfailOperate.java:50)
	at com.liangxin.actions.LoginfailOperate.getLoginName(LoginfailOperate.java:50)
	at com.liangxin.actions.LoginfailOperate.getLoginName(LoginfailOperate.java:50)
	at com.liangxin.actions.LoginfailOperate.getLoginName(LoginfailOperate.java:50)
	at com.liangxin.actions.LoginfailOperate.getLoginName(LoginfailOperate.java:50)
	at com.liangxin.actions.LoginfailOperate.getLoginName(LoginfailOperate.java:50)
	at com.liangxin.actions.LoginfailOperate.getLoginName(LoginfailOperate.java:50)
	at com.liangxin.actions.LoginfailOperate.getLoginName(LoginfailOperate.java:50)
	at com.liangxin.actions.LoginfailOperate.getLoginName(LoginfailOperate.java:50)
	at com.liangxin.actions.LoginfailOperate.getLoginName(LoginfailOperate.java:50)
	at com.liangxin.actions.LoginfailOperate.getLoginName(LoginfailOperate.java:50)
	at com.liangxin.actions.LoginfailOperate.getLoginName(LoginfailOperate.java:50)
	at com.liangxin.actions.LoginfailOperate.getLoginName(LoginfailOperate.java:50)
	at com.liangxin.actions.LoginfailOperate.getLoginName(LoginfailOperate.java:50)
	at com.liangxin.actions.LoginfailOperate.getLoginName(LoginfailOperate.java:50)
	at com.liangxin.actions.LoginfailOperate.getLoginName(LoginfailOperate.java:50)
	at com.liangxin.actions.LoginfailOperate.getLoginName(LoginfailOperate.java:50)
	at com.liangxin.actions.LoginfailOperate.getLoginName(LoginfailOperate.java:50)
	at com.liangxin.actions.LoginfailOperate.getLoginName(LoginfailOperate.java:50)
	at com.liangxin.actions.LoginfailOperate.getLoginName(LoginfailOperate.java:50)
	at com.liangxin.actions.LoginfailOperate.getLoginName(LoginfailOperate.java:50)
	at com.liangxin.actions.LoginfailOperate.getLoginName(LoginfailOperate.java:50)
	at com.liangxin.actions.LoginfailOperate.getLoginName(LoginfailOperate.java:50)
	at com.liangxin.actions.LoginfailOperate.getLoginName(LoginfailOperate.java:50)
	at com.liangxin.actions.LoginfailOperate.getLoginName(LoginfailOperate.java:50)
	at com.liangxin.actions.LoginfailOperate.getLoginName(LoginfailOperate.java:50)
	at com.liangxin.actions.LoginfailOperate.getLoginName(LoginfailOperate.java:50)
	at com.liangxin.actions.LoginfailOperate.getLoginName(LoginfailOperate.java:50)
	at com.liangxin.actions.LoginfailOperate.getLoginName(LoginfailOperate.java:50)
	at com.liangxin.actions.LoginfailOperate.getLoginName(LoginfailOperate.java:50)
	at com.liangxin.actions.LoginfailOperate.getLoginName(LoginfailOperate.java:50)
	at com.liangxin.actions.LoginfailOperate.getLoginName(LoginfailOperate.java:50)
	at com.liangxin.actions.LoginfailOperate.getLoginName(LoginfailOperate.java:50)
	at com.liangxin.actions.LoginfailOperate.getLoginName(LoginfailOperate.java:50)
	at com.liangxin.actions.LoginfailOperate.getLoginName(LoginfailOperate.java:50)
	at com.liangxin.actions.LoginfailOperate.getLoginName(LoginfailOperate.java:50)
	at com.liangxin.actions.LoginfailOperate.getLoginName(LoginfailOperate.java:50)
	at com.liangxin.actions.LoginfailOperate.getLoginName(LoginfailOperate.java:50)
	at com.liangxin.actions.LoginfailOperate.getLoginName(LoginfailOperate.java:50)
	at com.liangxin.actions.LoginfailOperate.getLoginName(LoginfailOperate.java:50)
	at com.liangxin.actions.LoginfailOperate.getLoginName(LoginfailOperate.java:50)
	at com.liangxin.actions.LoginfailOperate.getLoginName(LoginfailOperate.java:50)
	at com.liangxin.actions.LoginfailOperate.getLoginName(LoginfailOperate.java:50)
	at com.liangxin.actions.LoginfailOperate.getLoginName(LoginfailOperate.java:50)
	at com.liangxin.actions.LoginfailOperate.getLoginName(LoginfailOperate.java:50)
	at com.liangxin.actions.LoginfailOperate.getLoginName(LoginfailOperate.java:50)
	at com.liangxin.actions.LoginfailOperate.getLoginName(LoginfailOperate.java:50)
	at com.liangxin.actions.LoginfailOperate.getLoginName(LoginfailOperate.java:50)
	at com.liangxin.actions.LoginfailOperate.getLoginName(LoginfailOperate.java:50)
	at com.liangxin.actions.LoginfailOperate.getLoginName(LoginfailOperate.java:50)
	at com.liangxin.actions.LoginfailOperate.getLoginName(LoginfailOperate.java:50)
	at com.liangxin.actions.LoginfailOperate.getLoginName(LoginfailOperate.java:50)
	at com.liangxin.actions.LoginfailOperate.getLoginName(LoginfailOperate.java:50)
	at com.liangxin.actions.LoginfailOperate.getLoginName(LoginfailOperate.java:50)
	at com.liangxin.actions.LoginfailOperate.getLoginName(LoginfailOperate.java:50)
	at com.liangxin.actions.LoginfailOperate.getLoginName(LoginfailOperate.java:50)
	at com.liangxin.actions.LoginfailOperate.getLoginName(LoginfailOperate.java:50)
	at com.liangxin.actions.LoginfailOperate.getLoginName(LoginfailOperate.java:50)
	at com.liangxin.actions.LoginfailOperate.getLoginName(LoginfailOperate.java:50)
	at com.liangxin.actions.LoginfailOperate.getLoginName(LoginfailOperate.java:50)
	at com.liangxin.actions.LoginfailOperate.getLoginName(LoginfailOperate.java:50)
	at com.liangxin.actions.LoginfailOperate.getLoginName(LoginfailOperate.java:50)
	at com.liangxin.actions.LoginfailOperate.getLoginName(LoginfailOperate.java:50)
	at com.liangxin.actions.LoginfailOperate.getLoginName(LoginfailOperate.java:50)
	at com.liangxin.actions.LoginfailOperate.getLoginName(LoginfailOperate.java:50)
	at com.liangxin.actions.LoginfailOperate.getLoginName(LoginfailOperate.java:50)
	at com.liangxin.actions.LoginfailOperate.getLoginName(LoginfailOperate.java:50)
	at com.liangxin.actions.LoginfailOperate.getLoginName(LoginfailOperate.java:50)
	at com.liangxin.actions.LoginfailOperate.getLoginName(LoginfailOperate.java:50)
	at com.liangxin.actions.LoginfailOperate.getLoginName(LoginfailOperate.java:50)
	at com.liangxin.actions.LoginfailOperate.getLoginName(LoginfailOperate.java:50)
	at com.liangxin.actions.LoginfailOperate.getLoginName(LoginfailOperate.java:50)
	at com.liangxin.actions.LoginfailOperate.getLoginName(LoginfailOperate.java:50)
	at com.liangxin.actions.LoginfailOperate.getLoginName(LoginfailOperate.java:50)
	at com.liangxin.actions.LoginfailOperate.getLoginName(LoginfailOperate.java:50)
	at com.liangxin.actions.LoginfailOperate.getLoginName(LoginfailOperate.java:50)
	at com.liangxin.actions.LoginfailOperate.getLoginName(LoginfailOperate.java:50)
	at com.liangxin.actions.LoginfailOperate.getLoginName(LoginfailOperate.java:50)
	at com.liangxin.actions.LoginfailOperate.getLoginName(LoginfailOperate.java:50)
	at com.liangxin.actions.LoginfailOperate.getLoginName(LoginfailOperate.java:50)
	at com.liangxin.actions.LoginfailOperate.getLoginName(LoginfailOperate.java:50)
	at com.liangxin.actions.LoginfailOperate.getLoginName(LoginfailOperate.java:50)
	at com.liangxin.actions.LoginfailOperate.getLoginName(LoginfailOperate.java:50)
	at com.liangxin.actions.LoginfailOperate.getLoginName(LoginfailOperate.java:50)
	at com.liangxin.actions.LoginfailOperate.getLoginName(LoginfailOperate.java:50)
	at com.liangxin.actions.LoginfailOperate.getLoginName(LoginfailOperate.java:50)
	at com.liangxin.actions.LoginfailOperate.getLoginName(LoginfailOperate.java:50)
	at com.liangxin.actions.LoginfailOperate.getLoginName(LoginfailOperate.java:50)
	at com.liangxin.actions.LoginfailOperate.getLoginName(LoginfailOperate.java:50)
	at com.liangxin.actions.LoginfailOperate.getLoginName(LoginfailOperate.java:50)
	at com.liangxin.actions.LoginfailOperate.getLoginName(LoginfailOperate.java:50)
	at com.liangxin.actions.LoginfailOperate.getLoginName(LoginfailOperate.java:50)
	at com.liangxin.actions.LoginfailOperate.getLoginName(LoginfailOperate.java:50)
	at com.liangxin.actions.LoginfailOperate.getLoginName(LoginfailOperate.java:50)
	at com.liangxin.actions.LoginfailOperate.getLoginName(LoginfailOperate.java:50)
	at com.liangxin.actions.LoginfailOperate.getLoginName(LoginfailOperate.java:50)
	at com.liangxin.actions.LoginfailOperate.getLoginName(LoginfailOperate.java:50)
	at com.liangxin.actions.LoginfailOperate.getLoginName(LoginfailOperate.java:50)
	at com.liangxin.actions.LoginfailOperate.getLoginName(LoginfailOperate.java:50)
	at com.liangxin.actions.LoginfailOperate.getLoginName(LoginfailOperate.java:50)
	at com.liangxin.actions.LoginfailOperate.getLoginName(LoginfailOperate.java:50)
	at com.liangxin.actions.LoginfailOperate.getLoginName(LoginfailOperate.java:50)
	at com.liangxin.actions.LoginfailOperate.getLoginName(LoginfailOperate.java:50)
	at com.liangxin.actions.LoginfailOperate.getLoginName(LoginfailOperate.java:50)
	at com.liangxin.actions.LoginfailOperate.getLoginName(LoginfailOperate.java:50)
	at com.liangxin.actions.LoginfailOperate.getLoginName(LoginfailOperate.java:50)
	at com.liangxin.actions.LoginfailOperate.getLoginName(LoginfailOperate.java:50)
	at com.liangxin.actions.LoginfailOperate.getLoginName(LoginfailOperate.java:50)
	at com.liangxin.actions.LoginfailOperate.getLoginName(LoginfailOperate.java:50)
	at com.liangxin.actions.LoginfailOperate.getLoginName(LoginfailOperate.java:50)
	at com.liangxin.actions.LoginfailOperate.getLoginName(LoginfailOperate.java:50)
	at com.liangxin.actions.LoginfailOperate.getLoginName(LoginfailOperate.java:50)
	at com.liangxin.actions.LoginfailOperate.getLoginName(LoginfailOperate.java:50)
	at com.liangxin.actions.LoginfailOperate.getLoginName(LoginfailOperate.java:50)
	at com.liangxin.actions.LoginfailOperate.getLoginName(LoginfailOperate.java:50)
	at com.liangxin.actions.LoginfailOperate.getLoginName(LoginfailOperate.java:50)
	at com.liangxin.actions.LoginfailOperate.getLoginName(LoginfailOperate.java:50)
	at com.liangxin.actions.LoginfailOperate.getLoginName(LoginfailOperate.java:50)
	at com.liangxin.actions.LoginfailOperate.getLoginName(LoginfailOperate.java:50)
	at com.liangxin.actions.LoginfailOperate.getLoginName(LoginfailOperate.java:50)
	at com.liangxin.actions.LoginfailOperate.getLoginName(LoginfailOperate.java:50)
	at com.liangxin.actions.LoginfailOperate.getLoginName(LoginfailOperate.java:50)
	at com.liangxin.actions.LoginfailOperate.getLoginName(LoginfailOperate.java:50)
	at com.liangxin.actions.LoginfailOperate.getLoginName(LoginfailOperate.java:50)
	at com.liangxin.actions.LoginfailOperate.getLoginName(LoginfailOperate.java:50)
	at com.liangxin.actions.LoginfailOperate.getLoginName(LoginfailOperate.java:50)
	at com.liangxin.actions.LoginfailOperate.getLoginName(LoginfailOperate.java:50)
	at com.liangxin.actions.LoginfailOperate.getLoginName(LoginfailOperate.java:50)
	at com.liangxin.actions.LoginfailOperate.getLoginName(LoginfailOperate.java:50)
	at com.liangxin.actions.LoginfailOperate.getLoginName(LoginfailOperate.java:50)
	at com.liangxin.actions.LoginfailOperate.getLoginName(LoginfailOperate.java:50)
	at com.liangxin.actions.LoginfailOperate.getLoginName(LoginfailOperate.java:50)
	at com.liangxin.actions.LoginfailOperate.getLoginName(LoginfailOperate.java:50)
	at com.liangxin.actions.LoginfailOperate.getLoginName(LoginfailOperate.java:50)
	at com.liangxin.actions.LoginfailOperate.getLoginName(LoginfailOperate.java:50)
	at com.liangxin.actions.LoginfailOperate.getLoginName(LoginfailOperate.java:50)
	at com.liangxin.actions.LoginfailOperate.getLoginName(LoginfailOperate.java:50)
	at com.liangxin.actions.LoginfailOperate.getLoginName(LoginfailOperate.java:50)
	at com.liangxin.actions.LoginfailOperate.getLoginName(LoginfailOperate.java:50)
	at com.liangxin.actions.LoginfailOperate.getLoginName(LoginfailOperate.java:50)
	at com.liangxin.actions.LoginfailOperate.getLoginName(LoginfailOperate.java:50)
	at com.liangxin.actions.LoginfailOperate.getLoginName(LoginfailOperate.java:50)
	at com.liangxin.actions.LoginfailOperate.getLoginName(LoginfailOperate.java:50)
	at com.liangxin.actions.LoginfailOperate.getLoginName(LoginfailOperate.java:50)
	at com.liangxin.actions.LoginfailOperate.getLoginName(LoginfailOperate.java:50)
	at com.liangxin.actions.LoginfailOperate.getLoginName(LoginfailOperate.java:50)
	at com.liangxin.actions.LoginfailOperate.getLoginName(LoginfailOperate.java:50)
	at com.liangxin.actions.LoginfailOperate.getLoginName(LoginfailOperate.java:50)
	at com.liangxin.actions.LoginfailOperate.getLoginName(LoginfailOperate.java:50)
	at com.liangxin.actions.LoginfailOperate.getLoginName(LoginfailOperate.java:50)
	at com.liangxin.actions.LoginfailOperate.getLoginName(LoginfailOperate.java:50)
	at com.liangxin.actions.LoginfailOperate.getLoginName(LoginfailOperate.java:50)
	at com.liangxin.actions.LoginfailOperate.getLoginName(LoginfailOperate.java:50)
	at com.liangxin.actions.LoginfailOperate.getLoginName(LoginfailOperate.java:50)
	at com.liangxin.actions.LoginfailOperate.getLoginName(LoginfailOperate.java:50)
	at com.liangxin.actions.LoginfailOperate.getLoginName(LoginfailOperate.java:50)
	at com.liangxin.actions.LoginfailOperate.getLoginName(LoginfailOperate.java:50)
	at com.liangxin.actions.LoginfailOperate.getLoginName(LoginfailOperate.java:50)
	at com.liangxin.actions.LoginfailOperate.getLoginName(LoginfailOperate.java:50)
	at com.liangxin.actions.LoginfailOperate.getLoginName(LoginfailOperate.java:50)
	at com.liangxin.actions.LoginfailOperate.getLoginName(LoginfailOperate.java:50)
	at com.liangxin.actions.LoginfailOperate.getLoginName(LoginfailOperate.java:50)
	at com.liangxin.actions.LoginfailOperate.getLoginName(LoginfailOperate.java:50)
	at com.liangxin.actions.LoginfailOperate.getLoginName(LoginfailOperate.java:50)
	at com.liangxin.actions.LoginfailOperate.getLoginName(LoginfailOperate.java:50)
	at com.liangxin.actions.LoginfailOperate.getLoginName(LoginfailOperate.java:50)
	at com.liangxin.actions.LoginfailOperate.getLoginName(LoginfailOperate.java:50)
	at com.liangxin.actions.LoginfailOperate.getLoginName(LoginfailOperate.java:50)
	at com.liangxin.actions.LoginfailOperate.getLoginName(LoginfailOperate.java:50)
	at com.liangxin.actions.LoginfailOperate.getLoginName(LoginfailOperate.java:50)
	at com.liangxin.actions.LoginfailOperate.getLoginName(LoginfailOperate.java:50)
	at com.liangxin.actions.LoginfailOperate.getLoginName(LoginfailOperate.java:50)
	at com.liangxin.actions.LoginfailOperate.getLoginName(LoginfailOperate.java:50)
	at com.liangxin.actions.LoginfailOperate.getLoginName(LoginfailOperate.java:50)
	at com.liangxin.actions.LoginfailOperate.getLoginName(LoginfailOperate.java:50)
	at com.liangxin.actions.LoginfailOperate.getLoginName(LoginfailOperate.java:50)
	at com.liangxin.actions.LoginfailOperate.getLoginName(LoginfailOperate.java:50)
	at com.liangxin.actions.LoginfailOperate.getLoginName(LoginfailOperate.java:50)
	at com.liangxin.actions.LoginfailOperate.getLoginName(LoginfailOperate.java:50)
	at com.liangxin.actions.LoginfailOperate.getLoginName(LoginfailOperate.java:50)
	at com.liangxin.actions.LoginfailOperate.getLoginName(LoginfailOperate.java:50)
	at com.liangxin.actions.LoginfailOperate.getLoginName(LoginfailOperate.java:50)
	at com.liangxin.actions.LoginfailOperate.getLoginName(LoginfailOperate.java:50)
	at com.liangxin.actions.LoginfailOperate.getLoginName(LoginfailOperate.java:50)
	at com.liangxin.actions.LoginfailOperate.getLoginName(LoginfailOperate.java:50)
	at com.liangxin.actions.LoginfailOperate.getLoginName(LoginfailOperate.java:50)
	at com.liangxin.actions.LoginfailOperate.getLoginName(LoginfailOperate.java:50)
	at com.liangxin.actions.LoginfailOperate.getLoginName(LoginfailOperate.java:50)
	at com.liangxin.actions.LoginfailOperate.getLoginName(LoginfailOperate.java:50)
	at com.liangxin.actions.LoginfailOperate.getLoginName(LoginfailOperate.java:50)
	at com.liangxin.actions.LoginfailOperate.getLoginName(LoginfailOperate.java:50)
	at com.liangxin.actions.LoginfailOperate.getLoginName(LoginfailOperate.java:50)
	at com.liangxin.actions.LoginfailOperate.getLoginName(LoginfailOperate.java:50)
	at com.liangxin.actions.LoginfailOperate.getLoginName(LoginfailOperate.java:50)
	at com.liangxin.actions.LoginfailOperate.getLoginName(LoginfailOperate.java:50)
	at com.liangxin.actions.LoginfailOperate.getLoginName(LoginfailOperate.java:50)
	at com.liangxin.actions.LoginfailOperate.getLoginName(LoginfailOperate.java:50)
	at com.liangxin.actions.LoginfailOperate.getLoginName(LoginfailOperate.java:50)
	at com.liangxin.actions.LoginfailOperate.getLoginName(LoginfailOperate.java:50)
	at com.liangxin.actions.LoginfailOperate.getLoginName(LoginfailOperate.java:50)
	at com.liangxin.actions.LoginfailOperate.getLoginName(LoginfailOperate.java:50)
	at com.liangxin.actions.LoginfailOperate.getLoginName(LoginfailOperate.java:50)
	at com.liangxin.actions.LoginfailOperate.getLoginName(LoginfailOperate.java:50)
	at com.liangxin.actions.LoginfailOperate.getLoginName(LoginfailOperate.java:50)
	at com.liangxin.actions.LoginfailOperate.getLoginName(LoginfailOperate.java:50)
	at com.liangxin.actions.LoginfailOperate.getLoginName(LoginfailOperate.java:50)
	at com.liangxin.actions.LoginfailOperate.getLoginName(LoginfailOperate.java:50)
	at com.liangxin.actions.LoginfailOperate.getLoginName(LoginfailOperate.java:50)
	at com.liangxin.actions.LoginfailOperate.getLoginName(LoginfailOperate.java:50)
	at com.liangxin.actions.LoginfailOperate.getLoginName(LoginfailOperate.java:50)
	at com.liangxin.actions.LoginfailOperate.getLoginName(LoginfailOperate.java:50)
	at com.liangxin.actions.LoginfailOperate.getLoginName(LoginfailOperate.java:50)
	at com.liangxin.actions.LoginfailOperate.getLoginName(LoginfailOperate.java:50)
	at com.liangxin.actions.LoginfailOperate.getLoginName(LoginfailOperate.java:50)
	at com.liangxin.actions.LoginfailOperate.getLoginName(LoginfailOperate.java:50)
	at com.liangxin.actions.LoginfailOperate.getLoginName(LoginfailOperate.java:50)
	at com.liangxin.actions.LoginfailOperate.getLoginName(LoginfailOperate.java:50)
	at com.liangxin.actions.LoginfailOperate.getLoginName(LoginfailOperate.java:50)
	at com.liangxin.actions.LoginfailOperate.getLoginName(LoginfailOperate.java:50)
	at com.liangxin.actions.LoginfailOperate.getLoginName(LoginfailOperate.java:50)
	at com.liangxin.actions.LoginfailOperate.getLoginName(LoginfailOperate.java:50)
	at com.liangxin.actions.LoginfailOperate.getLoginName(LoginfailOperate.java:50)
	at com.liangxin.actions.LoginfailOperate.getLoginName(LoginfailOperate.java:50)
	at com.liangxin.actions.LoginfailOperate.getLoginName(LoginfailOperate.java:50)
	at com.liangxin.actions.LoginfailOperate.getLoginName(LoginfailOperate.java:50)
	at com.liangxin.actions.LoginfailOperate.getLoginName(LoginfailOperate.java:50)
	at com.liangxin.actions.LoginfailOperate.getLoginName(LoginfailOperate.java:50)
	at com.liangxin.actions.LoginfailOperate.getLoginName(LoginfailOperate.java:50)
	at com.liangxin.actions.LoginfailOperate.getLoginName(LoginfailOperate.java:50)
	at com.liangxin.actions.LoginfailOperate.getLoginName(LoginfailOperate.java:50)
	at com.liangxin.actions.LoginfailOperate.getLoginName(LoginfailOperate.java:50)
	at com.liangxin.actions.LoginfailOperate.getLoginName(LoginfailOperate.java:50)
	at com.liangxin.actions.LoginfailOperate.getLoginName(LoginfailOperate.java:50)
	at com.liangxin.actions.LoginfailOperate.getLoginName(LoginfailOperate.java:50)
	at com.liangxin.actions.LoginfailOperate.getLoginName(LoginfailOperate.java:50)
	at com.liangxin.actions.LoginfailOperate.getLoginName(LoginfailOperate.java:50)
	at com.liangxin.actions.LoginfailOperate.getLoginName(LoginfailOperate.java:50)
	at com.liangxin.actions.LoginfailOperate.getLoginName(LoginfailOperate.java:50)
	at com.liangxin.actions.LoginfailOperate.getLoginName(LoginfailOperate.java:50)
	at com.liangxin.actions.LoginfailOperate.getLoginName(LoginfailOperate.java:50)
	at com.liangxin.actions.LoginfailOperate.getLoginName(LoginfailOperate.java:50)
	at com.liangxin.actions.LoginfailOperate.getLoginName(LoginfailOperate.java:50)
	at com.liangxin.actions.LoginfailOperate.getLoginName(LoginfailOperate.java:50)
	at com.liangxin.actions.LoginfailOperate.getLoginName(LoginfailOperate.java:50)
	at com.liangxin.actions.LoginfailOperate.getLoginName(LoginfailOperate.java:50)
	at com.liangxin.actions.LoginfailOperate.getLoginName(LoginfailOperate.java:50)
	at com.liangxin.actions.LoginfailOperate.getLoginName(LoginfailOperate.java:50)
	at com.liangxin.actions.LoginfailOperate.getLoginName(LoginfailOperate.java:50)
	at com.liangxin.actions.LoginfailOperate.getLoginName(LoginfailOperate.java:50)
	at com.liangxin.actions.LoginfailOperate.getLoginName(LoginfailOperate.java:50)
	at com.liangxin.actions.LoginfailOperate.getLoginName(LoginfailOperate.java:50)
	at com.liangxin.actions.LoginfailOperate.getLoginName(LoginfailOperate.java:50)
	at com.liangxin.actions.LoginfailOperate.getLoginName(LoginfailOperate.java:50)
	at com.liangxin.actions.LoginfailOperate.getLoginName(LoginfailOperate.java:50)
	at com.liangxin.actions.LoginfailOperate.getLoginName(LoginfailOperate.java:50)
	at com.liangxin.actions.LoginfailOperate.getLoginName(LoginfailOperate.java:50)
	at com.liangxin.actions.LoginfailOperate.getLoginName(LoginfailOperate.java:50)
	at com.liangxin.actions.LoginfailOperate.getLoginName(LoginfailOperate.java:50)
	at com.liangxin.actions.LoginfailOperate.getLoginName(LoginfailOperate.java:50)
	at com.liangxin.actions.LoginfailOperate.getLoginName(LoginfailOperate.java:50)
	at com.liangxin.actions.LoginfailOperate.getLoginName(LoginfailOperate.java:50)
	at com.liangxin.actions.LoginfailOperate.getLoginName(LoginfailOperate.java:50)
	at com.liangxin.actions.LoginfailOperate.getLoginName(LoginfailOperate.java:50)
	at com.liangxin.actions.LoginfailOperate.getLoginName(LoginfailOperate.java:50)
	at com.liangxin.actions.LoginfailOperate.getLoginName(LoginfailOperate.java:50)
	at com.liangxin.actions.LoginfailOperate.getLoginName(LoginfailOperate.java:50)
	at com.liangxin.actions.LoginfailOperate.getLoginName(LoginfailOperate.java:50)
	at com.liangxin.actions.LoginfailOperate.getLoginName(LoginfailOperate.java:50)
	at com.liangxin.actions.LoginfailOperate.getLoginName(LoginfailOperate.java:50)
	at com.liangxin.actions.LoginfailOperate.getLoginName(LoginfailOperate.java:50)
	at com.liangxin.actions.LoginfailOperate.getLoginName(LoginfailOperate.java:50)
	at com.liangxin.actions.LoginfailOperate.getLoginName(LoginfailOperate.java:50)
	at com.liangxin.actions.LoginfailOperate.getLoginName(LoginfailOperate.java:50)
	at com.liangxin.actions.LoginfailOperate.getLoginName(LoginfailOperate.java:50)
	at com.liangxin.actions.LoginfailOperate.getLoginName(LoginfailOperate.java:50)
	at com.liangxin.actions.LoginfailOperate.getLoginName(LoginfailOperate.java:50)
	at com.liangxin.actions.LoginfailOperate.getLoginName(LoginfailOperate.java:50)
	at com.liangxin.actions.LoginfailOperate.getLoginName(LoginfailOperate.java:50)
	at com.liangxin.actions.LoginfailOperate.getLoginName(LoginfailOperate.java:50)
	at com.liangxin.actions.LoginfailOperate.getLoginName(LoginfailOperate.java:50)
	at com.liangxin.actions.LoginfailOperate.getLoginName(LoginfailOperate.java:50)
	at com.liangxin.actions.LoginfailOperate.getLoginName(LoginfailOperate.java:50)
	at com.liangxin.actions.LoginfailOperate.getLoginName(LoginfailOperate.java:50)
	at com.liangxin.actions.LoginfailOperate.getLoginName(LoginfailOperate.java:50)
	at com.liangxin.actions.LoginfailOperate.getLoginName(LoginfailOperate.java:50)
	at com.liangxin.actions.LoginfailOperate.getLoginName(LoginfailOperate.java:50)
	at com.liangxin.actions.LoginfailOperate.getLoginName(LoginfailOperate.java:50)
	at com.liangxin.actions.LoginfailOperate.getLoginName(LoginfailOperate.java:50)
	at com.liangxin.actions.LoginfailOperate.getLoginName(LoginfailOperate.java:50)
	at com.liangxin.actions.LoginfailOperate.getLoginName(LoginfailOperate.java:50)
	at com.liangxin.actions.LoginfailOperate.getLoginName(LoginfailOperate.java:50)
	at com.liangxin.actions.LoginfailOperate.getLoginName(LoginfailOperate.java:50)
	at com.liangxin.actions.LoginfailOperate.getLoginName(LoginfailOperate.java:50)
	at com.liangxin.actions.LoginfailOperate.getLoginName(LoginfailOperate.java:50)
	at com.liangxin.actions.LoginfailOperate.getLoginName(LoginfailOperate.java:50)
	at com.liangxin.actions.LoginfailOperate.getLoginName(LoginfailOperate.java:50)
	at com.liangxin.actions.LoginfailOperate.getLoginName(LoginfailOperate.java:50)
	at com.liangxin.actions.LoginfailOperate.getLoginName(LoginfailOperate.java:50)
	at com.liangxin.actions.LoginfailOperate.getLoginName(LoginfailOperate.java:50)
	at com.liangxin.actions.LoginfailOperate.getLoginName(LoginfailOperate.java:50)
	at com.liangxin.actions.LoginfailOperate.getLoginName(LoginfailOperate.java:50)
	at com.liangxin.actions.LoginfailOperate.getLoginName(LoginfailOperate.java:50)
	at com.liangxin.actions.LoginfailOperate.getLoginName(LoginfailOperate.java:50)
	at com.liangxin.actions.LoginfailOperate.getLoginName(LoginfailOperate.java:50)
	at com.liangxin.actions.LoginfailOperate.getLoginName(LoginfailOperate.java:50)
	at com.liangxin.actions.LoginfailOperate.getLoginName(LoginfailOperate.java:50)
	at com.liangxin.actions.LoginfailOperate.getLoginName(LoginfailOperate.java:50)
	at com.liangxin.actions.LoginfailOperate.getLoginName(LoginfailOperate.java:50)
	at com.liangxin.actions.LoginfailOperate.getLoginName(LoginfailOperate.java:50)
	at com.liangxin.actions.LoginfailOperate.getLoginName(LoginfailOperate.java:50)
	at com.liangxin.actions.LoginfailOperate.getLoginName(LoginfailOperate.java:50)
	at com.liangxin.actions.LoginfailOperate.getLoginName(LoginfailOperate.java:50)
	at com.liangxin.actions.LoginfailOperate.getLoginName(LoginfailOperate.java:50)
	at com.liangxin.actions.LoginfailOperate.getLoginName(LoginfailOperate.java:50)
	at com.liangxin.actions.LoginfailOperate.getLoginName(LoginfailOperate.java:50)
	at com.liangxin.actions.LoginfailOperate.getLoginName(LoginfailOperate.java:50)
	at com.liangxin.actions.LoginfailOperate.getLoginName(LoginfailOperate.java:50)
	at com.liangxin.actions.LoginfailOperate.getLoginName(LoginfailOperate.java:50)
	at com.liangxin.actions.LoginfailOperate.getLoginName(LoginfailOperate.java:50)
	at com.liangxin.actions.LoginfailOperate.getLoginName(LoginfailOperate.java:50)
	at com.liangxin.actions.LoginfailOperate.getLoginName(LoginfailOperate.java:50)
	at com.liangxin.actions.LoginfailOperate.getLoginName(LoginfailOperate.java:50)
	at com.liangxin.actions.LoginfailOperate.getLoginName(LoginfailOperate.java:50)
	at com.liangxin.actions.LoginfailOperate.getLoginName(LoginfailOperate.java:50)
	at com.liangxin.actions.LoginfailOperate.getLoginName(LoginfailOperate.java:50)
	at com.liangxin.actions.LoginfailOperate.getLoginName(LoginfailOperate.java:50)
	at com.liangxin.actions.LoginfailOperate.getLoginName(LoginfailOperate.java:50)
	at com.liangxin.actions.LoginfailOperate.getLoginName(LoginfailOperate.java:50)
	at com.liangxin.actions.LoginfailOperate.getLoginName(LoginfailOperate.java:50)
	at com.liangxin.actions.LoginfailOperate.getLoginName(LoginfailOperate.java:50)
	at com.liangxin.actions.LoginfailOperate.getLoginName(LoginfailOperate.java:50)
	at com.liangxin.actions.LoginfailOperate.getLoginName(LoginfailOperate.java:50)
	at com.liangxin.actions.LoginfailOperate.getLoginName(LoginfailOperate.java:50)
	at com.liangxin.actions.LoginfailOperate.getLoginName(LoginfailOperate.java:50)
	at com.liangxin.actions.LoginfailOperate.getLoginName(LoginfailOperate.java:50)
	at com.liangxin.actions.LoginfailOperate.getLoginName(LoginfailOperate.java:50)
	at com.liangxin.actions.LoginfailOperate.getLoginName(LoginfailOperate.java:50)
	at com.liangxin.actions.LoginfailOperate.getLoginName(LoginfailOperate.java:50)
	at com.liangxin.actions.LoginfailOperate.getLoginName(LoginfailOperate.java:50)
	at com.liangxin.actions.LoginfailOperate.getLoginName(LoginfailOperate.java:50)
	at com.liangxin.actions.LoginfailOperate.getLoginName(LoginfailOperate.java:50)
	at com.liangxin.actions.LoginfailOperate.getLoginName(LoginfailOperate.java:50)
	at com.liangxin.actions.LoginfailOperate.getLoginName(LoginfailOperate.java:50)
	at com.liangxin.actions.LoginfailOperate.getLoginName(LoginfailOperate.java:50)
	at com.liangxin.actions.LoginfailOperate.getLoginName(LoginfailOperate.java:50)
	at com.liangxin.actions.LoginfailOperate.getLoginName(LoginfailOperate.java:50)
	at com.liangxin.actions.LoginfailOperate.getLoginName(LoginfailOperate.java:50)
	at com.liangxin.actions.LoginfailOperate.getLoginName(LoginfailOperate.java:50)
	at com.liangxin.actions.LoginfailOperate.getLoginName(LoginfailOperate.java:50)
	at com.liangxin.actions.LoginfailOperate.getLoginName(LoginfailOperate.java:50)
	at com.liangxin.actions.LoginfailOperate.getLoginName(LoginfailOperate.java:50)
	at com.liangxin.actions.LoginfailOperate.getLoginName(LoginfailOperate.java:50)
	at com.liangxin.actions.LoginfailOperate.getLoginName(LoginfailOperate.java:50)
	at com.liangxin.actions.LoginfailOperate.getLoginName(LoginfailOperate.java:50)
	at com.liangxin.actions.LoginfailOperate.getLoginName(LoginfailOperate.java:50)
	at com.liangxin.actions.LoginfailOperate.getLoginName(LoginfailOperate.java:50)
	at com.liangxin.actions.LoginfailOperate.getLoginName(LoginfailOperate.java:50)
	at com.liangxin.actions.LoginfailOperate.getLoginName(LoginfailOperate.java:50)
	at com.liangxin.actions.LoginfailOperate.getLoginName(LoginfailOperate.java:50)
	at com.liangxin.actions.LoginfailOperate.getLoginName(LoginfailOperate.java:50)
	at com.liangxin.actions.LoginfailOperate.getLoginName(LoginfailOperate.java:50)
	at com.liangxin.actions.LoginfailOperate.getLoginName(LoginfailOperate.java:50)
	at com.liangxin.actions.LoginfailOperate.getLoginName(LoginfailOperate.java:50)
	at com.liangxin.actions.LoginfailOperate.getLoginName(LoginfailOperate.java:50)
	at com.liangxin.actions.LoginfailOperate.getLoginName(LoginfailOperate.java:50)
	at com.liangxin.actions.LoginfailOperate.getLoginName(LoginfailOperate.java:50)
	at com.liangxin.actions.LoginfailOperate.getLoginName(LoginfailOperate.java:50)
	at com.liangxin.actions.LoginfailOperate.getLoginName(LoginfailOperate.java:50)
	at com.liangxin.actions.LoginfailOperate.getLoginName(LoginfailOperate.java:50)
	at com.liangxin.actions.LoginfailOperate.getLoginName(LoginfailOperate.java:50)
	at com.liangxin.actions.LoginfailOperate.getLoginName(LoginfailOperate.java:50)
	at com.liangxin.actions.LoginfailOperate.getLoginName(LoginfailOperate.java:50)
	at com.liangxin.actions.LoginfailOperate.getLoginName(LoginfailOperate.java:50)
	at com.liangxin.actions.LoginfailOperate.getLoginName(LoginfailOperate.java:50)
	at com.liangxin.actions.LoginfailOperate.getLoginName(LoginfailOperate.java:50)
	at com.liangxin.actions.LoginfailOperate.getLoginName(LoginfailOperate.java:50)
	at com.liangxin.actions.LoginfailOperate.getLoginName(LoginfailOperate.java:50)
	at com.liangxin.actions.LoginfailOperate.getLoginName(LoginfailOperate.java:50)
	at com.liangxin.actions.LoginfailOperate.getLoginName(LoginfailOperate.java:50)
	at com.liangxin.actions.LoginfailOperate.getLoginName(LoginfailOperate.java:50)
	at com.liangxin.actions.LoginfailOperate.getLoginName(LoginfailOperate.java:50)
	at com.liangxin.actions.LoginfailOperate.getLoginName(LoginfailOperate.java:50)
	at com.liangxin.actions.LoginfailOperate.getLoginName(LoginfailOperate.java:50)
	at com.liangxin.actions.LoginfailOperate.getLoginName(LoginfailOperate.java:50)
	at com.liangxin.actions.LoginfailOperate.getLoginName(LoginfailOperate.java:50)
	at com.liangxin.actions.LoginfailOperate.getLoginName(LoginfailOperate.java:50)
	at com.liangxin.actions.LoginfailOperate.getLoginName(LoginfailOperate.java:50)
	at com.liangxin.actions.LoginfailOperate.getLoginName(LoginfailOperate.java:50)
	at com.liangxin.actions.LoginfailOperate.getLoginName(LoginfailOperate.java:50)
	at com.liangxin.actions.LoginfailOperate.getLoginName(LoginfailOperate.java:50)
	at com.liangxin.actions.LoginfailOperate.getLoginName(LoginfailOperate.java:50)
	at com.liangxin.actions.LoginfailOperate.getLoginName(LoginfailOperate.java:50)
	at com.liangxin.actions.LoginfailOperate.getLoginName(LoginfailOperate.java:50)
	at com.liangxin.actions.LoginfailOperate.getLoginName(LoginfailOperate.java:50)
	at com.liangxin.actions.LoginfailOperate.getLoginName(LoginfailOperate.java:50)
	at com.liangxin.actions.LoginfailOperate.getLoginName(LoginfailOperate.java:50)
	at com.liangxin.actions.LoginfailOperate.getLoginName(LoginfailOperate.java:50)
	at com.liangxin.actions.LoginfailOperate.getLoginName(LoginfailOperate.java:50)
	at com.liangxin.actions.LoginfailOperate.getLoginName(LoginfailOperate.java:50)
	at com.liangxin.actions.LoginfailOperate.getLoginName(LoginfailOperate.java:50)
	at com.liangxin.actions.LoginfailOperate.getLoginName(LoginfailOperate.java:50)
	at com.liangxin.actions.LoginfailOperate.getLoginName(LoginfailOperate.java:50)
	at com.liangxin.actions.LoginfailOperate.getLoginName(LoginfailOperate.java:50)
	at com.liangxin.actions.LoginfailOperate.getLoginName(LoginfailOperate.java:50)
	at com.liangxin.actions.LoginfailOperate.getLoginName(LoginfailOperate.java:50)
	at com.liangxin.actions.LoginfailOperate.getLoginName(LoginfailOperate.java:50)
	at com.liangxin.actions.LoginfailOperate.getLoginName(LoginfailOperate.java:50)
	at com.liangxin.actions.LoginfailOperate.getLoginName(LoginfailOperate.java:50)
	at com.liangxin.actions.LoginfailOperate.getLoginName(LoginfailOperate.java:50)
	at com.liangxin.actions.LoginfailOperate.getLoginName(LoginfailOperate.java:50)
	at com.liangxin.actions.LoginfailOperate.getLoginName(LoginfailOperate.java:50)
	at com.liangxin.actions.LoginfailOperate.getLoginName(LoginfailOperate.java:50)
	at com.liangxin.actions.LoginfailOperate.getLoginName(LoginfailOperate.java:50)
	at com.liangxin.actions.LoginfailOperate.getLoginName(LoginfailOperate.java:50)
	at com.liangxin.actions.LoginfailOperate.getLoginName(LoginfailOperate.java:50)
	at com.liangxin.actions.LoginfailOperate.getLoginName(LoginfailOperate.java:50)
	at com.liangxin.actions.LoginfailOperate.getLoginName(LoginfailOperate.java:50)
	at com.liangxin.actions.LoginfailOperate.getLoginName(LoginfailOperate.java:50)
	at com.liangxin.actions.LoginfailOperate.getLoginName(LoginfailOperate.java:50)
	at com.liangxin.actions.LoginfailOperate.getLoginName(LoginfailOperate.java:50)
	at com.liangxin.actions.LoginfailOperate.getLoginName(LoginfailOperate.java:50)
	at com.liangxin.actions.LoginfailOperate.getLoginName(LoginfailOperate.java:50)
	at com.liangxin.actions.LoginfailOperate.getLoginName(LoginfailOperate.java:50)
	at com.liangxin.actions.LoginfailOperate.getLoginName(LoginfailOperate.java:50)
	at com.liangxin.actions.LoginfailOperate.getLoginName(LoginfailOperate.java:50)
	at com.liangxin.actions.LoginfailOperate.getLoginName(LoginfailOperate.java:50)
	at com.liangxin.actions.LoginfailOperate.getLoginName(LoginfailOperate.java:50)
	at com.liangxin.actions.LoginfailOperate.getLoginName(LoginfailOperate.java:50)
	at com.liangxin.actions.LoginfailOperate.getLoginName(LoginfailOperate.java:50)
	at com.liangxin.actions.LoginfailOperate.getLoginName(LoginfailOperate.java:50)
	at com.liangxin.actions.LoginfailOperate.getLoginName(LoginfailOperate.java:50)
	at com.liangxin.actions.LoginfailOperate.getLoginName(LoginfailOperate.java:50)
	at com.liangxin.actions.LoginfailOperate.getLoginName(LoginfailOperate.java:50)
	at com.liangxin.actions.LoginfailOperate.getLoginName(LoginfailOperate.java:50)
	at com.liangxin.actions.LoginfailOperate.getLoginName(LoginfailOperate.java:50)
	at com.liangxin.actions.LoginfailOperate.getLoginName(LoginfailOperate.java:50)
	at com.liangxin.actions.LoginfailOperate.getLoginName(LoginfailOperate.java:50)
	at com.liangxin.actions.LoginfailOperate.getLoginName(LoginfailOperate.java:50)
	at com.liangxin.actions.LoginfailOperate.getLoginName(LoginfailOperate.java:50)
	at com.liangxin.actions.LoginfailOperate.getLoginName(LoginfailOperate.java:50)
	at com.liangxin.actions.LoginfailOperate.getLoginName(LoginfailOperate.java:50)
	at com.liangxin.actions.LoginfailOperate.getLoginName(LoginfailOperate.java:50)
	at com.liangxin.actions.LoginfailOperate.getLoginName(LoginfailOperate.java:50)
	at com.liangxin.actions.LoginfailOperate.getLoginName(LoginfailOperate.java:50)
	at com.liangxin.actions.LoginfailOperate.getLoginName(LoginfailOperate.java:50)
	at com.liangxin.actions.LoginfailOperate.getLoginName(LoginfailOperate.java:50)
	at com.liangxin.actions.LoginfailOperate.getLoginName(LoginfailOperate.java:50)
	at com.liangxin.actions.LoginfailOperate.getLoginName(LoginfailOperate.java:50)
	at com.liangxin.actions.LoginfailOperate.getLoginName(LoginfailOperate.java:50)
	at com.liangxin.actions.LoginfailOperate.getLoginName(LoginfailOperate.java:50)
	at com.liangxin.actions.LoginfailOperate.getLoginName(LoginfailOperate.java:50)
	at com.liangxin.actions.LoginfailOperate.getLoginName(LoginfailOperate.java:50)
	at com.liangxin.actions.LoginfailOperate.getLoginName(LoginfailOperate.java:50)
	at com.liangxin.actions.LoginfailOperate.getLoginName(LoginfailOperate.java:50)
	at com.liangxin.actions.LoginfailOperate.getLoginName(LoginfailOperate.java:50)
	at com.liangxin.actions.LoginfailOperate.getLoginName(LoginfailOperate.java:50)
	at com.liangxin.actions.LoginfailOperate.getLoginName(LoginfailOperate.java:50)
	at com.liangxin.actions.LoginfailOperate.getLoginName(LoginfailOperate.java:50)
	at com.liangxin.actions.LoginfailOperate.getLoginName(LoginfailOperate.java:50)
	at com.liangxin.actions.LoginfailOperate.getLoginName(LoginfailOperate.java:50)
	at com.liangxin.actions.LoginfailOperate.getLoginName(LoginfailOperate.java:50)
	at com.liangxin.actions.LoginfailOperate.getLoginName(LoginfailOperate.java:50)
	at com.liangxin.actions.LoginfailOperate.getLoginName(LoginfailOperate.java:50)
	at com.liangxin.actions.LoginfailOperate.getLoginName(LoginfailOperate.java:50)
	at com.liangxin.actions.LoginfailOperate.getLoginName(LoginfailOperate.java:50)
	at com.liangxin.actions.LoginfailOperate.getLoginName(LoginfailOperate.java:50)
	at com.liangxin.actions.LoginfailOperate.getLoginName(LoginfailOperate.java:50)
	at com.liangxin.actions.LoginfailOperate.getLoginName(LoginfailOperate.java:50)
	at com.liangxin.actions.LoginfailOperate.getLoginName(LoginfailOperate.java:50)
	at com.liangxin.actions.LoginfailOperate.getLoginName(LoginfailOperate.java:50)
	at com.liangxin.actions.LoginfailOperate.getLoginName(LoginfailOperate.java:50)
	at com.liangxin.actions.LoginfailOperate.getLoginName(LoginfailOperate.java:50)
	at com.liangxin.actions.LoginfailOperate.getLoginName(LoginfailOperate.java:50)
	at com.liangxin.actions.LoginfailOperate.getLoginName(LoginfailOperate.java:50)
	at com.liangxin.actions.LoginfailOperate.getLoginName(LoginfailOperate.java:50)
	at com.liangxin.actions.LoginfailOperate.getLoginName(LoginfailOperate.java:50)
	at com.liangxin.actions.LoginfailOperate.getLoginName(LoginfailOperate.java:50)
	at com.liangxin.actions.LoginfailOperate.getLoginName(LoginfailOperate.java:50)
	at com.liangxin.actions.LoginfailOperate.getLoginName(LoginfailOperate.java:50)
	at com.liangxin.actions.LoginfailOperate.getLoginName(LoginfailOperate.java:50)
	at com.liangxin.actions.LoginfailOperate.getLoginName(LoginfailOperate.java:50)
	at com.liangxin.actions.LoginfailOperate.getLoginName(LoginfailOperate.java:50)
	at com.liangxin.actions.LoginfailOperate.getLoginName(LoginfailOperate.java:50)
	at com.liangxin.actions.LoginfailOperate.getLoginName(LoginfailOperate.java:50)
	at com.liangxin.actions.LoginfailOperate.getLoginName(LoginfailOperate.java:50)
	at com.liangxin.actions.LoginfailOperate.getLoginName(LoginfailOperate.java:50)
	at com.liangxin.actions.LoginfailOperate.getLoginName(LoginfailOperate.java:50)
	at com.liangxin.actions.LoginfailOperate.getLoginName(LoginfailOperate.java:50)
	at com.liangxin.actions.LoginfailOperate.getLoginName(LoginfailOperate.java:50)
	at com.liangxin.actions.LoginfailOperate.getLoginName(LoginfailOperate.java:50)
	at com.liangxin.actions.LoginfailOperate.getLoginName(LoginfailOperate.java:50)
	at com.liangxin.actions.LoginfailOperate.getLoginName(LoginfailOperate.java:50)
	at com.liangxin.actions.LoginfailOperate.getLoginName(LoginfailOperate.java:50)
	at com.liangxin.actions.LoginfailOperate.getLoginName(LoginfailOperate.java:50)
	at com.liangxin.actions.LoginfailOperate.getLoginName(LoginfailOperate.java:50)
	at com.liangxin.actions.LoginfailOperate.getLoginName(LoginfailOperate.java:50)
	at com.liangxin.actions.LoginfailOperate.getLoginName(LoginfailOperate.java:50)
	at com.liangxin.actions.LoginfailOperate.getLoginName(LoginfailOperate.java:50)
	at com.liangxin.actions.LoginfailOperate.getLoginName(LoginfailOperate.java:50)
	at com.liangxin.actions.LoginfailOperate.getLoginName(LoginfailOperate.java:50)
	at com.liangxin.actions.LoginfailOperate.getLoginName(LoginfailOperate.java:50)
	at com.liangxin.actions.LoginfailOperate.getLoginName(LoginfailOperate.java:50)
	at com.liangxin.actions.LoginfailOperate.getLoginName(LoginfailOperate.java:50)
	at com.liangxin.actions.LoginfailOperate.getLoginName(LoginfailOperate.java:50)
	at com.liangxin.actions.LoginfailOperate.getLoginName(LoginfailOperate.java:50)
	at com.liangxin.actions.LoginfailOperate.getLoginName(LoginfailOperate.java:50)
	at com.liangxin.actions.LoginfailOperate.getLoginName(LoginfailOperate.java:50)
	at com.liangxin.actions.LoginfailOperate.getLoginName(LoginfailOperate.java:50)
	at com.liangxin.actions.LoginfailOperate.getLoginName(LoginfailOperate.java:50)
	at com.liangxin.actions.LoginfailOperate.getLoginName(LoginfailOperate.java:50)
	at com.liangxin.actions.LoginfailOperate.getLoginName(LoginfailOperate.java:50)
	at com.liangxin.actions.LoginfailOperate.getLoginName(LoginfailOperate.java:50)
	at com.liangxin.actions.LoginfailOperate.getLoginName(LoginfailOperate.java:50)
	at com.liangxin.actions.LoginfailOperate.getLoginName(LoginfailOperate.java:50)
	at com.liangxin.actions.LoginfailOperate.getLoginName(LoginfailOperate.java:50)
	at com.liangxin.actions.LoginfailOperate.getLoginName(LoginfailOperate.java:50)
	at com.liangxin.actions.LoginfailOperate.getLoginName(LoginfailOperate.java:50)
	at com.liangxin.actions.LoginfailOperate.getLoginName(LoginfailOperate.java:50)
	at com.liangxin.actions.LoginfailOperate.getLoginName(LoginfailOperate.java:50)
	at com.liangxin.actions.LoginfailOperate.getLoginName(LoginfailOperate.java:50)
	at com.liangxin.actions.LoginfailOperate.getLoginName(LoginfailOperate.java:50)
	at com.liangxin.actions.LoginfailOperate.getLoginName(LoginfailOperate.java:50)
	at com.liangxin.actions.LoginfailOperate.getLoginName(LoginfailOperate.java:50)
	at com.liangxin.actions.LoginfailOperate.getLoginName(LoginfailOperate.java:50)
	at com.liangxin.actions.LoginfailOperate.getLoginName(LoginfailOperate.java:50)
	at com.liangxin.actions.LoginfailOperate.getLoginName(LoginfailOperate.java:50)
	at com.liangxin.actions.LoginfailOperate.getLoginName(LoginfailOperate.java:50)
	at com.liangxin.actions.LoginfailOperate.getLoginName(LoginfailOperate.java:50)
	at com.liangxin.actions.LoginfailOperate.getLoginName(LoginfailOperate.java:50)
	at com.liangxin.actions.LoginfailOperate.getLoginName(LoginfailOperate.java:50)
	at com.liangxin.actions.LoginfailOperate.getLoginName(LoginfailOperate.java:50)
	at com.liangxin.actions.LoginfailOperate.getLoginName(LoginfailOperate.java:50)
	at com.liangxin.actions.LoginfailOperate.getLoginName(LoginfailOperate.java:50)
	at com.liangxin.actions.LoginfailOperate.getLoginName(LoginfailOperate.java:50)
	at com.liangxin.actions.LoginfailOperate.getLoginName(LoginfailOperate.java:50)
	at com.liangxin.actions.LoginfailOperate.getLoginName(LoginfailOperate.java:50)
	at com.liangxin.actions.LoginfailOperate.getLoginName(LoginfailOperate.java:50)
	at com.liangxin.actions.LoginfailOperate.getLoginName(LoginfailOperate.java:50)
	at com.liangxin.actions.LoginfailOperate.getLoginName(LoginfailOperate.java:50)
	at com.liangxin.actions.LoginfailOperate.getLoginName(LoginfailOperate.java:50)
	at com.liangxin.actions.LoginfailOperate.getLoginName(LoginfailOperate.java:50)
	at com.liangxin.actions.LoginfailOperate.getLoginName(LoginfailOperate.java:50)
	at com.liangxin.actions.LoginfailOperate.getLoginName(LoginfailOperate.java:50)
	at com.liangxin.actions.LoginfailOperate.getLoginName(LoginfailOperate.java:50)
	at com.liangxin.actions.LoginfailOperate.getLoginName(LoginfailOperate.java:50)
	at com.liangxin.actions.LoginfailOperate.getLoginName(LoginfailOperate.java:50)
	at com.liangxin.actions.LoginfailOperate.getLoginName(LoginfailOperate.java:50)
	at com.liangxin.actions.LoginfailOperate.getLoginName(LoginfailOperate.java:50)
	at com.liangxin.actions.LoginfailOperate.getLoginName(LoginfailOperate.java:50)
	at com.liangxin.actions.LoginfailOperate.getLoginName(LoginfailOperate.java:50)
	at com.liangxin.actions.LoginfailOperate.getLoginName(LoginfailOperate.java:50)
	at com.liangxin.actions.LoginfailOperate.getLoginName(LoginfailOperate.java:50)
	at com.liangxin.actions.LoginfailOperate.getLoginName(LoginfailOperate.java:50)
	at com.liangxin.actions.LoginfailOperate.getLoginName(LoginfailOperate.java:50)
	at com.liangxin.actions.LoginfailOperate.getLoginName(LoginfailOperate.java:50)
	at com.liangxin.actions.LoginfailOperate.getLoginName(LoginfailOperate.java:50)
	at com.liangxin.actions.LoginfailOperate.getLoginName(LoginfailOperate.java:50)
	at com.liangxin.actions.LoginfailOperate.getLoginName(LoginfailOperate.java:50)
	at com.liangxin.actions.LoginfailOperate.getLoginName(LoginfailOperate.java:50)
	at com.liangxin.actions.LoginfailOperate.getLoginName(LoginfailOperate.java:50)
	at com.liangxin.actions.LoginfailOperate.getLoginName(LoginfailOperate.java:50)
	at com.liangxin.actions.LoginfailOperate.getLoginName(LoginfailOperate.java:50)
	at com.liangxin.actions.LoginfailOperate.getLoginName(LoginfailOperate.java:50)
	at com.liangxin.actions.LoginfailOperate.getLoginName(LoginfailOperate.java:50)
	at com.liangxin.actions.LoginfailOperate.getLoginName(LoginfailOperate.java:50)
	at com.liangxin.actions.LoginfailOperate.getLoginName(LoginfailOperate.java:50)
	at com.liangxin.actions.LoginfailOperate.getLoginName(LoginfailOperate.java:50)
	at com.liangxin.actions.LoginfailOperate.getLoginName(LoginfailOperate.java:50)
	at com.liangxin.actions.LoginfailOperate.getLoginName(LoginfailOperate.java:50)
	at com.liangxin.actions.LoginfailOperate.getLoginName(LoginfailOperate.java:50)
	at com.liangxin.actions.LoginfailOperate.getLoginName(LoginfailOperate.java:50)
	at com.liangxin.actions.LoginfailOperate.getLoginName(LoginfailOperate.java:50)
	at com.liangxin.actions.LoginfailOperate.getLoginName(LoginfailOperate.java:50)
	at com.liangxin.actions.LoginfailOperate.getLoginName(LoginfailOperate.java:50)
	at com.liangxin.actions.LoginfailOperate.getLoginName(LoginfailOperate.java:50)
	at com.liangxin.actions.LoginfailOperate.getLoginName(LoginfailOperate.java:50)
	at com.liangxin.actions.LoginfailOperate.getLoginName(LoginfailOperate.java:50)
	at com.liangxin.actions.LoginfailOperate.getLoginName(LoginfailOperate.java:50)
	at com.liangxin.actions.LoginfailOperate.getLoginName(LoginfailOperate.java:50)
	at com.liangxin.actions.LoginfailOperate.getLoginName(LoginfailOperate.java:50)
	at com.liangxin.actions.LoginfailOperate.getLoginName(LoginfailOperate.java:50)
	at com.liangxin.actions.LoginfailOperate.getLoginName(LoginfailOperate.java:50)
	at com.liangxin.actions.LoginfailOperate.getLoginName(LoginfailOperate.java:50)
	at com.liangxin.actions.LoginfailOperate.getLoginName(LoginfailOperate.java:50)
	at com.liangxin.actions.LoginfailOperate.getLoginName(LoginfailOperate.java:50)
	at com.liangxin.actions.LoginfailOperate.getLoginName(LoginfailOperate.java:50)
	at com.liangxin.actions.LoginfailOperate.getLoginName(LoginfailOperate.java:50)
	at com.liangxin.actions.LoginfailOperate.getLoginName(LoginfailOperate.java:50)
	at com.liangxin.actions.LoginfailOperate.getLoginName(LoginfailOperate.java:50)
	at com.liangxin.actions.LoginfailOperate.getLoginName(LoginfailOperate.java:50)
	at com.liangxin.actions.LoginfailOperate.getLoginName(LoginfailOperate.java:50)
	at com.liangxin.actions.LoginfailOperate.getLoginName(LoginfailOperate.java:50)
	at com.liangxin.actions.LoginfailOperate.getLoginName(LoginfailOperate.java:50)
	at com.liangxin.actions.LoginfailOperate.getLoginName(LoginfailOperate.java:50)
	at com.liangxin.actions.LoginfailOperate.getLoginName(LoginfailOperate.java:50)
	at com.liangxin.actions.LoginfailOperate.getLoginName(LoginfailOperate.java:50)
	at com.liangxin.actions.LoginfailOperate.getLoginName(LoginfailOperate.java:50)
	at com.liangxin.actions.LoginfailOperate.getLoginName(LoginfailOperate.java:50)
	at com.liangxin.actions.LoginfailOperate.getLoginName(LoginfailOperate.java:50)
	at com.liangxin.actions.LoginfailOperate.getLoginName(LoginfailOperate.java:50)
	at com.liangxin.actions.LoginfailOperate.getLoginName(LoginfailOperate.java:50)
	at com.liangxin.actions.LoginfailOperate.getLoginName(LoginfailOperate.java:50)
	at com.liangxin.actions.LoginfailOperate.getLoginName(LoginfailOperate.java:50)
	at com.liangxin.actions.LoginfailOperate.getLoginName(LoginfailOperate.java:50)
	at com.liangxin.actions.LoginfailOperate.getLoginName(LoginfailOperate.java:50)
	at com.liangxin.actions.LoginfailOperate.getLoginName(LoginfailOperate.java:50)
	at com.liangxin.actions.LoginfailOperate.getLoginName(LoginfailOperate.java:50)
	at com.liangxin.actions.LoginfailOperate.getLoginName(LoginfailOperate.java:50)
	at com.liangxin.actions.LoginfailOperate.getLoginName(LoginfailOperate.java:50)
	at com.liangxin.actions.LoginfailOperate.getLoginName(LoginfailOperate.java:50)
	at com.liangxin.actions.LoginfailOperate.getLoginName(LoginfailOperate.java:50)
	at com.liangxin.actions.LoginfailOperate.getLoginName(LoginfailOperate.java:50)
	at com.liangxin.actions.LoginfailOperate.getLoginName(LoginfailOperate.java:50)
	at com.liangxin.actions.LoginfailOperate.getLoginName(LoginfailOperate.java:50)
	at com.liangxin.actions.LoginfailOperate.getLoginName(LoginfailOperate.java:50)
	at com.liangxin.actions.LoginfailOperate.getLoginName(LoginfailOperate.java:50)
	at com.liangxin.actions.LoginfailOperate.getLoginName(LoginfailOperate.java:50)
	at com.liangxin.actions.LoginfailOperate.getLoginName(LoginfailOperate.java:50)
	at com.liangxin.actions.LoginfailOperate.getLoginName(LoginfailOperate.java:50)
	at com.liangxin.actions.LoginfailOperate.getLoginName(LoginfailOperate.java:50)
	at com.liangxin.actions.LoginfailOperate.getLoginName(LoginfailOperate.java:50)
	at com.liangxin.actions.LoginfailOperate.getLoginName(LoginfailOperate.java:50)
	at com.liangxin.actions.LoginfailOperate.getLoginName(LoginfailOperate.java:50)
	at com.liangxin.actions.LoginfailOperate.getLoginName(LoginfailOperate.java:50)
	at com.liangxin.actions.LoginfailOperate.getLoginName(LoginfailOperate.java:50)
	at com.liangxin.actions.LoginfailOperate.getLoginName(LoginfailOperate.java:50)
	at com.liangxin.actions.LoginfailOperate.getLoginName(LoginfailOperate.java:50)
	at com.liangxin.actions.LoginfailOperate.getLoginName(LoginfailOperate.java:50)
	at com.liangxin.actions.LoginfailOperate.getLoginName(LoginfailOperate.java:50)
	at com.liangxin.actions.LoginfailOperate.getLoginName(LoginfailOperate.java:50)
	at com.liangxin.actions.LoginfailOperate.getLoginName(LoginfailOperate.java:50)
	at com.liangxin.actions.LoginfailOperate.getLoginName(LoginfailOperate.java:50)
	at com.liangxin.actions.LoginfailOperate.getLoginName(LoginfailOperate.java:50)
	at com.liangxin.actions.LoginfailOperate.getLoginName(LoginfailOperate.java:50)
	at com.liangxin.actions.LoginfailOperate.getLoginName(LoginfailOperate.java:50)
	at com.liangxin.actions.LoginfailOperate.getLoginName(LoginfailOperate.java:50)
	at com.liangxin.actions.LoginfailOperate.getLoginName(LoginfailOperate.java:50)
	at com.liangxin.actions.LoginfailOperate.getLoginName(LoginfailOperate.java:50)
	at com.liangxin.actions.LoginfailOperate.getLoginName(LoginfailOperate.java:50)
	at com.liangxin.actions.LoginfailOperate.getLoginName(LoginfailOperate.java:50)
	at com.liangxin.actions.LoginfailOperate.getLoginName(LoginfailOperate.java:50)
	at com.liangxin.actions.LoginfailOperate.getLoginName(LoginfailOperate.java:50)
	at com.liangxin.actions.LoginfailOperate.getLoginName(LoginfailOperate.java:50)
	at com.liangxin.actions.LoginfailOperate.getLoginName(LoginfailOperate.java:50)
	at com.liangxin.actions.LoginfailOperate.getLoginName(LoginfailOperate.java:50)
	at com.liangxin.actions.LoginfailOperate.getLoginName(LoginfailOperate.java:50)
	at com.liangxin.actions.LoginfailOperate.getLoginName(LoginfailOperate.java:50)
	at com.liangxin.actions.LoginfailOperate.getLoginName(LoginfailOperate.java:50)
	at com.liangxin.actions.LoginfailOperate.getLoginName(LoginfailOperate.java:50)
	at com.liangxin.actions.LoginfailOperate.getLoginName(LoginfailOperate.java:50)
	at com.liangxin.actions.LoginfailOperate.getLoginName(LoginfailOperate.java:50)
	at com.liangxin.actions.LoginfailOperate.getLoginName(LoginfailOperate.java:50)
	at com.liangxin.actions.LoginfailOperate.getLoginName(LoginfailOperate.java:50)
	at com.liangxin.actions.LoginfailOperate.getLoginName(LoginfailOperate.java:50)
	at com.liangxin.actions.LoginfailOperate.getLoginName(LoginfailOperate.java:50)
	at com.liangxin.actions.LoginfailOperate.getLoginName(LoginfailOperate.java:50)
	at com.liangxin.actions.LoginfailOperate.getLoginName(LoginfailOperate.java:50)
	at com.liangxin.actions.LoginfailOperate.getLoginName(LoginfailOperate.java:50)
	at com.liangxin.actions.LoginfailOperate.getLoginName(LoginfailOperate.java:50)
	at com.liangxin.actions.LoginfailOperate.getLoginName(LoginfailOperate.java:50)
	at com.liangxin.actions.LoginfailOperate.getLoginName(LoginfailOperate.java:50)
	at com.liangxin.actions.LoginfailOperate.getLoginName(LoginfailOperate.java:50)
	at com.liangxin.actions.LoginfailOperate.getLoginName(LoginfailOperate.java:50)
	at com.liangxin.actions.LoginfailOperate.getLoginName(LoginfailOperate.java:50)
	at com.liangxin.actions.LoginfailOperate.getLoginName(LoginfailOperate.java:50)
	at com.liangxin.actions.LoginfailOperate.getLoginName(LoginfailOperate.java:50)
	at com.liangxin.actions.LoginfailOperate.getLoginName(LoginfailOperate.java:50)
	at com.liangxin.actions.LoginfailOperate.getLoginName(LoginfailOperate.java:50)
	at com.liangxin.actions.LoginfailOperate.getLoginName(LoginfailOperate.java:50)
	at com.liangxin.actions.LoginfailOperate.getLoginName(LoginfailOperate.java:50)
	at com.liangxin.actions.LoginfailOperate.getLoginName(LoginfailOperate.java:50)
	at com.liangxin.actions.LoginfailOperate.getLoginName(LoginfailOperate.java:50)
	at com.liangxin.actions.LoginfailOperate.getLoginName(LoginfailOperate.java:50)
	at com.liangxin.actions.LoginfailOperate.getLoginName(LoginfailOperate.java:50)
	at com.liangxin.actions.LoginfailOperate.getLoginName(LoginfailOperate.java:50)
	at com.liangxin.actions.LoginfailOperate.getLoginName(LoginfailOperate.java:50)
	at com.liangxin.actions.LoginfailOperate.getLoginName(LoginfailOperate.java:50)
	at com.liangxin.actions.LoginfailOperate.getLoginName(LoginfailOperate.java:50)
	at com.liangxin.actions.LoginfailOperate.getLoginName(LoginfailOperate.java:50)
	at com.liangxin.actions.LoginfailOperate.getLoginName(LoginfailOperate.java:50)
	at com.liangxin.actions.LoginfailOperate.getLoginName(LoginfailOperate.java:50)
	at com.liangxin.actions.LoginfailOperate.getLoginName(LoginfailOperate.java:50)
	at com.liangxin.actions.LoginfailOperate.getLoginName(LoginfailOperate.java:50)
	at com.liangxin.actions.LoginfailOperate.getLoginName(LoginfailOperate.java:50)
	at com.liangxin.actions.LoginfailOperate.getLoginName(LoginfailOperate.java:50)
	at com.liangxin.actions.LoginfailOperate.getLoginName(LoginfailOperate.java:50)
	at com.liangxin.actions.LoginfailOperate.getLoginName(LoginfailOperate.java:50)
	at com.liangxin.actions.LoginfailOperate.getLoginName(LoginfailOperate.java:50)
	at com.liangxin.actions.LoginfailOperate.getLoginName(LoginfailOperate.java:50)
	at com.liangxin.actions.LoginfailOperate.getLoginName(LoginfailOperate.java:50)
	at com.liangxin.actions.LoginfailOperate.getLoginName(LoginfailOperate.java:50)
	at com.liangxin.actions.LoginfailOperate.getLoginName(LoginfailOperate.java:50)
	at com.liangxin.actions.LoginfailOperate.getLoginName(LoginfailOperate.java:50)
	at com.liangxin.actions.LoginfailOperate.getLoginName(LoginfailOperate.java:50)
	at com.liangxin.actions.LoginfailOperate.getLoginName(LoginfailOperate.java:50)
	at com.liangxin.actions.LoginfailOperate.getLoginName(LoginfailOperate.java:50)
	at com.liangxin.actions.LoginfailOperate.getLoginName(LoginfailOperate.java:50)
	at com.liangxin.actions.LoginfailOperate.getLoginName(LoginfailOperate.java:50)
	at com.liangxin.actions.LoginfailOperate.getLoginName(LoginfailOperate.java:50)
	at com.liangxin.actions.LoginfailOperate.getLoginName(LoginfailOperate.java:50)
	at com.liangxin.actions.LoginfailOperate.getLoginName(LoginfailOperate.java:50)
	at com.liangxin.actions.LoginfailOperate.getLoginName(LoginfailOperate.java:50)
	at com.liangxin.actions.LoginfailOperate.getLoginName(LoginfailOperate.java:50)
	at com.liangxin.actions.LoginfailOperate.getLoginName(LoginfailOperate.java:50)
	at com.liangxin.actions.LoginfailOperate.getLoginName(LoginfailOperate.java:50)
	at com.liangxin.actions.LoginfailOperate.getLoginName(LoginfailOperate.java:50)
	at com.liangxin.actions.LoginfailOperate.getLoginName(LoginfailOperate.java:50)
	at com.liangxin.actions.LoginfailOperate.getLoginName(LoginfailOperate.java:50)
	at com.liangxin.actions.LoginfailOperate.getLoginName(LoginfailOperate.java:50)
	at com.liangxin.actions.LoginfailOperate.getLoginName(LoginfailOperate.java:50)
	at com.liangxin.actions.LoginfailOperate.getLoginName(LoginfailOperate.java:50)
	at com.liangxin.actions.LoginfailOperate.getLoginName(LoginfailOperate.java:50)
	at com.liangxin.actions.LoginfailOperate.getLoginName(LoginfailOperate.java:50)
	at com.liangxin.actions.LoginfailOperate.getLoginName(LoginfailOperate.java:50)
	at com.liangxin.actions.LoginfailOperate.getLoginName(LoginfailOperate.java:50)
	at com.liangxin.actions.LoginfailOperate.getLoginName(LoginfailOperate.java:50)
	at com.liangxin.actions.LoginfailOperate.getLoginName(LoginfailOperate.java:50)
	at com.liangxin.actions.LoginfailOperate.getLoginName(LoginfailOperate.java:50)
	at com.liangxin.actions.LoginfailOperate.getLoginName(LoginfailOperate.java:50)
	at com.liangxin.actions.LoginfailOperate.getLoginName(LoginfailOperate.java:50)
	at com.liangxin.actions.LoginfailOperate.getLoginName(LoginfailOperate.java:50)
	at com.liangxin.actions.LoginfailOperate.getLoginName(LoginfailOperate.java:50)
	at com.liangxin.actions.LoginfailOperate.getLoginName(LoginfailOperate.java:50)
	at com.liangxin.actions.LoginfailOperate.getLoginName(LoginfailOperate.java:50)
	at com.liangxin.actions.LoginfailOperate.getLoginName(LoginfailOperate.java:50)
	at com.liangxin.actions.LoginfailOperate.getLoginName(LoginfailOperate.java:50)
	at com.liangxin.actions.LoginfailOperate.getLoginName(LoginfailOperate.java:50)
	at com.liangxin.actions.LoginfailOperate.getLoginName(LoginfailOperate.java:50)
	at com.liangxin.actions.LoginfailOperate.getLoginName(LoginfailOperate.java:50)
	at com.liangxin.actions.LoginfailOperate.getLoginName(LoginfailOperate.java:50)
	at com.liangxin.actions.LoginfailOperate.getLoginName(LoginfailOperate.java:50)
	at com.liangxin.actions.LoginfailOperate.getLoginName(LoginfailOperate.java:50)
	at com.liangxin.actions.LoginfailOperate.getLoginName(LoginfailOperate.java:50)
	at com.liangxin.actions.LoginfailOperate.getLoginName(LoginfailOperate.java:50)
	at com.liangxin.actions.LoginfailOperate.getLoginName(LoginfailOperate.java:50)
	at com.liangxin.actions.LoginfailOperate.getLoginName(LoginfailOperate.java:50)
	at com.liangxin.actions.LoginfailOperate.getLoginName(LoginfailOperate.java:50)
	at com.liangxin.actions.LoginfailOperate.getLoginName(LoginfailOperate.java:50)
	at com.liangxin.actions.LoginfailOperate.getLoginName(LoginfailOperate.java:50)
	at com.liangxin.actions.LoginfailOperate.getLoginName(LoginfailOperate.java:50)
	at com.liangxin.actions.LoginfailOperate.getLoginName(LoginfailOperate.java:50)
	at com.liangxin.actions.LoginfailOperate.getLoginName(LoginfailOperate.java:50)
	at com.liangxin.actions.LoginfailOperate.getLoginName(LoginfailOperate.java:50)
	at com.liangxin.actions.LoginfailOperate.getLoginName(LoginfailOperate.java:50)
	at com.liangxin.actions.LoginfailOperate.getLoginName(LoginfailOperate.java:50)
	at com.liangxin.actions.LoginfailOperate.getLoginName(LoginfailOperate.java:50)
	at com.liangxin.actions.LoginfailOperate.getLoginName(LoginfailOperate.java:50)
	at com.liangxin.actions.LoginfailOperate.getLoginName(LoginfailOperate.java:50)
	at com.liangxin.actions.LoginfailOperate.getLoginName(LoginfailOperate.java:50)
	at com.liangxin.actions.LoginfailOperate.getLoginName(LoginfailOperate.java:50)
	at com.liangxin.actions.LoginfailOperate.getLoginName(LoginfailOperate.java:50)
	at com.liangxin.actions.LoginfailOperate.getLoginName(LoginfailOperate.java:50)
	at com.liangxin.actions.LoginfailOperate.getLoginName(LoginfailOperate.java:50)
	at com.liangxin.actions.LoginfailOperate.getLoginName(LoginfailOperate.java:50)
	at com.liangxin.actions.LoginfailOperate.getLoginName(LoginfailOperate.java:50)
	at com.liangxin.actions.LoginfailOperate.getLoginName(LoginfailOperate.java:50)
	at com.liangxin.actions.LoginfailOperate.getLoginName(LoginfailOperate.java:50)
	at com.liangxin.actions.LoginfailOperate.getLoginName(LoginfailOperate.java:50)
	at com.liangxin.actions.LoginfailOperate.getLoginName(LoginfailOperate.java:50)
	at com.liangxin.actions.LoginfailOperate.getLoginName(LoginfailOperate.java:50)
	at com.liangxin.actions.LoginfailOperate.getLoginName(LoginfailOperate.java:50)
	at com.liangxin.actions.LoginfailOperate.getLoginName(LoginfailOperate.java:50)
	at com.liangxin.actions.LoginfailOperate.getLoginName(LoginfailOperate.java:50)
	at com.liangxin.actions.LoginfailOperate.getLoginName(LoginfailOperate.java:50)
	at com.liangxin.actions.LoginfailOperate.getLoginName(LoginfailOperate.java:50)
	at com.liangxin.actions.LoginfailOperate.getLoginName(LoginfailOperate.java:50)
	at com.liangxin.actions.LoginfailOperate.getLoginName(LoginfailOperate.java:50)
	at com.liangxin.actions.LoginfailOperate.getLoginName(LoginfailOperate.java:50)
	at com.liangxin.actions.LoginfailOperate.getLoginName(LoginfailOperate.java:50)
	at com.liangxin.actions.LoginfailOperate.getLoginName(LoginfailOperate.java:50)
	at com.liangxin.actions.LoginfailOperate.getLoginName(LoginfailOperate.java:50)
	at com.liangxin.actions.LoginfailOperate.getLoginName(LoginfailOperate.java:50)
	at com.liangxin.actions.LoginfailOperate.getLoginName(LoginfailOperate.java:50)
	at com.liangxin.actions.LoginfailOperate.getLoginName(LoginfailOperate.java:50)
	at com.liangxin.actions.LoginfailOperate.getLoginName(LoginfailOperate.java:50)
	at com.liangxin.actions.LoginfailOperate.getLoginName(LoginfailOperate.java:50)
	at com.liangxin.actions.LoginfailOperate.getLoginName(LoginfailOperate.java:50)
	at com.liangxin.actions.LoginfailOperate.getLoginName(LoginfailOperate.java:50)
	at com.liangxin.actions.LoginfailOperate.getLoginName(LoginfailOperate.java:50)
	at com.liangxin.actions.LoginfailOperate.getLoginName(LoginfailOperate.java:50)
	at com.liangxin.actions.LoginfailOperate.getLoginName(LoginfailOperate.java:50)
	at com.liangxin.actions.LoginfailOperate.getLoginName(LoginfailOperate.java:50)
	at com.liangxin.actions.LoginfailOperate.getLoginName(LoginfailOperate.java:50)
	at com.liangxin.actions.LoginfailOperate.getLoginName(LoginfailOperate.java:50)
	at com.liangxin.actions.LoginfailOperate.getLoginName(LoginfailOperate.java:50)
	at com.liangxin.actions.LoginfailOperate.getLoginName(LoginfailOperate.java:50)
	at com.liangxin.actions.LoginfailOperate.getLoginName(LoginfailOperate.java:50)
	at com.liangxin.actions.LoginfailOperate.getLoginName(LoginfailOperate.java:50)
	at com.liangxin.actions.LoginfailOperate.getLoginName(LoginfailOperate.java:50)
	at com.liangxin.actions.LoginfailOperate.getLoginName(LoginfailOperate.java:50)
	at com.liangxin.actions.LoginfailOperate.getLoginName(LoginfailOperate.java:50)
	at com.liangxin.actions.LoginfailOperate.getLoginName(LoginfailOperate.java:50)
	at com.liangxin.actions.LoginfailOperate.getLoginName(LoginfailOperate.java:50)
	at com.liangxin.actions.LoginfailOperate.getLoginName(LoginfailOperate.java:50)
	at com.liangxin.actions.LoginfailOperate.getLoginName(LoginfailOperate.java:50)
	at com.liangxin.actions.LoginfailOperate.getLoginName(LoginfailOperate.java:50)
	at com.liangxin.actions.LoginfailOperate.getLoginName(LoginfailOperate.java:50)
	at com.liangxin.actions.LoginfailOperate.getLoginName(LoginfailOperate.java:50)
	at com.liangxin.actions.LoginfailOperate.getLoginName(LoginfailOperate.java:50)
	at com.liangxin.actions.LoginfailOperate.getLoginName(LoginfailOperate.java:50)
	at com.liangxin.actions.LoginfailOperate.getLoginName(LoginfailOperate.java:50)
	at com.liangxin.actions.LoginfailOperate.getLoginName(LoginfailOperate.java:50)
	at com.liangxin.actions.LoginfailOperate.getLoginName(LoginfailOperate.java:50)
	at com.liangxin.actions.LoginfailOperate.getLoginName(LoginfailOperate.java:50)
	at com.liangxin.actions.LoginfailOperate.getLoginName(LoginfailOperate.java:50)
	at com.liangxin.actions.LoginfailOperate.getLoginName(LoginfailOperate.java:50)
	at com.liangxin.actions.LoginfailOperate.getLoginName(LoginfailOperate.java:50)
	at com.liangxin.actions.LoginfailOperate.getLoginName(LoginfailOperate.java:50)
	at com.liangxin.actions.LoginfailOperate.getLoginName(LoginfailOperate.java:50)
	at com.liangxin.actions.LoginfailOperate.getLoginName(LoginfailOperate.java:50)
	at com.liangxin.actions.LoginfailOperate.getLoginName(LoginfailOperate.java:50)
	at com.liangxin.actions.LoginfailOperate.getLoginName(LoginfailOperate.java:50)
	at com.liangxin.actions.LoginfailOperate.getLoginName(LoginfailOperate.java:50)
	at com.liangxin.actions.LoginfailOperate.getLoginName(LoginfailOperate.java:50)
	at com.liangxin.actions.LoginfailOperate.getLoginName(LoginfailOperate.java:50)
	at com.liangxin.actions.LoginfailOperate.getLoginName(LoginfailOperate.java:50)
	at com.liangxin.actions.LoginfailOperate.getLoginName(LoginfailOperate.java:50)
	at com.liangxin.actions.LoginfailOperate.getLoginName(LoginfailOperate.java:50)
	at com.liangxin.actions.LoginfailOperate.getLoginName(LoginfailOperate.java:50)
	at com.liangxin.actions.LoginfailOperate.getLoginName(LoginfailOperate.java:50)
	at com.liangxin.actions.LoginfailOperate.getLoginName(LoginfailOperate.java:50)
	at com.liangxin.actions.LoginfailOperate.getLoginName(LoginfailOperate.java:50)
	at com.liangxin.actions.LoginfailOperate.getLoginName(LoginfailOperate.java:50)
	at com.liangxin.actions.LoginfailOperate.getLoginName(LoginfailOperate.java:50)
	at com.liangxin.actions.LoginfailOperate.getLoginName(LoginfailOperate.java:50)
	at com.liangxin.actions.LoginfailOperate.getLoginName(LoginfailOperate.java:50)
	at com.liangxin.actions.LoginfailOperate.getLoginName(LoginfailOperate.java:50)
	at com.liangxin.actions.LoginfailOperate.getLoginName(LoginfailOperate.java:50)
	at com.liangxin.actions.LoginfailOperate.getLoginName(LoginfailOperate.java:50)
	at com.liangxin.actions.LoginfailOperate.getLoginName(LoginfailOperate.java:50)
	at com.liangxin.actions.LoginfailOperate.getLoginName(LoginfailOperate.java:50)
	at com.liangxin.actions.LoginfailOperate.getLoginName(LoginfailOperate.java:50)
	at com.liangxin.actions.LoginfailOperate.getLoginName(LoginfailOperate.java:50)
	at com.liangxin.actions.LoginfailOperate.getLoginName(LoginfailOperate.java:50)
	at com.liangxin.actions.LoginfailOperate.getLoginName(LoginfailOperate.java:50)
	at com.liangxin.actions.LoginfailOperate.getLoginName(LoginfailOperate.java:50)
	at com.liangxin.actions.LoginfailOperate.getLoginName(LoginfailOperate.java:50)
	at com.liangxin.actions.LoginfailOperate.getLoginName(LoginfailOperate.java:50)
	at com.liangxin.actions.LoginfailOperate.getLoginName(LoginfailOperate.java:50)
	at com.liangxin.actions.LoginfailOperate.getLoginName(LoginfailOperate.java:50)
	at com.liangxin.actions.LoginfailOperate.getLoginName(LoginfailOperate.java:50)
	at com.liangxin.actions.LoginfailOperate.getLoginName(LoginfailOperate.java:50)
	at com.liangxin.actions.LoginfailOperate.getLoginName(LoginfailOperate.java:50)
	at com.liangxin.actions.LoginfailOperate.getLoginName(LoginfailOperate.java:50)
	at com.liangxin.actions.LoginfailOperate.getLoginName(LoginfailOperate.java:50)
	at com.liangxin.actions.LoginfailOperate.getLoginName(LoginfailOperate.java:50)
	at com.liangxin.actions.LoginfailOperate.getLoginName(LoginfailOperate.java:50)
	at com.liangxin.actions.LoginfailOperate.getLoginName(LoginfailOperate.java:50)
	at com.liangxin.actions.LoginfailOperate.getLoginName(LoginfailOperate.java:50)
	at com.liangxin.actions.LoginfailOperate.getLoginName(LoginfailOperate.java:50)
	at com.liangxin.actions.LoginfailOperate.getLoginName(LoginfailOperate.java:50)
	at com.liangxin.actions.LoginfailOperate.getLoginName(LoginfailOperate.java:50)
	at com.liangxin.actions.LoginfailOperate.getLoginName(LoginfailOperate.java:50)
	at com.liangxin.actions.LoginfailOperate.getLoginName(LoginfailOperate.java:50)
	at com.liangxin.actions.LoginfailOperate.getLoginName(LoginfailOperate.java:50)
	at com.liangxin.actions.LoginfailOperate.getLoginName(LoginfailOperate.java:50)
	at com.liangxin.actions.LoginfailOperate.getLoginName(LoginfailOperate.java:50)
	at com.liangxin.actions.LoginfailOperate.getLoginName(LoginfailOperate.java:50)
	at com.liangxin.actions.LoginfailOperate.getLoginName(LoginfailOperate.java:50)
	at com.liangxin.actions.LoginfailOperate.getLoginName(LoginfailOperate.java:50)
	at com.liangxin.actions.LoginfailOperate.getLoginName(LoginfailOperate.java:50)
	at com.liangxin.actions.LoginfailOperate.getLoginName(LoginfailOperate.java:50)
	at com.liangxin.actions.LoginfailOperate.getLoginName(LoginfailOperate.java:50)
	at com.liangxin.actions.LoginfailOperate.getLoginName(LoginfailOperate.java:50)
	at com.liangxin.actions.LoginfailOperate.getLoginName(LoginfailOperate.java:50)
	at com.liangxin.actions.LoginfailOperate.getLoginName(LoginfailOperate.java:50)
	at com.liangxin.actions.LoginfailOperate.getLoginName(LoginfailOperate.java:50)
	at com.liangxin.actions.LoginfailOperate.getLoginName(LoginfailOperate.java:50)
	at com.liangxin.actions.LoginfailOperate.getLoginName(LoginfailOperate.java:50)
	at com.liangxin.actions.LoginfailOperate.getLoginName(LoginfailOperate.java:50)
	at com.liangxin.actions.LoginfailOperate.getLoginName(LoginfailOperate.java:50)
	at com.liangxin.actions.LoginfailOperate.getLoginName(LoginfailOperate.java:50)
	at com.liangxin.actions.LoginfailOperate.getLoginName(LoginfailOperate.java:50)
	at com.liangxin.actions.LoginfailOperate.getLoginName(LoginfailOperate.java:50)
	at com.liangxin.actions.LoginfailOperate.getLoginName(LoginfailOperate.java:50)
	at com.liangxin.actions.LoginfailOperate.getLoginName(LoginfailOperate.java:50)
	at com.liangxin.actions.LoginfailOperate.getLoginName(LoginfailOperate.java:50)
	at com.liangxin.actions.LoginfailOperate.getLoginName(LoginfailOperate.java:50)
	at com.liangxin.actions.LoginfailOperate.getLoginName(LoginfailOperate.java:50)
	at com.liangxin.actions.LoginfailOperate.getLoginName(LoginfailOperate.java:50)
	at com.liangxin.actions.LoginfailOperate.getLoginName(LoginfailOperate.java:50)
	at com.liangxin.actions.LoginfailOperate.getLoginName(LoginfailOperate.java:50)
	at com.liangxin.actions.LoginfailOperate.getLoginName(LoginfailOperate.java:50)
	at com.liangxin.actions.LoginfailOperate.getLoginName(LoginfailOperate.java:50)
	at com.liangxin.actions.LoginfailOperate.getLoginName(LoginfailOperate.java:50)
	at com.liangxin.actions.LoginfailOperate.getLoginName(LoginfailOperate.java:50)
	at com.liangxin.actions.LoginfailOperate.getLoginName(LoginfailOperate.java:50)
	at com.liangxin.actions.LoginfailOperate.getLoginName(LoginfailOperate.java:50)
	at com.liangxin.actions.LoginfailOperate.getLoginName(LoginfailOperate.java:50)
	at com.liangxin.actions.LoginfailOperate.getLoginName(LoginfailOperate.java:50)
	at com.liangxin.actions.LoginfailOperate.getLoginName(LoginfailOperate.java:50)
	at com.liangxin.actions.LoginfailOperate.getLoginName(LoginfailOperate.java:50)
	at com.liangxin.actions.LoginfailOperate.getLoginName(LoginfailOperate.java:50)
	at com.liangxin.actions.LoginfailOperate.getLoginName(LoginfailOperate.java:50)
	at com.liangxin.actions.LoginfailOperate.getLoginName(LoginfailOperate.java:50)
	at com.liangxin.actions.LoginfailOperate.getLoginName(LoginfailOperate.java:50)
	at com.liangxin.actions.LoginfailOperate.getLoginName(LoginfailOperate.java:50)
	at com.liangxin.actions.LoginfailOperate.getLoginName(LoginfailOperate.java:50)
	at com.liangxin.actions.LoginfailOperate.getLoginName(LoginfailOperate.java:50)
	at com.liangxin.actions.LoginfailOperate.getLoginName(LoginfailOperate.java:50)
	at com.liangxin.actions.LoginfailOperate.getLoginName(LoginfailOperate.java:50)
	at com.liangxin.actions.LoginfailOperate.getLoginName(LoginfailOperate.java:50)
	at com.liangxin.actions.LoginfailOperate.getLoginName(LoginfailOperate.java:50)
	at com.liangxin.actions.LoginfailOperate.getLoginName(LoginfailOperate.java:50)
	at com.liangxin.actions.LoginfailOperate.getLoginName(LoginfailOperate.java:50)
	at com.liangxin.actions.LoginfailOperate.getLoginName(LoginfailOperate.java:50)
	at com.liangxin.actions.LoginfailOperate.getLoginName(LoginfailOperate.java:50)
	at com.liangxin.actions.LoginfailOperate.getLoginName(LoginfailOperate.java:50)
	at com.liangxin.actions.LoginfailOperate.getLoginName(LoginfailOperate.java:50)
	at com.liangxin.actions.LoginfailOperate.getLoginName(LoginfailOperate.java:50)
	at com.liangxin.actions.LoginfailOperate.getLoginName(LoginfailOperate.java:50)
	at com.liangxin.actions.LoginfailOperate.getLoginName(LoginfailOperate.java:50)
	at com.liangxin.actions.LoginfailOperate.getLoginName(LoginfailOperate.java:50)
	at com.liangxin.actions.LoginfailOperate.getLoginName(LoginfailOperate.java:50)
	at com.liangxin.actions.LoginfailOperate.getLoginName(LoginfailOperate.java:50)
	at com.liangxin.actions.LoginfailOperate.getLoginName(LoginfailOperate.java:50)
	at com.liangxin.actions.LoginfailOperate.getLoginName(LoginfailOperate.java:50)
	at com.liangxin.actions.LoginfailOperate.getLoginName(LoginfailOperate.java:50)
	at com.liangxin.actions.LoginfailOperate.getLoginName(LoginfailOperate.java:50)
	at com.liangxin.actions.LoginfailOperate.getLoginName(LoginfailOperate.java:50)
	at com.liangxin.actions.LoginfailOperate.getLoginName(LoginfailOperate.java:50)
	at com.liangxin.actions.LoginfailOperate.getLoginName(LoginfailOperate.java:50)
	at com.liangxin.actions.LoginfailOperate.getLoginName(LoginfailOperate.java:50)
	at com.liangxin.actions.LoginfailOperate.getLoginName(LoginfailOperate.java:50)
	at com.liangxin.actions.LoginfailOperate.getLoginName(LoginfailOperate.java:50)
	at com.liangxin.actions.LoginfailOperate.getLoginName(LoginfailOperate.java:50)
	at com.liangxin.actions.LoginfailOperate.getLoginName(LoginfailOperate.java:50)
	at com.liangxin.actions.LoginfailOperate.getLoginName(LoginfailOperate.java:50)
	at com.liangxin.actions.LoginfailOperate.getLoginName(LoginfailOperate.java:50)
	at com.liangxin.actions.LoginfailOperate.getLoginName(LoginfailOperate.java:50)
	at com.liangxin.actions.LoginfailOperate.getLoginName(LoginfailOperate.java:50)
	at com.liangxin.actions.LoginfailOperate.getLoginName(LoginfailOperate.java:50)
	at com.liangxin.actions.LoginfailOperate.getLoginName(LoginfailOperate.java:50)
	at com.liangxin.actions.LoginfailOperate.getLoginName(LoginfailOperate.java:50)
	at com.liangxin.actions.LoginfailOperate.getLoginName(LoginfailOperate.java:50)
	at com.liangxin.actions.LoginfailOperate.getLoginName(LoginfailOperate.java:50)
	at com.liangxin.actions.LoginfailOperate.getLoginName(LoginfailOperate.java:50)
	at com.liangxin.actions.LoginfailOperate.getLoginName(LoginfailOperate.java:50)
	at com.liangxin.actions.LoginfailOperate.getLoginName(LoginfailOperate.java:50)
	at com.liangxin.actions.LoginfailOperate.getLoginName(LoginfailOperate.java:50)
	at com.liangxin.actions.LoginfailOperate.getLoginName(LoginfailOperate.java:50)
	at com.liangxin.actions.LoginfailOperate.getLoginName(LoginfailOperate.java:50)
	at com.liangxin.actions.LoginfailOperate.getLoginName(LoginfailOperate.java:50)
	at com.liangxin.actions.LoginfailOperate.getLoginName(LoginfailOperate.java:50)
	at com.liangxin.actions.LoginfailOperate.getLoginName(LoginfailOperate.java:50)
	at com.liangxin.actions.LoginfailOperate.getLoginName(LoginfailOperate.java:50)
	at com.liangxin.actions.LoginfailOperate.getLoginName(LoginfailOperate.java:50)
	at com.liangxin.actions.LoginfailOperate.getLoginName(LoginfailOperate.java:50)
	at com.liangxin.actions.LoginfailOperate.getLoginName(LoginfailOperate.java:50)
	at com.liangxin.actions.LoginfailOperate.getLoginName(LoginfailOperate.java:50)
	at com.liangxin.actions.LoginfailOperate.getLoginName(LoginfailOperate.java:50)
	at com.liangxin.actions.LoginfailOperate.getLoginName(LoginfailOperate.java:50)
	at com.liangxin.actions.LoginfailOperate.getLoginName(LoginfailOperate.java:50)
	at com.liangxin.actions.LoginfailOperate.getLoginName(LoginfailOperate.java:50)
	at com.liangxin.actions.LoginfailOperate.getLoginName(LoginfailOperate.java:50)
	at com.liangxin.actions.LoginfailOperate.getLoginName(LoginfailOperate.java:50)
	at com.liangxin.actions.LoginfailOperate.getLoginName(LoginfailOperate.java:50)
	at com.liangxin.actions.LoginfailOperate.getLoginName(LoginfailOperate.java:50)
	at com.liangxin.actions.LoginfailOperate.getLoginName(LoginfailOperate.java:50)
	at com.liangxin.actions.LoginfailOperate.getLoginName(LoginfailOperate.java:50)
	at com.liangxin.actions.LoginfailOperate.getLoginName(LoginfailOperate.java:50)
	at com.liangxin.actions.LoginfailOperate.getLoginName(LoginfailOperate.java:50)
	at com.liangxin.actions.LoginfailOperate.getLoginName(LoginfailOperate.java:50)
	at com.liangxin.actions.LoginfailOperate.getLoginName(LoginfailOperate.java:50)
	at com.liangxin.actions.LoginfailOperate.getLoginName(LoginfailOperate.java:50)
	at com.liangxin.actions.LoginfailOperate.getLoginName(LoginfailOperate.java:50)
	at com.liangxin.actions.LoginfailOperate.getLoginName(LoginfailOperate.java:50)
	at com.liangxin.actions.LoginfailOperate.getLoginName(LoginfailOperate.java:50)
	at com.liangxin.actions.LoginfailOperate.getLoginName(LoginfailOperate.java:50)
	at com.liangxin.actions.LoginfailOperate.getLoginName(LoginfailOperate.java:50)
	at com.liangxin.actions.LoginfailOperate.getLoginName(LoginfailOperate.java:50)
	at com.liangxin.actions.LoginfailOperate.getLoginName(LoginfailOperate.java:50)
	at com.liangxin.actions.LoginfailOperate.getLoginName(LoginfailOperate.java:50)
	at com.liangxin.actions.LoginfailOperate.getLoginName(LoginfailOperate.java:50)
	at com.liangxin.actions.LoginfailOperate.getLoginName(LoginfailOperate.java:50)
	at com.liangxin.actions.LoginfailOperate.getLoginName(LoginfailOperate.java:50)
	at com.liangxin.actions.LoginfailOperate.getLoginName(LoginfailOperate.java:50)
	at com.liangxin.actions.LoginfailOperate.getLoginName(LoginfailOperate.java:50)
	at com.liangxin.actions.LoginfailOperate.getLoginName(LoginfailOperate.java:50)
	at com.liangxin.actions.LoginfailOperate.getLoginName(LoginfailOperate.java:50)
	at com.liangxin.actions.LoginfailOperate.getLoginName(LoginfailOperate.java:50)
	at com.liangxin.actions.LoginfailOperate.getLoginName(LoginfailOperate.java:50)
	at com.liangxin.actions.LoginfailOperate.getLoginName(LoginfailOperate.java:50)
	at com.liangxin.actions.LoginfailOperate.getLoginName(LoginfailOperate.java:50)
	at com.liangxin.actions.LoginfailOperate.getLoginName(LoginfailOperate.java:50)
	at com.liangxin.actions.LoginfailOperate.getLoginName(LoginfailOperate.java:50)
	at com.liangxin.actions.LoginfailOperate.getLoginName(LoginfailOperate.java:50)
	at com.liangxin.actions.LoginfailOperate.getLoginName(LoginfailOperate.java:50)
	at com.liangxin.actions.LoginfailOperate.getLoginName(LoginfailOperate.java:50)
	at com.liangxin.actions.LoginfailOperate.getLoginName(LoginfailOperate.java:50)
	at com.liangxin.actions.LoginfailOperate.getLoginName(LoginfailOperate.java:50)
	at com.liangxin.actions.LoginfailOperate.getLoginName(LoginfailOperate.java:50)
	at com.liangxin.actions.LoginfailOperate.getLoginName(LoginfailOperate.java:50)
]]>
    </failure>
  </testcase> <!-- faillodinTest01 -->
  <testcase name="lodinTest01" time="4.208" classname="com.liangxin.testcase.loginTest"/>
</testsuite> <!-- Default test -->
