<?xml version="1.0" encoding="UTF-8"?>
<testng-results skipped="0" failed="1" ignored="0" total="2" passed="1">
  <reporter-output>
    <line>
      <![CDATA[<span style="color:#16A05D"><b>[2017-10-29 16:00:00] [INFO] com.liangxin.uiframework.DriverFactory: 杀死Chrome浏览器进程成功</b></span><br />]]>
    </line>
    <line>
      <![CDATA[<span style="color:#16A05D"><b>[2017-10-29 16:00:10] [INFO] com.liangxin.uiframework.DriverUtils: 打开网址http://127.0.0.1:81/zentao</b></span><br />]]>
    </line>
    <line>
      <![CDATA[<span style="color:#16A05D"><b>[2017-10-29 16:00:10] [INFO] com.liangxin.uiframework.WebElementUtils: 在元素：用户名输入框输入：admin</b></span><br />]]>
    </line>
    <line>
      <![CDATA[<span style="color:#16A05D"><b>[2017-10-29 16:00:10] [INFO] com.liangxin.uiframework.WebElementUtils: 在元素：密码输入框输入：liangxin123456</b></span><br />]]>
    </line>
    <line>
      <![CDATA[<span style="color:#16A05D"><b>[2017-10-29 16:00:12] [INFO] com.liangxin.uiframework.WebElementUtils: 点击元素：登录按钮</b></span><br />]]>
    </line>
    <line>
      <![CDATA[<span style="color:#16A05D"><b>[2017-10-29 16:00:12] [INFO] com.liangxin.uiframework.WebElementUtils: 获取元素：用户菜单文本值</b></span><br />]]>
    </line>
  </reporter-output>
  <suite name="Default suite" duration-ms="17881" started-at="2017-10-29T07:59:59Z" finished-at="2017-10-29T08:00:17Z">
    <groups>
    </groups>
    <test name="Default test" duration-ms="17881" started-at="2017-10-29T07:59:59Z" finished-at="2017-10-29T08:00:17Z">
      <class name="com.liangxin.testcase.loginTest">
        <test-method status="PASS" signature="setUP()[pri:0, instance:com.liangxin.testcase.loginTest@77cd7a0]" name="setUP" is-config="true" duration-ms="9164" started-at="2017-10-29T15:59:59Z" finished-at="2017-10-29T16:00:08Z">
          <reporter-output>
            <line>
              <![CDATA[<span style="color:#16A05D"><b>[2017-10-29 16:00:00] [INFO] com.liangxin.uiframework.DriverFactory: 杀死Chrome浏览器进程成功</b></span><br />]]>
            </line>
          </reporter-output>
        </test-method> <!-- setUP -->
        <test-method status="FAIL" signature="faillodinTest01()[pri:0, instance:com.liangxin.testcase.loginTest@77cd7a0]" name="faillodinTest01" duration-ms="17" started-at="2017-10-29T16:00:08Z" finished-at="2017-10-29T16:00:08Z">
          <exception class="java.lang.StackOverflowError">
            <full-stacktrace>
              <![CDATA[java.lang.StackOverflowError
	at com.liangxin.actions.LoginfailOperate.getLoginName(LoginfailOperate.java:50)
	at com.liangxin.actions.LoginfailOperate.getLoginName(LoginfailOperate.java:50)
	at com.liangxin.actions.LoginfailOperate.getLoginName(LoginfailOperate.java:50)
	at com.liangxin.actions.LoginfailOperate.getLoginName(LoginfailOperate.java:50)
	at com.liangxin.actions.LoginfailOperate.getLoginName(LoginfailOperate.java:50)
	at com.liangxin.actions.LoginfailOperate.getLoginName(LoginfailOperate.java:50)
	at com.liangxin.actions.LoginfailOperate.getLoginName(LoginfailOperate.java:50)
	at com.liangxin.actions.LoginfailOperate.getLoginName(LoginfailOperate.java:50)
	at com.liangxin.actions.LoginfailOperate.getLoginName(LoginfailOperate.java:50)
	at com.liangxin.actions.LoginfailOperate.getLoginName(LoginfailOperate.java:50)
	at com.liangxin.actions.LoginfailOperate.getLoginName(LoginfailOperate.java:50)
	at com.liangxin.actions.LoginfailOperate.getLoginName(LoginfailOperate.java:50)
	at com.liangxin.actions.LoginfailOperate.getLoginName(LoginfailOperate.java:50)
	at com.liangxin.actions.LoginfailOperate.getLoginName(LoginfailOperate.java:50)
	at com.liangxin.actions.LoginfailOperate.getLoginName(LoginfailOperate.java:50)
	at com.liangxin.actions.LoginfailOperate.getLoginName(LoginfailOperate.java:50)
	at com.liangxin.actions.LoginfailOperate.getLoginName(LoginfailOperate.java:50)
	at com.liangxin.actions.LoginfailOperate.getLoginName(LoginfailOperate.java:50)
	at com.liangxin.actions.LoginfailOperate.getLoginName(LoginfailOperate.java:50)
	at com.liangxin.actions.LoginfailOperate.getLoginName(LoginfailOperate.java:50)
	at com.liangxin.actions.LoginfailOperate.getLoginName(LoginfailOperate.java:50)
	at com.liangxin.actions.LoginfailOperate.getLoginName(LoginfailOperate.java:50)
	at com.liangxin.actions.LoginfailOperate.getLoginName(LoginfailOperate.java:50)
	at com.liangxin.actions.LoginfailOperate.getLoginName(LoginfailOperate.java:50)
	at com.liangxin.actions.LoginfailOperate.getLoginName(LoginfailOperate.java:50)
	at com.liangxin.actions.LoginfailOperate.getLoginName(LoginfailOperate.java:50)
	at com.liangxin.actions.LoginfailOperate.getLoginName(LoginfailOperate.java:50)
	at com.liangxin.actions.LoginfailOperate.getLoginName(LoginfailOperate.java:50)
	at com.liangxin.actions.LoginfailOperate.getLoginName(LoginfailOperate.java:50)
	at com.liangxin.actions.LoginfailOperate.getLoginName(LoginfailOperate.java:50)
	at com.liangxin.actions.LoginfailOperate.getLoginName(LoginfailOperate.java:50)
	at com.liangxin.actions.LoginfailOperate.getLoginName(LoginfailOperate.java:50)
	at com.liangxin.actions.LoginfailOperate.getLoginName(LoginfailOperate.java:50)
	at com.liangxin.actions.LoginfailOperate.getLoginName(LoginfailOperate.java:50)
	at com.liangxin.actions.LoginfailOperate.getLoginName(LoginfailOperate.java:50)
	at com.liangxin.actions.LoginfailOperate.getLoginName(LoginfailOperate.java:50)
	at com.liangxin.actions.LoginfailOperate.getLoginName(LoginfailOperate.java:50)
	at com.liangxin.actions.LoginfailOperate.getLoginName(LoginfailOperate.java:50)
	at com.liangxin.actions.LoginfailOperate.getLoginName(LoginfailOperate.java:50)
	at com.liangxin.actions.LoginfailOperate.getLoginName(LoginfailOperate.java:50)
	at com.liangxin.actions.LoginfailOperate.getLoginName(LoginfailOperate.java:50)
	at com.liangxin.actions.LoginfailOperate.getLoginName(LoginfailOperate.java:50)
	at com.liangxin.actions.LoginfailOperate.getLoginName(LoginfailOperate.java:50)
	at com.liangxin.actions.LoginfailOperate.getLoginName(LoginfailOperate.java:50)
	at com.liangxin.actions.LoginfailOperate.getLoginName(LoginfailOperate.java:50)
	at com.liangxin.actions.LoginfailOperate.getLoginName(LoginfailOperate.java:50)
	at com.liangxin.actions.LoginfailOperate.getLoginName(LoginfailOperate.java:50)
	at com.liangxin.actions.LoginfailOperate.getLoginName(LoginfailOperate.java:50)
	at com.liangxin.actions.LoginfailOperate.getLoginName(LoginfailOperate.java:50)
	at com.liangxin.actions.LoginfailOperate.getLoginName(LoginfailOperate.java:50)
	at com.liangxin.actions.LoginfailOperate.getLoginName(LoginfailOperate.java:50)
	at com.liangxin.actions.LoginfailOperate.getLoginName(LoginfailOperate.java:50)
	at com.liangxin.actions.LoginfailOperate.getLoginName(LoginfailOperate.java:50)
	at com.liangxin.actions.LoginfailOperate.getLoginName(LoginfailOperate.java:50)
	at com.liangxin.actions.LoginfailOperate.getLoginName(LoginfailOperate.java:50)
	at com.liangxin.actions.LoginfailOperate.getLoginName(LoginfailOperate.java:50)
	at com.liangxin.actions.LoginfailOperate.getLoginName(LoginfailOperate.java:50)
	at com.liangxin.actions.LoginfailOperate.getLoginName(LoginfailOperate.java:50)
	at com.liangxin.actions.LoginfailOperate.getLoginName(LoginfailOperate.java:50)
	at com.liangxin.actions.LoginfailOperate.getLoginName(LoginfailOperate.java:50)
	at com.liangxin.actions.LoginfailOperate.getLoginName(LoginfailOperate.java:50)
	at com.liangxin.actions.LoginfailOperate.getLoginName(LoginfailOperate.java:50)
	at com.liangxin.actions.LoginfailOperate.getLoginName(LoginfailOperate.java:50)
	at com.liangxin.actions.LoginfailOperate.getLoginName(LoginfailOperate.java:50)
	at com.liangxin.actions.LoginfailOperate.getLoginName(LoginfailOperate.java:50)
	at com.liangxin.actions.LoginfailOperate.getLoginName(LoginfailOperate.java:50)
	at com.liangxin.actions.LoginfailOperate.getLoginName(LoginfailOperate.java:50)
	at com.liangxin.actions.LoginfailOperate.getLoginName(LoginfailOperate.java:50)
	at com.liangxin.actions.LoginfailOperate.getLoginName(LoginfailOperate.java:50)
	at com.liangxin.actions.LoginfailOperate.getLoginName(LoginfailOperate.java:50)
	at com.liangxin.actions.LoginfailOperate.getLoginName(LoginfailOperate.java:50)
	at com.liangxin.actions.LoginfailOperate.getLoginName(LoginfailOperate.java:50)
	at com.liangxin.actions.LoginfailOperate.getLoginName(LoginfailOperate.java:50)
	at com.liangxin.actions.LoginfailOperate.getLoginName(LoginfailOperate.java:50)
	at com.liangxin.actions.LoginfailOperate.getLoginName(LoginfailOperate.java:50)
	at com.liangxin.actions.LoginfailOperate.getLoginName(LoginfailOperate.java:50)
	at com.liangxin.actions.LoginfailOperate.getLoginName(LoginfailOperate.java:50)
	at com.liangxin.actions.LoginfailOperate.getLoginName(LoginfailOperate.java:50)
	at com.liangxin.actions.LoginfailOperate.getLoginName(LoginfailOperate.java:50)
	at com.liangxin.actions.LoginfailOperate.getLoginName(LoginfailOperate.java:50)
	at com.liangxin.actions.LoginfailOperate.getLoginName(LoginfailOperate.java:50)
	at com.liangxin.actions.LoginfailOperate.getLoginName(LoginfailOperate.java:50)
	at com.liangxin.actions.LoginfailOperate.getLoginName(LoginfailOperate.java:50)
	at com.liangxin.actions.LoginfailOperate.getLoginName(LoginfailOperate.java:50)
	at com.liangxin.actions.LoginfailOperate.getLoginName(LoginfailOperate.java:50)
	at com.liangxin.actions.LoginfailOperate.getLoginName(LoginfailOperate.java:50)
	at com.liangxin.actions.LoginfailOperate.getLoginName(LoginfailOperate.java:50)
	at com.liangxin.actions.LoginfailOperate.getLoginName(LoginfailOperate.java:50)
	at com.liangxin.actions.LoginfailOperate.getLoginName(LoginfailOperate.java:50)
	at com.liangxin.actions.LoginfailOperate.getLoginName(LoginfailOperate.java:50)
	at com.liangxin.actions.LoginfailOperate.getLoginName(LoginfailOperate.java:50)
	at com.liangxin.actions.LoginfailOperate.getLoginName(LoginfailOperate.java:50)
	at com.liangxin.actions.LoginfailOperate.getLoginName(LoginfailOperate.java:50)
	at com.liangxin.actions.LoginfailOperate.getLoginName(LoginfailOperate.java:50)
	at com.liangxin.actions.LoginfailOperate.getLoginName(LoginfailOperate.java:50)
	at com.liangxin.actions.LoginfailOperate.getLoginName(LoginfailOperate.java:50)
	at com.liangxin.actions.LoginfailOperate.getLoginName(LoginfailOperate.java:50)
	at com.liangxin.actions.LoginfailOperate.getLoginName(LoginfailOperate.java:50)
	at com.liangxin.actions.LoginfailOperate.getLoginName(LoginfailOperate.java:50)
	at com.liangxin.actions.LoginfailOperate.getLoginName(LoginfailOperate.java:50)
	at com.liangxin.actions.LoginfailOperate.getLoginName(LoginfailOperate.java:50)
	at com.liangxin.actions.LoginfailOperate.getLoginName(LoginfailOperate.java:50)
	at com.liangxin.actions.LoginfailOperate.getLoginName(LoginfailOperate.java:50)
	at com.liangxin.actions.LoginfailOperate.getLoginName(LoginfailOperate.java:50)
	at com.liangxin.actions.LoginfailOperate.getLoginName(LoginfailOperate.java:50)
	at com.liangxin.actions.LoginfailOperate.getLoginName(LoginfailOperate.java:50)
	at com.liangxin.actions.LoginfailOperate.getLoginName(LoginfailOperate.java:50)
	at com.liangxin.actions.LoginfailOperate.getLoginName(LoginfailOperate.java:50)
	at com.liangxin.actions.LoginfailOperate.getLoginName(LoginfailOperate.java:50)
	at com.liangxin.actions.LoginfailOperate.getLoginName(LoginfailOperate.java:50)
	at com.liangxin.actions.LoginfailOperate.getLoginName(LoginfailOperate.java:50)
	at com.liangxin.actions.LoginfailOperate.getLoginName(LoginfailOperate.java:50)
	at com.liangxin.actions.LoginfailOperate.getLoginName(LoginfailOperate.java:50)
	at com.liangxin.actions.LoginfailOperate.getLoginName(LoginfailOperate.java:50)
	at com.liangxin.actions.LoginfailOperate.getLoginName(LoginfailOperate.java:50)
	at com.liangxin.actions.LoginfailOperate.getLoginName(LoginfailOperate.java:50)
	at com.liangxin.actions.LoginfailOperate.getLoginName(LoginfailOperate.java:50)
	at com.liangxin.actions.LoginfailOperate.getLoginName(LoginfailOperate.java:50)
	at com.liangxin.actions.LoginfailOperate.getLoginName(LoginfailOperate.java:50)
	at com.liangxin.actions.LoginfailOperate.getLoginName(LoginfailOperate.java:50)
	at com.liangxin.actions.LoginfailOperate.getLoginName(LoginfailOperate.java:50)
	at com.liangxin.actions.LoginfailOperate.getLoginName(LoginfailOperate.java:50)
	at com.liangxin.actions.LoginfailOperate.getLoginName(LoginfailOperate.java:50)
	at com.liangxin.actions.LoginfailOperate.getLoginName(LoginfailOperate.java:50)
	at com.liangxin.actions.LoginfailOperate.getLoginName(LoginfailOperate.java:50)
	at com.liangxin.actions.LoginfailOperate.getLoginName(LoginfailOperate.java:50)
	at com.liangxin.actions.LoginfailOperate.getLoginName(LoginfailOperate.java:50)
	at com.liangxin.actions.LoginfailOperate.getLoginName(LoginfailOperate.java:50)
	at com.liangxin.actions.LoginfailOperate.getLoginName(LoginfailOperate.java:50)
	at com.liangxin.actions.LoginfailOperate.getLoginName(LoginfailOperate.java:50)
	at com.liangxin.actions.LoginfailOperate.getLoginName(LoginfailOperate.java:50)
	at com.liangxin.actions.LoginfailOperate.getLoginName(LoginfailOperate.java:50)
	at com.liangxin.actions.LoginfailOperate.getLoginName(LoginfailOperate.java:50)
	at com.liangxin.actions.LoginfailOperate.getLoginName(LoginfailOperate.java:50)
	at com.liangxin.actions.LoginfailOperate.getLoginName(LoginfailOperate.java:50)
	at com.liangxin.actions.LoginfailOperate.getLoginName(LoginfailOperate.java:50)
	at com.liangxin.actions.LoginfailOperate.getLoginName(LoginfailOperate.java:50)
	at com.liangxin.actions.LoginfailOperate.getLoginName(LoginfailOperate.java:50)
	at com.liangxin.actions.LoginfailOperate.getLoginName(LoginfailOperate.java:50)
	at com.liangxin.actions.LoginfailOperate.getLoginName(LoginfailOperate.java:50)
	at com.liangxin.actions.LoginfailOperate.getLoginName(LoginfailOperate.java:50)
	at com.liangxin.actions.LoginfailOperate.getLoginName(LoginfailOperate.java:50)
	at com.liangxin.actions.LoginfailOperate.getLoginName(LoginfailOperate.java:50)
	at com.liangxin.actions.LoginfailOperate.getLoginName(LoginfailOperate.java:50)
	at com.liangxin.actions.LoginfailOperate.getLoginName(LoginfailOperate.java:50)
	at com.liangxin.actions.LoginfailOperate.getLoginName(LoginfailOperate.java:50)
	at com.liangxin.actions.LoginfailOperate.getLoginName(LoginfailOperate.java:50)
	at com.liangxin.actions.LoginfailOperate.getLoginName(LoginfailOperate.java:50)
	at com.liangxin.actions.LoginfailOperate.getLoginName(LoginfailOperate.java:50)
	at com.liangxin.actions.LoginfailOperate.getLoginName(LoginfailOperate.java:50)
	at com.liangxin.actions.LoginfailOperate.getLoginName(LoginfailOperate.java:50)
	at com.liangxin.actions.LoginfailOperate.getLoginName(LoginfailOperate.java:50)
	at com.liangxin.actions.LoginfailOperate.getLoginName(LoginfailOperate.java:50)
	at com.liangxin.actions.LoginfailOperate.getLoginName(LoginfailOperate.java:50)
	at com.liangxin.actions.LoginfailOperate.getLoginName(LoginfailOperate.java:50)
	at com.liangxin.actions.LoginfailOperate.getLoginName(LoginfailOperate.java:50)
	at com.liangxin.actions.LoginfailOperate.getLoginName(LoginfailOperate.java:50)
	at com.liangxin.actions.LoginfailOperate.getLoginName(LoginfailOperate.java:50)
	at com.liangxin.actions.LoginfailOperate.getLoginName(LoginfailOperate.java:50)
	at com.liangxin.actions.LoginfailOperate.getLoginName(LoginfailOperate.java:50)
	at com.liangxin.actions.LoginfailOperate.getLoginName(LoginfailOperate.java:50)
	at com.liangxin.actions.LoginfailOperate.getLoginName(LoginfailOperate.java:50)
	at com.liangxin.actions.LoginfailOperate.getLoginName(LoginfailOperate.java:50)
	at com.liangxin.actions.LoginfailOperate.getLoginName(LoginfailOperate.java:50)
	at com.liangxin.actions.LoginfailOperate.getLoginName(LoginfailOperate.java:50)
	at com.liangxin.actions.LoginfailOperate.getLoginName(LoginfailOperate.java:50)
	at com.liangxin.actions.LoginfailOperate.getLoginName(LoginfailOperate.java:50)
	at com.liangxin.actions.LoginfailOperate.getLoginName(LoginfailOperate.java:50)
	at com.liangxin.actions.LoginfailOperate.getLoginName(LoginfailOperate.java:50)
	at com.liangxin.actions.LoginfailOperate.getLoginName(LoginfailOperate.java:50)
	at com.liangxin.actions.LoginfailOperate.getLoginName(LoginfailOperate.java:50)
	at com.liangxin.actions.LoginfailOperate.getLoginName(LoginfailOperate.java:50)
	at com.liangxin.actions.LoginfailOperate.getLoginName(LoginfailOperate.java:50)
	at com.liangxin.actions.LoginfailOperate.getLoginName(LoginfailOperate.java:50)
	at com.liangxin.actions.LoginfailOperate.getLoginName(LoginfailOperate.java:50)
	at com.liangxin.actions.LoginfailOperate.getLoginName(LoginfailOperate.java:50)
	at com.liangxin.actions.LoginfailOperate.getLoginName(LoginfailOperate.java:50)
	at com.liangxin.actions.LoginfailOperate.getLoginName(LoginfailOperate.java:50)
	at com.liangxin.actions.LoginfailOperate.getLoginName(LoginfailOperate.java:50)
	at com.liangxin.actions.LoginfailOperate.getLoginName(LoginfailOperate.java:50)
	at com.liangxin.actions.LoginfailOperate.getLoginName(LoginfailOperate.java:50)
	at com.liangxin.actions.LoginfailOperate.getLoginName(LoginfailOperate.java:50)
	at com.liangxin.actions.LoginfailOperate.getLoginName(LoginfailOperate.java:50)
	at com.liangxin.actions.LoginfailOperate.getLoginName(LoginfailOperate.java:50)
	at com.liangxin.actions.LoginfailOperate.getLoginName(LoginfailOperate.java:50)
	at com.liangxin.actions.LoginfailOperate.getLoginName(LoginfailOperate.java:50)
	at com.liangxin.actions.LoginfailOperate.getLoginName(LoginfailOperate.java:50)
	at com.liangxin.actions.LoginfailOperate.getLoginName(LoginfailOperate.java:50)
	at com.liangxin.actions.LoginfailOperate.getLoginName(LoginfailOperate.java:50)
	at com.liangxin.actions.LoginfailOperate.getLoginName(LoginfailOperate.java:50)
	at com.liangxin.actions.LoginfailOperate.getLoginName(LoginfailOperate.java:50)
	at com.liangxin.actions.LoginfailOperate.getLoginName(LoginfailOperate.java:50)
	at com.liangxin.actions.LoginfailOperate.getLoginName(LoginfailOperate.java:50)
	at com.liangxin.actions.LoginfailOperate.getLoginName(LoginfailOperate.java:50)
	at com.liangxin.actions.LoginfailOperate.getLoginName(LoginfailOperate.java:50)
	at com.liangxin.actions.LoginfailOperate.getLoginName(LoginfailOperate.java:50)
	at com.liangxin.actions.LoginfailOperate.getLoginName(LoginfailOperate.java:50)
	at com.liangxin.actions.LoginfailOperate.getLoginName(LoginfailOperate.java:50)
	at com.liangxin.actions.LoginfailOperate.getLoginName(LoginfailOperate.java:50)
	at com.liangxin.actions.LoginfailOperate.getLoginName(LoginfailOperate.java:50)
	at com.liangxin.actions.LoginfailOperate.getLoginName(LoginfailOperate.java:50)
	at com.liangxin.actions.LoginfailOperate.getLoginName(LoginfailOperate.java:50)
	at com.liangxin.actions.LoginfailOperate.getLoginName(LoginfailOperate.java:50)
	at com.liangxin.actions.LoginfailOperate.getLoginName(LoginfailOperate.java:50)
	at com.liangxin.actions.LoginfailOperate.getLoginName(LoginfailOperate.java:50)
	at com.liangxin.actions.LoginfailOperate.getLoginName(LoginfailOperate.java:50)
	at com.liangxin.actions.LoginfailOperate.getLoginName(LoginfailOperate.java:50)
	at com.liangxin.actions.LoginfailOperate.getLoginName(LoginfailOperate.java:50)
	at com.liangxin.actions.LoginfailOperate.getLoginName(LoginfailOperate.java:50)
	at com.liangxin.actions.LoginfailOperate.getLoginName(LoginfailOperate.java:50)
	at com.liangxin.actions.LoginfailOperate.getLoginName(LoginfailOperate.java:50)
	at com.liangxin.actions.LoginfailOperate.getLoginName(LoginfailOperate.java:50)
	at com.liangxin.actions.LoginfailOperate.getLoginName(LoginfailOperate.java:50)
	at com.liangxin.actions.LoginfailOperate.getLoginName(LoginfailOperate.java:50)
	at com.liangxin.actions.LoginfailOperate.getLoginName(LoginfailOperate.java:50)
	at com.liangxin.actions.LoginfailOperate.getLoginName(LoginfailOperate.java:50)
	at com.liangxin.actions.LoginfailOperate.getLoginName(LoginfailOperate.java:50)
	at com.liangxin.actions.LoginfailOperate.getLoginName(LoginfailOperate.java:50)
	at com.liangxin.actions.LoginfailOperate.getLoginName(LoginfailOperate.java:50)
	at com.liangxin.actions.LoginfailOperate.getLoginName(LoginfailOperate.java:50)
	at com.liangxin.actions.LoginfailOperate.getLoginName(LoginfailOperate.java:50)
	at com.liangxin.actions.LoginfailOperate.getLoginName(LoginfailOperate.java:50)
	at com.liangxin.actions.LoginfailOperate.getLoginName(LoginfailOperate.java:50)
	at com.liangxin.actions.LoginfailOperate.getLoginName(LoginfailOperate.java:50)
	at com.liangxin.actions.LoginfailOperate.getLoginName(LoginfailOperate.java:50)
	at com.liangxin.actions.LoginfailOperate.getLoginName(LoginfailOperate.java:50)
	at com.liangxin.actions.LoginfailOperate.getLoginName(LoginfailOperate.java:50)
	at com.liangxin.actions.LoginfailOperate.getLoginName(LoginfailOperate.java:50)
	at com.liangxin.actions.LoginfailOperate.getLoginName(LoginfailOperate.java:50)
	at com.liangxin.actions.LoginfailOperate.getLoginName(LoginfailOperate.java:50)
	at com.liangxin.actions.LoginfailOperate.getLoginName(LoginfailOperate.java:50)
	at com.liangxin.actions.LoginfailOperate.getLoginName(LoginfailOperate.java:50)
	at com.liangxin.actions.LoginfailOperate.getLoginName(LoginfailOperate.java:50)
	at com.liangxin.actions.LoginfailOperate.getLoginName(LoginfailOperate.java:50)
	at com.liangxin.actions.LoginfailOperate.getLoginName(LoginfailOperate.java:50)
	at com.liangxin.actions.LoginfailOperate.getLoginName(LoginfailOperate.java:50)
	at com.liangxin.actions.LoginfailOperate.getLoginName(LoginfailOperate.java:50)
	at com.liangxin.actions.LoginfailOperate.getLoginName(LoginfailOperate.java:50)
	at com.liangxin.actions.LoginfailOperate.getLoginName(LoginfailOperate.java:50)
	at com.liangxin.actions.LoginfailOperate.getLoginName(LoginfailOperate.java:50)
	at com.liangxin.actions.LoginfailOperate.getLoginName(LoginfailOperate.java:50)
	at com.liangxin.actions.LoginfailOperate.getLoginName(LoginfailOperate.java:50)
	at com.liangxin.actions.LoginfailOperate.getLoginName(LoginfailOperate.java:50)
	at com.liangxin.actions.LoginfailOperate.getLoginName(LoginfailOperate.java:50)
	at com.liangxin.actions.LoginfailOperate.getLoginName(LoginfailOperate.java:50)
	at com.liangxin.actions.LoginfailOperate.getLoginName(LoginfailOperate.java:50)
	at com.liangxin.actions.LoginfailOperate.getLoginName(LoginfailOperate.java:50)
	at com.liangxin.actions.LoginfailOperate.getLoginName(LoginfailOperate.java:50)
	at com.liangxin.actions.LoginfailOperate.getLoginName(LoginfailOperate.java:50)
	at com.liangxin.actions.LoginfailOperate.getLoginName(LoginfailOperate.java:50)
	at com.liangxin.actions.LoginfailOperate.getLoginName(LoginfailOperate.java:50)
	at com.liangxin.actions.LoginfailOperate.getLoginName(LoginfailOperate.java:50)
	at com.liangxin.actions.LoginfailOperate.getLoginName(LoginfailOperate.java:50)
	at com.liangxin.actions.LoginfailOperate.getLoginName(LoginfailOperate.java:50)
	at com.liangxin.actions.LoginfailOperate.getLoginName(LoginfailOperate.java:50)
	at com.liangxin.actions.LoginfailOperate.getLoginName(LoginfailOperate.java:50)
	at com.liangxin.actions.LoginfailOperate.getLoginName(LoginfailOperate.java:50)
	at com.liangxin.actions.LoginfailOperate.getLoginName(LoginfailOperate.java:50)
	at com.liangxin.actions.LoginfailOperate.getLoginName(LoginfailOperate.java:50)
	at com.liangxin.actions.LoginfailOperate.getLoginName(LoginfailOperate.java:50)
	at com.liangxin.actions.LoginfailOperate.getLoginName(LoginfailOperate.java:50)
	at com.liangxin.actions.LoginfailOperate.getLoginName(LoginfailOperate.java:50)
	at com.liangxin.actions.LoginfailOperate.getLoginName(LoginfailOperate.java:50)
	at com.liangxin.actions.LoginfailOperate.getLoginName(LoginfailOperate.java:50)
	at com.liangxin.actions.LoginfailOperate.getLoginName(LoginfailOperate.java:50)
	at com.liangxin.actions.LoginfailOperate.getLoginName(LoginfailOperate.java:50)
	at com.liangxin.actions.LoginfailOperate.getLoginName(LoginfailOperate.java:50)
	at com.liangxin.actions.LoginfailOperate.getLoginName(LoginfailOperate.java:50)
	at com.liangxin.actions.LoginfailOperate.getLoginName(LoginfailOperate.java:50)
	at com.liangxin.actions.LoginfailOperate.getLoginName(LoginfailOperate.java:50)
	at com.liangxin.actions.LoginfailOperate.getLoginName(LoginfailOperate.java:50)
	at com.liangxin.actions.LoginfailOperate.getLoginName(LoginfailOperate.java:50)
	at com.liangxin.actions.LoginfailOperate.getLoginName(LoginfailOperate.java:50)
	at com.liangxin.actions.LoginfailOperate.getLoginName(LoginfailOperate.java:50)
	at com.liangxin.actions.LoginfailOperate.getLoginName(LoginfailOperate.java:50)
	at com.liangxin.actions.LoginfailOperate.getLoginName(LoginfailOperate.java:50)
	at com.liangxin.actions.LoginfailOperate.getLoginName(LoginfailOperate.java:50)
	at com.liangxin.actions.LoginfailOperate.getLoginName(LoginfailOperate.java:50)
	at com.liangxin.actions.LoginfailOperate.getLoginName(LoginfailOperate.java:50)
	at com.liangxin.actions.LoginfailOperate.getLoginName(LoginfailOperate.java:50)
	at com.liangxin.actions.LoginfailOperate.getLoginName(LoginfailOperate.java:50)
	at com.liangxin.actions.LoginfailOperate.getLoginName(LoginfailOperate.java:50)
	at com.liangxin.actions.LoginfailOperate.getLoginName(LoginfailOperate.java:50)
	at com.liangxin.actions.LoginfailOperate.getLoginName(LoginfailOperate.java:50)
	at com.liangxin.actions.LoginfailOperate.getLoginName(LoginfailOperate.java:50)
	at com.liangxin.actions.LoginfailOperate.getLoginName(LoginfailOperate.java:50)
	at com.liangxin.actions.LoginfailOperate.getLoginName(LoginfailOperate.java:50)
	at com.liangxin.actions.LoginfailOperate.getLoginName(LoginfailOperate.java:50)
	at com.liangxin.actions.LoginfailOperate.getLoginName(LoginfailOperate.java:50)
	at com.liangxin.actions.LoginfailOperate.getLoginName(LoginfailOperate.java:50)
	at com.liangxin.actions.LoginfailOperate.getLoginName(LoginfailOperate.java:50)
	at com.liangxin.actions.LoginfailOperate.getLoginName(LoginfailOperate.java:50)
	at com.liangxin.actions.LoginfailOperate.getLoginName(LoginfailOperate.java:50)
	at com.liangxin.actions.LoginfailOperate.getLoginName(LoginfailOperate.java:50)
	at com.liangxin.actions.LoginfailOperate.getLoginName(LoginfailOperate.java:50)
	at com.liangxin.actions.LoginfailOperate.getLoginName(LoginfailOperate.java:50)
	at com.liangxin.actions.LoginfailOperate.getLoginName(LoginfailOperate.java:50)
	at com.liangxin.actions.LoginfailOperate.getLoginName(LoginfailOperate.java:50)
	at com.liangxin.actions.LoginfailOperate.getLoginName(LoginfailOperate.java:50)
	at com.liangxin.actions.LoginfailOperate.getLoginName(LoginfailOperate.java:50)
	at com.liangxin.actions.LoginfailOperate.getLoginName(LoginfailOperate.java:50)
	at com.liangxin.actions.LoginfailOperate.getLoginName(LoginfailOperate.java:50)
	at com.liangxin.actions.LoginfailOperate.getLoginName(LoginfailOperate.java:50)
	at com.liangxin.actions.LoginfailOperate.getLoginName(LoginfailOperate.java:50)
	at com.liangxin.actions.LoginfailOperate.getLoginName(LoginfailOperate.java:50)
	at com.liangxin.actions.LoginfailOperate.getLoginName(LoginfailOperate.java:50)
	at com.liangxin.actions.LoginfailOperate.getLoginName(LoginfailOperate.java:50)
	at com.liangxin.actions.LoginfailOperate.getLoginName(LoginfailOperate.java:50)
	at com.liangxin.actions.LoginfailOperate.getLoginName(LoginfailOperate.java:50)
	at com.liangxin.actions.LoginfailOperate.getLoginName(LoginfailOperate.java:50)
	at com.liangxin.actions.LoginfailOperate.getLoginName(LoginfailOperate.java:50)
	at com.liangxin.actions.LoginfailOperate.getLoginName(LoginfailOperate.java:50)
	at com.liangxin.actions.LoginfailOperate.getLoginName(LoginfailOperate.java:50)
	at com.liangxin.actions.LoginfailOperate.getLoginName(LoginfailOperate.java:50)
	at com.liangxin.actions.LoginfailOperate.getLoginName(LoginfailOperate.java:50)
	at com.liangxin.actions.LoginfailOperate.getLoginName(LoginfailOperate.java:50)
	at com.liangxin.actions.LoginfailOperate.getLoginName(LoginfailOperate.java:50)
	at com.liangxin.actions.LoginfailOperate.getLoginName(LoginfailOperate.java:50)
	at com.liangxin.actions.LoginfailOperate.getLoginName(LoginfailOperate.java:50)
	at com.liangxin.actions.LoginfailOperate.getLoginName(LoginfailOperate.java:50)
	at com.liangxin.actions.LoginfailOperate.getLoginName(LoginfailOperate.java:50)
	at com.liangxin.actions.LoginfailOperate.getLoginName(LoginfailOperate.java:50)
	at com.liangxin.actions.LoginfailOperate.getLoginName(LoginfailOperate.java:50)
	at com.liangxin.actions.LoginfailOperate.getLoginName(LoginfailOperate.java:50)
	at com.liangxin.actions.LoginfailOperate.getLoginName(LoginfailOperate.java:50)
	at com.liangxin.actions.LoginfailOperate.getLoginName(LoginfailOperate.java:50)
	at com.liangxin.actions.LoginfailOperate.getLoginName(LoginfailOperate.java:50)
	at com.liangxin.actions.LoginfailOperate.getLoginName(LoginfailOperate.java:50)
	at com.liangxin.actions.LoginfailOperate.getLoginName(LoginfailOperate.java:50)
	at com.liangxin.actions.LoginfailOperate.getLoginName(LoginfailOperate.java:50)
	at com.liangxin.actions.LoginfailOperate.getLoginName(LoginfailOperate.java:50)
	at com.liangxin.actions.LoginfailOperate.getLoginName(LoginfailOperate.java:50)
	at com.liangxin.actions.LoginfailOperate.getLoginName(LoginfailOperate.java:50)
	at com.liangxin.actions.LoginfailOperate.getLoginName(LoginfailOperate.java:50)
	at com.liangxin.actions.LoginfailOperate.getLoginName(LoginfailOperate.java:50)
	at com.liangxin.actions.LoginfailOperate.getLoginName(LoginfailOperate.java:50)
	at com.liangxin.actions.LoginfailOperate.getLoginName(LoginfailOperate.java:50)
	at com.liangxin.actions.LoginfailOperate.getLoginName(LoginfailOperate.java:50)
	at com.liangxin.actions.LoginfailOperate.getLoginName(LoginfailOperate.java:50)
	at com.liangxin.actions.LoginfailOperate.getLoginName(LoginfailOperate.java:50)
	at com.liangxin.actions.LoginfailOperate.getLoginName(LoginfailOperate.java:50)
	at com.liangxin.actions.LoginfailOperate.getLoginName(LoginfailOperate.java:50)
	at com.liangxin.actions.LoginfailOperate.getLoginName(LoginfailOperate.java:50)
	at com.liangxin.actions.LoginfailOperate.getLoginName(LoginfailOperate.java:50)
	at com.liangxin.actions.LoginfailOperate.getLoginName(LoginfailOperate.java:50)
	at com.liangxin.actions.LoginfailOperate.getLoginName(LoginfailOperate.java:50)
	at com.liangxin.actions.LoginfailOperate.getLoginName(LoginfailOperate.java:50)
	at com.liangxin.actions.LoginfailOperate.getLoginName(LoginfailOperate.java:50)
	at com.liangxin.actions.LoginfailOperate.getLoginName(LoginfailOperate.java:50)
	at com.liangxin.actions.LoginfailOperate.getLoginName(LoginfailOperate.java:50)
	at com.liangxin.actions.LoginfailOperate.getLoginName(LoginfailOperate.java:50)
	at com.liangxin.actions.LoginfailOperate.getLoginName(LoginfailOperate.java:50)
	at com.liangxin.actions.LoginfailOperate.getLoginName(LoginfailOperate.java:50)
	at com.liangxin.actions.LoginfailOperate.getLoginName(LoginfailOperate.java:50)
	at com.liangxin.actions.LoginfailOperate.getLoginName(LoginfailOperate.java:50)
	at com.liangxin.actions.LoginfailOperate.getLoginName(LoginfailOperate.java:50)
	at com.liangxin.actions.LoginfailOperate.getLoginName(LoginfailOperate.java:50)
	at com.liangxin.actions.LoginfailOperate.getLoginName(LoginfailOperate.java:50)
	at com.liangxin.actions.LoginfailOperate.getLoginName(LoginfailOperate.java:50)
	at com.liangxin.actions.LoginfailOperate.getLoginName(LoginfailOperate.java:50)
	at com.liangxin.actions.LoginfailOperate.getLoginName(LoginfailOperate.java:50)
	at com.liangxin.actions.LoginfailOperate.getLoginName(LoginfailOperate.java:50)
	at com.liangxin.actions.LoginfailOperate.getLoginName(LoginfailOperate.java:50)
	at com.liangxin.actions.LoginfailOperate.getLoginName(LoginfailOperate.java:50)
	at com.liangxin.actions.LoginfailOperate.getLoginName(LoginfailOperate.java:50)
	at com.liangxin.actions.LoginfailOperate.getLoginName(LoginfailOperate.java:50)
	at com.liangxin.actions.LoginfailOperate.getLoginName(LoginfailOperate.java:50)
	at com.liangxin.actions.LoginfailOperate.getLoginName(LoginfailOperate.java:50)
	at com.liangxin.actions.LoginfailOperate.getLoginName(LoginfailOperate.java:50)
	at com.liangxin.actions.LoginfailOperate.getLoginName(LoginfailOperate.java:50)
	at com.liangxin.actions.LoginfailOperate.getLoginName(LoginfailOperate.java:50)
	at com.liangxin.actions.LoginfailOperate.getLoginName(LoginfailOperate.java:50)
	at com.liangxin.actions.LoginfailOperate.getLoginName(LoginfailOperate.java:50)
	at com.liangxin.actions.LoginfailOperate.getLoginName(LoginfailOperate.java:50)
	at com.liangxin.actions.LoginfailOperate.getLoginName(LoginfailOperate.java:50)
	at com.liangxin.actions.LoginfailOperate.getLoginName(LoginfailOperate.java:50)
	at com.liangxin.actions.LoginfailOperate.getLoginName(LoginfailOperate.java:50)
	at com.liangxin.actions.LoginfailOperate.getLoginName(LoginfailOperate.java:50)
	at com.liangxin.actions.LoginfailOperate.getLoginName(LoginfailOperate.java:50)
	at com.liangxin.actions.LoginfailOperate.getLoginName(LoginfailOperate.java:50)
	at com.liangxin.actions.LoginfailOperate.getLoginName(LoginfailOperate.java:50)
	at com.liangxin.actions.LoginfailOperate.getLoginName(LoginfailOperate.java:50)
	at com.liangxin.actions.LoginfailOperate.getLoginName(LoginfailOperate.java:50)
	at com.liangxin.actions.LoginfailOperate.getLoginName(LoginfailOperate.java:50)
	at com.liangxin.actions.LoginfailOperate.getLoginName(LoginfailOperate.java:50)
	at com.liangxin.actions.LoginfailOperate.getLoginName(LoginfailOperate.java:50)
	at com.liangxin.actions.LoginfailOperate.getLoginName(LoginfailOperate.java:50)
	at com.liangxin.actions.LoginfailOperate.getLoginName(LoginfailOperate.java:50)
	at com.liangxin.actions.LoginfailOperate.getLoginName(LoginfailOperate.java:50)
	at com.liangxin.actions.LoginfailOperate.getLoginName(LoginfailOperate.java:50)
	at com.liangxin.actions.LoginfailOperate.getLoginName(LoginfailOperate.java:50)
	at com.liangxin.actions.LoginfailOperate.getLoginName(LoginfailOperate.java:50)
	at com.liangxin.actions.LoginfailOperate.getLoginName(LoginfailOperate.java:50)
	at com.liangxin.actions.LoginfailOperate.getLoginName(LoginfailOperate.java:50)
	at com.liangxin.actions.LoginfailOperate.getLoginName(LoginfailOperate.java:50)
	at com.liangxin.actions.LoginfailOperate.getLoginName(LoginfailOperate.java:50)
	at com.liangxin.actions.LoginfailOperate.getLoginName(LoginfailOperate.java:50)
	at com.liangxin.actions.LoginfailOperate.getLoginName(LoginfailOperate.java:50)
	at com.liangxin.actions.LoginfailOperate.getLoginName(LoginfailOperate.java:50)
	at com.liangxin.actions.LoginfailOperate.getLoginName(LoginfailOperate.java:50)
	at com.liangxin.actions.LoginfailOperate.getLoginName(LoginfailOperate.java:50)
	at com.liangxin.actions.LoginfailOperate.getLoginName(LoginfailOperate.java:50)
	at com.liangxin.actions.LoginfailOperate.getLoginName(LoginfailOperate.java:50)
	at com.liangxin.actions.LoginfailOperate.getLoginName(LoginfailOperate.java:50)
	at com.liangxin.actions.LoginfailOperate.getLoginName(LoginfailOperate.java:50)
	at com.liangxin.actions.LoginfailOperate.getLoginName(LoginfailOperate.java:50)
	at com.liangxin.actions.LoginfailOperate.getLoginName(LoginfailOperate.java:50)
	at com.liangxin.actions.LoginfailOperate.getLoginName(LoginfailOperate.java:50)
	at com.liangxin.actions.LoginfailOperate.getLoginName(LoginfailOperate.java:50)
	at com.liangxin.actions.LoginfailOperate.getLoginName(LoginfailOperate.java:50)
	at com.liangxin.actions.LoginfailOperate.getLoginName(LoginfailOperate.java:50)
	at com.liangxin.actions.LoginfailOperate.getLoginName(LoginfailOperate.java:50)
	at com.liangxin.actions.LoginfailOperate.getLoginName(LoginfailOperate.java:50)
	at com.liangxin.actions.LoginfailOperate.getLoginName(LoginfailOperate.java:50)
	at com.liangxin.actions.LoginfailOperate.getLoginName(LoginfailOperate.java:50)
	at com.liangxin.actions.LoginfailOperate.getLoginName(LoginfailOperate.java:50)
	at com.liangxin.actions.LoginfailOperate.getLoginName(LoginfailOperate.java:50)
	at com.liangxin.actions.LoginfailOperate.getLoginName(LoginfailOperate.java:50)
	at com.liangxin.actions.LoginfailOperate.getLoginName(LoginfailOperate.java:50)
	at com.liangxin.actions.LoginfailOperate.getLoginName(LoginfailOperate.java:50)
	at com.liangxin.actions.LoginfailOperate.getLoginName(LoginfailOperate.java:50)
	at com.liangxin.actions.LoginfailOperate.getLoginName(LoginfailOperate.java:50)
	at com.liangxin.actions.LoginfailOperate.getLoginName(LoginfailOperate.java:50)
	at com.liangxin.actions.LoginfailOperate.getLoginName(LoginfailOperate.java:50)
	at com.liangxin.actions.LoginfailOperate.getLoginName(LoginfailOperate.java:50)
	at com.liangxin.actions.LoginfailOperate.getLoginName(LoginfailOperate.java:50)
	at com.liangxin.actions.LoginfailOperate.getLoginName(LoginfailOperate.java:50)
	at com.liangxin.actions.LoginfailOperate.getLoginName(LoginfailOperate.java:50)
	at com.liangxin.actions.LoginfailOperate.getLoginName(LoginfailOperate.java:50)
	at com.liangxin.actions.LoginfailOperate.getLoginName(LoginfailOperate.java:50)
	at com.liangxin.actions.LoginfailOperate.getLoginName(LoginfailOperate.java:50)
	at com.liangxin.actions.LoginfailOperate.getLoginName(LoginfailOperate.java:50)
	at com.liangxin.actions.LoginfailOperate.getLoginName(LoginfailOperate.java:50)
	at com.liangxin.actions.LoginfailOperate.getLoginName(LoginfailOperate.java:50)
	at com.liangxin.actions.LoginfailOperate.getLoginName(LoginfailOperate.java:50)
	at com.liangxin.actions.LoginfailOperate.getLoginName(LoginfailOperate.java:50)
	at com.liangxin.actions.LoginfailOperate.getLoginName(LoginfailOperate.java:50)
	at com.liangxin.actions.LoginfailOperate.getLoginName(LoginfailOperate.java:50)
	at com.liangxin.actions.LoginfailOperate.getLoginName(LoginfailOperate.java:50)
	at com.liangxin.actions.LoginfailOperate.getLoginName(LoginfailOperate.java:50)
	at com.liangxin.actions.LoginfailOperate.getLoginName(LoginfailOperate.java:50)
	at com.liangxin.actions.LoginfailOperate.getLoginName(LoginfailOperate.java:50)
	at com.liangxin.actions.LoginfailOperate.getLoginName(LoginfailOperate.java:50)
	at com.liangxin.actions.LoginfailOperate.getLoginName(LoginfailOperate.java:50)
	at com.liangxin.actions.LoginfailOperate.getLoginName(LoginfailOperate.java:50)
	at com.liangxin.actions.LoginfailOperate.getLoginName(LoginfailOperate.java:50)
	at com.liangxin.actions.LoginfailOperate.getLoginName(LoginfailOperate.java:50)
	at com.liangxin.actions.LoginfailOperate.getLoginName(LoginfailOperate.java:50)
	at com.liangxin.actions.LoginfailOperate.getLoginName(LoginfailOperate.java:50)
	at com.liangxin.actions.LoginfailOperate.getLoginName(LoginfailOperate.java:50)
	at com.liangxin.actions.LoginfailOperate.getLoginName(LoginfailOperate.java:50)
	at com.liangxin.actions.LoginfailOperate.getLoginName(LoginfailOperate.java:50)
	at com.liangxin.actions.LoginfailOperate.getLoginName(LoginfailOperate.java:50)
	at com.liangxin.actions.LoginfailOperate.getLoginName(LoginfailOperate.java:50)
	at com.liangxin.actions.LoginfailOperate.getLoginName(LoginfailOperate.java:50)
	at com.liangxin.actions.LoginfailOperate.getLoginName(LoginfailOperate.java:50)
	at com.liangxin.actions.LoginfailOperate.getLoginName(LoginfailOperate.java:50)
	at com.liangxin.actions.LoginfailOperate.getLoginName(LoginfailOperate.java:50)
	at com.liangxin.actions.LoginfailOperate.getLoginName(LoginfailOperate.java:50)
	at com.liangxin.actions.LoginfailOperate.getLoginName(LoginfailOperate.java:50)
	at com.liangxin.actions.LoginfailOperate.getLoginName(LoginfailOperate.java:50)
	at com.liangxin.actions.LoginfailOperate.getLoginName(LoginfailOperate.java:50)
	at com.liangxin.actions.LoginfailOperate.getLoginName(LoginfailOperate.java:50)
	at com.liangxin.actions.LoginfailOperate.getLoginName(LoginfailOperate.java:50)
	at com.liangxin.actions.LoginfailOperate.getLoginName(LoginfailOperate.java:50)
	at com.liangxin.actions.LoginfailOperate.getLoginName(LoginfailOperate.java:50)
	at com.liangxin.actions.LoginfailOperate.getLoginName(LoginfailOperate.java:50)
	at com.liangxin.actions.LoginfailOperate.getLoginName(LoginfailOperate.java:50)
	at com.liangxin.actions.LoginfailOperate.getLoginName(LoginfailOperate.java:50)
	at com.liangxin.actions.LoginfailOperate.getLoginName(LoginfailOperate.java:50)
	at com.liangxin.actions.LoginfailOperate.getLoginName(LoginfailOperate.java:50)
	at com.liangxin.actions.LoginfailOperate.getLoginName(LoginfailOperate.java:50)
	at com.liangxin.actions.LoginfailOperate.getLoginName(LoginfailOperate.java:50)
	at com.liangxin.actions.LoginfailOperate.getLoginName(LoginfailOperate.java:50)
	at com.liangxin.actions.LoginfailOperate.getLoginName(LoginfailOperate.java:50)
	at com.liangxin.actions.LoginfailOperate.getLoginName(LoginfailOperate.java:50)
	at com.liangxin.actions.LoginfailOperate.getLoginName(LoginfailOperate.java:50)
	at com.liangxin.actions.LoginfailOperate.getLoginName(LoginfailOperate.java:50)
	at com.liangxin.actions.LoginfailOperate.getLoginName(LoginfailOperate.java:50)
	at com.liangxin.actions.LoginfailOperate.getLoginName(LoginfailOperate.java:50)
	at com.liangxin.actions.LoginfailOperate.getLoginName(LoginfailOperate.java:50)
	at com.liangxin.actions.LoginfailOperate.getLoginName(LoginfailOperate.java:50)
	at com.liangxin.actions.LoginfailOperate.getLoginName(LoginfailOperate.java:50)
	at com.liangxin.actions.LoginfailOperate.getLoginName(LoginfailOperate.java:50)
	at com.liangxin.actions.LoginfailOperate.getLoginName(LoginfailOperate.java:50)
	at com.liangxin.actions.LoginfailOperate.getLoginName(LoginfailOperate.java:50)
	at com.liangxin.actions.LoginfailOperate.getLoginName(LoginfailOperate.java:50)
	at com.liangxin.actions.LoginfailOperate.getLoginName(LoginfailOperate.java:50)
	at com.liangxin.actions.LoginfailOperate.getLoginName(LoginfailOperate.java:50)
	at com.liangxin.actions.LoginfailOperate.getLoginName(LoginfailOperate.java:50)
	at com.liangxin.actions.LoginfailOperate.getLoginName(LoginfailOperate.java:50)
	at com.liangxin.actions.LoginfailOperate.getLoginName(LoginfailOperate.java:50)
	at com.liangxin.actions.LoginfailOperate.getLoginName(LoginfailOperate.java:50)
	at com.liangxin.actions.LoginfailOperate.getLoginName(LoginfailOperate.java:50)
	at com.liangxin.actions.LoginfailOperate.getLoginName(LoginfailOperate.java:50)
	at com.liangxin.actions.LoginfailOperate.getLoginName(LoginfailOperate.java:50)
	at com.liangxin.actions.LoginfailOperate.getLoginName(LoginfailOperate.java:50)
	at com.liangxin.actions.LoginfailOperate.getLoginName(LoginfailOperate.java:50)
	at com.liangxin.actions.LoginfailOperate.getLoginName(LoginfailOperate.java:50)
	at com.liangxin.actions.LoginfailOperate.getLoginName(LoginfailOperate.java:50)
	at com.liangxin.actions.LoginfailOperate.getLoginName(LoginfailOperate.java:50)
	at com.liangxin.actions.LoginfailOperate.getLoginName(LoginfailOperate.java:50)
	at com.liangxin.actions.LoginfailOperate.getLoginName(LoginfailOperate.java:50)
	at com.liangxin.actions.LoginfailOperate.getLoginName(LoginfailOperate.java:50)
	at com.liangxin.actions.LoginfailOperate.getLoginName(LoginfailOperate.java:50)
	at com.liangxin.actions.LoginfailOperate.getLoginName(LoginfailOperate.java:50)
	at com.liangxin.actions.LoginfailOperate.getLoginName(LoginfailOperate.java:50)
	at com.liangxin.actions.LoginfailOperate.getLoginName(LoginfailOperate.java:50)
	at com.liangxin.actions.LoginfailOperate.getLoginName(LoginfailOperate.java:50)
	at com.liangxin.actions.LoginfailOperate.getLoginName(LoginfailOperate.java:50)
	at com.liangxin.actions.LoginfailOperate.getLoginName(LoginfailOperate.java:50)
	at com.liangxin.actions.LoginfailOperate.getLoginName(LoginfailOperate.java:50)
	at com.liangxin.actions.LoginfailOperate.getLoginName(LoginfailOperate.java:50)
	at com.liangxin.actions.LoginfailOperate.getLoginName(LoginfailOperate.java:50)
	at com.liangxin.actions.LoginfailOperate.getLoginName(LoginfailOperate.java:50)
	at com.liangxin.actions.LoginfailOperate.getLoginName(LoginfailOperate.java:50)
	at com.liangxin.actions.LoginfailOperate.getLoginName(LoginfailOperate.java:50)
	at com.liangxin.actions.LoginfailOperate.getLoginName(LoginfailOperate.java:50)
	at com.liangxin.actions.LoginfailOperate.getLoginName(LoginfailOperate.java:50)
	at com.liangxin.actions.LoginfailOperate.getLoginName(LoginfailOperate.java:50)
	at com.liangxin.actions.LoginfailOperate.getLoginName(LoginfailOperate.java:50)
	at com.liangxin.actions.LoginfailOperate.getLoginName(LoginfailOperate.java:50)
	at com.liangxin.actions.LoginfailOperate.getLoginName(LoginfailOperate.java:50)
	at com.liangxin.actions.LoginfailOperate.getLoginName(LoginfailOperate.java:50)
	at com.liangxin.actions.LoginfailOperate.getLoginName(LoginfailOperate.java:50)
	at com.liangxin.actions.LoginfailOperate.getLoginName(LoginfailOperate.java:50)
	at com.liangxin.actions.LoginfailOperate.getLoginName(LoginfailOperate.java:50)
	at com.liangxin.actions.LoginfailOperate.getLoginName(LoginfailOperate.java:50)
	at com.liangxin.actions.LoginfailOperate.getLoginName(LoginfailOperate.java:50)
	at com.liangxin.actions.LoginfailOperate.getLoginName(LoginfailOperate.java:50)
	at com.liangxin.actions.LoginfailOperate.getLoginName(LoginfailOperate.java:50)
	at com.liangxin.actions.LoginfailOperate.getLoginName(LoginfailOperate.java:50)
	at com.liangxin.actions.LoginfailOperate.getLoginName(LoginfailOperate.java:50)
	at com.liangxin.actions.LoginfailOperate.getLoginName(LoginfailOperate.java:50)
	at com.liangxin.actions.LoginfailOperate.getLoginName(LoginfailOperate.java:50)
	at com.liangxin.actions.LoginfailOperate.getLoginName(LoginfailOperate.java:50)
	at com.liangxin.actions.LoginfailOperate.getLoginName(LoginfailOperate.java:50)
	at com.liangxin.actions.LoginfailOperate.getLoginName(LoginfailOperate.java:50)
	at com.liangxin.actions.LoginfailOperate.getLoginName(LoginfailOperate.java:50)
	at com.liangxin.actions.LoginfailOperate.getLoginName(LoginfailOperate.java:50)
	at com.liangxin.actions.LoginfailOperate.getLoginName(LoginfailOperate.java:50)
	at com.liangxin.actions.LoginfailOperate.getLoginName(LoginfailOperate.java:50)
	at com.liangxin.actions.LoginfailOperate.getLoginName(LoginfailOperate.java:50)
	at com.liangxin.actions.LoginfailOperate.getLoginName(LoginfailOperate.java:50)
	at com.liangxin.actions.LoginfailOperate.getLoginName(LoginfailOperate.java:50)
	at com.liangxin.actions.LoginfailOperate.getLoginName(LoginfailOperate.java:50)
	at com.liangxin.actions.LoginfailOperate.getLoginName(LoginfailOperate.java:50)
	at com.liangxin.actions.LoginfailOperate.getLoginName(LoginfailOperate.java:50)
	at com.liangxin.actions.LoginfailOperate.getLoginName(LoginfailOperate.java:50)
	at com.liangxin.actions.LoginfailOperate.getLoginName(LoginfailOperate.java:50)
	at com.liangxin.actions.LoginfailOperate.getLoginName(LoginfailOperate.java:50)
	at com.liangxin.actions.LoginfailOperate.getLoginName(LoginfailOperate.java:50)
	at com.liangxin.actions.LoginfailOperate.getLoginName(LoginfailOperate.java:50)
	at com.liangxin.actions.LoginfailOperate.getLoginName(LoginfailOperate.java:50)
	at com.liangxin.actions.LoginfailOperate.getLoginName(LoginfailOperate.java:50)
	at com.liangxin.actions.LoginfailOperate.getLoginName(LoginfailOperate.java:50)
	at com.liangxin.actions.LoginfailOperate.getLoginName(LoginfailOperate.java:50)
	at com.liangxin.actions.LoginfailOperate.getLoginName(LoginfailOperate.java:50)
	at com.liangxin.actions.LoginfailOperate.getLoginName(LoginfailOperate.java:50)
	at com.liangxin.actions.LoginfailOperate.getLoginName(LoginfailOperate.java:50)
	at com.liangxin.actions.LoginfailOperate.getLoginName(LoginfailOperate.java:50)
	at com.liangxin.actions.LoginfailOperate.getLoginName(LoginfailOperate.java:50)
	at com.liangxin.actions.LoginfailOperate.getLoginName(LoginfailOperate.java:50)
	at com.liangxin.actions.LoginfailOperate.getLoginName(LoginfailOperate.java:50)
	at com.liangxin.actions.LoginfailOperate.getLoginName(LoginfailOperate.java:50)
	at com.liangxin.actions.LoginfailOperate.getLoginName(LoginfailOperate.java:50)
	at com.liangxin.actions.LoginfailOperate.getLoginName(LoginfailOperate.java:50)
	at com.liangxin.actions.LoginfailOperate.getLoginName(LoginfailOperate.java:50)
	at com.liangxin.actions.LoginfailOperate.getLoginName(LoginfailOperate.java:50)
	at com.liangxin.actions.LoginfailOperate.getLoginName(LoginfailOperate.java:50)
	at com.liangxin.actions.LoginfailOperate.getLoginName(LoginfailOperate.java:50)
	at com.liangxin.actions.LoginfailOperate.getLoginName(LoginfailOperate.java:50)
	at com.liangxin.actions.LoginfailOperate.getLoginName(LoginfailOperate.java:50)
	at com.liangxin.actions.LoginfailOperate.getLoginName(LoginfailOperate.java:50)
	at com.liangxin.actions.LoginfailOperate.getLoginName(LoginfailOperate.java:50)
	at com.liangxin.actions.LoginfailOperate.getLoginName(LoginfailOperate.java:50)
	at com.liangxin.actions.LoginfailOperate.getLoginName(LoginfailOperate.java:50)
	at com.liangxin.actions.LoginfailOperate.getLoginName(LoginfailOperate.java:50)
	at com.liangxin.actions.LoginfailOperate.getLoginName(LoginfailOperate.java:50)
	at com.liangxin.actions.LoginfailOperate.getLoginName(LoginfailOperate.java:50)
	at com.liangxin.actions.LoginfailOperate.getLoginName(LoginfailOperate.java:50)
	at com.liangxin.actions.LoginfailOperate.getLoginName(LoginfailOperate.java:50)
	at com.liangxin.actions.LoginfailOperate.getLoginName(LoginfailOperate.java:50)
	at com.liangxin.actions.LoginfailOperate.getLoginName(LoginfailOperate.java:50)
	at com.liangxin.actions.LoginfailOperate.getLoginName(LoginfailOperate.java:50)
	at com.liangxin.actions.LoginfailOperate.getLoginName(LoginfailOperate.java:50)
	at com.liangxin.actions.LoginfailOperate.getLoginName(LoginfailOperate.java:50)
	at com.liangxin.actions.LoginfailOperate.getLoginName(LoginfailOperate.java:50)
	at com.liangxin.actions.LoginfailOperate.getLoginName(LoginfailOperate.java:50)
	at com.liangxin.actions.LoginfailOperate.getLoginName(LoginfailOperate.java:50)
	at com.liangxin.actions.LoginfailOperate.getLoginName(LoginfailOperate.java:50)
	at com.liangxin.actions.LoginfailOperate.getLoginName(LoginfailOperate.java:50)
	at com.liangxin.actions.LoginfailOperate.getLoginName(LoginfailOperate.java:50)
	at com.liangxin.actions.LoginfailOperate.getLoginName(LoginfailOperate.java:50)
	at com.liangxin.actions.LoginfailOperate.getLoginName(LoginfailOperate.java:50)
	at com.liangxin.actions.LoginfailOperate.getLoginName(LoginfailOperate.java:50)
	at com.liangxin.actions.LoginfailOperate.getLoginName(LoginfailOperate.java:50)
	at com.liangxin.actions.LoginfailOperate.getLoginName(LoginfailOperate.java:50)
	at com.liangxin.actions.LoginfailOperate.getLoginName(LoginfailOperate.java:50)
	at com.liangxin.actions.LoginfailOperate.getLoginName(LoginfailOperate.java:50)
	at com.liangxin.actions.LoginfailOperate.getLoginName(LoginfailOperate.java:50)
	at com.liangxin.actions.LoginfailOperate.getLoginName(LoginfailOperate.java:50)
	at com.liangxin.actions.LoginfailOperate.getLoginName(LoginfailOperate.java:50)
	at com.liangxin.actions.LoginfailOperate.getLoginName(LoginfailOperate.java:50)
	at com.liangxin.actions.LoginfailOperate.getLoginName(LoginfailOperate.java:50)
	at com.liangxin.actions.LoginfailOperate.getLoginName(LoginfailOperate.java:50)
	at com.liangxin.actions.LoginfailOperate.getLoginName(LoginfailOperate.java:50)
	at com.liangxin.actions.LoginfailOperate.getLoginName(LoginfailOperate.java:50)
	at com.liangxin.actions.LoginfailOperate.getLoginName(LoginfailOperate.java:50)
	at com.liangxin.actions.LoginfailOperate.getLoginName(LoginfailOperate.java:50)
	at com.liangxin.actions.LoginfailOperate.getLoginName(LoginfailOperate.java:50)
	at com.liangxin.actions.LoginfailOperate.getLoginName(LoginfailOperate.java:50)
	at com.liangxin.actions.LoginfailOperate.getLoginName(LoginfailOperate.java:50)
	at com.liangxin.actions.LoginfailOperate.getLoginName(LoginfailOperate.java:50)
	at com.liangxin.actions.LoginfailOperate.getLoginName(LoginfailOperate.java:50)
	at com.liangxin.actions.LoginfailOperate.getLoginName(LoginfailOperate.java:50)
	at com.liangxin.actions.LoginfailOperate.getLoginName(LoginfailOperate.java:50)
	at com.liangxin.actions.LoginfailOperate.getLoginName(LoginfailOperate.java:50)
	at com.liangxin.actions.LoginfailOperate.getLoginName(LoginfailOperate.java:50)
	at com.liangxin.actions.LoginfailOperate.getLoginName(LoginfailOperate.java:50)
	at com.liangxin.actions.LoginfailOperate.getLoginName(LoginfailOperate.java:50)
	at com.liangxin.actions.LoginfailOperate.getLoginName(LoginfailOperate.java:50)
	at com.liangxin.actions.LoginfailOperate.getLoginName(LoginfailOperate.java:50)
	at com.liangxin.actions.LoginfailOperate.getLoginName(LoginfailOperate.java:50)
	at com.liangxin.actions.LoginfailOperate.getLoginName(LoginfailOperate.java:50)
	at com.liangxin.actions.LoginfailOperate.getLoginName(LoginfailOperate.java:50)
	at com.liangxin.actions.LoginfailOperate.getLoginName(LoginfailOperate.java:50)
	at com.liangxin.actions.LoginfailOperate.getLoginName(LoginfailOperate.java:50)
	at com.liangxin.actions.LoginfailOperate.getLoginName(LoginfailOperate.java:50)
	at com.liangxin.actions.LoginfailOperate.getLoginName(LoginfailOperate.java:50)
	at com.liangxin.actions.LoginfailOperate.getLoginName(LoginfailOperate.java:50)
	at com.liangxin.actions.LoginfailOperate.getLoginName(LoginfailOperate.java:50)
	at com.liangxin.actions.LoginfailOperate.getLoginName(LoginfailOperate.java:50)
	at com.liangxin.actions.LoginfailOperate.getLoginName(LoginfailOperate.java:50)
	at com.liangxin.actions.LoginfailOperate.getLoginName(LoginfailOperate.java:50)
	at com.liangxin.actions.LoginfailOperate.getLoginName(LoginfailOperate.java:50)
	at com.liangxin.actions.LoginfailOperate.getLoginName(LoginfailOperate.java:50)
	at com.liangxin.actions.LoginfailOperate.getLoginName(LoginfailOperate.java:50)
	at com.liangxin.actions.LoginfailOperate.getLoginName(LoginfailOperate.java:50)
	at com.liangxin.actions.LoginfailOperate.getLoginName(LoginfailOperate.java:50)
	at com.liangxin.actions.LoginfailOperate.getLoginName(LoginfailOperate.java:50)
	at com.liangxin.actions.LoginfailOperate.getLoginName(LoginfailOperate.java:50)
	at com.liangxin.actions.LoginfailOperate.getLoginName(LoginfailOperate.java:50)
	at com.liangxin.actions.LoginfailOperate.getLoginName(LoginfailOperate.java:50)
	at com.liangxin.actions.LoginfailOperate.getLoginName(LoginfailOperate.java:50)
	at com.liangxin.actions.LoginfailOperate.getLoginName(LoginfailOperate.java:50)
	at com.liangxin.actions.LoginfailOperate.getLoginName(LoginfailOperate.java:50)
	at com.liangxin.actions.LoginfailOperate.getLoginName(LoginfailOperate.java:50)
	at com.liangxin.actions.LoginfailOperate.getLoginName(LoginfailOperate.java:50)
	at com.liangxin.actions.LoginfailOperate.getLoginName(LoginfailOperate.java:50)
	at com.liangxin.actions.LoginfailOperate.getLoginName(LoginfailOperate.java:50)
	at com.liangxin.actions.LoginfailOperate.getLoginName(LoginfailOperate.java:50)
	at com.liangxin.actions.LoginfailOperate.getLoginName(LoginfailOperate.java:50)
	at com.liangxin.actions.LoginfailOperate.getLoginName(LoginfailOperate.java:50)
	at com.liangxin.actions.LoginfailOperate.getLoginName(LoginfailOperate.java:50)
	at com.liangxin.actions.LoginfailOperate.getLoginName(LoginfailOperate.java:50)
	at com.liangxin.actions.LoginfailOperate.getLoginName(LoginfailOperate.java:50)
	at com.liangxin.actions.LoginfailOperate.getLoginName(LoginfailOperate.java:50)
	at com.liangxin.actions.LoginfailOperate.getLoginName(LoginfailOperate.java:50)
	at com.liangxin.actions.LoginfailOperate.getLoginName(LoginfailOperate.java:50)
	at com.liangxin.actions.LoginfailOperate.getLoginName(LoginfailOperate.java:50)
	at com.liangxin.actions.LoginfailOperate.getLoginName(LoginfailOperate.java:50)
	at com.liangxin.actions.LoginfailOperate.getLoginName(LoginfailOperate.java:50)
	at com.liangxin.actions.LoginfailOperate.getLoginName(LoginfailOperate.java:50)
	at com.liangxin.actions.LoginfailOperate.getLoginName(LoginfailOperate.java:50)
	at com.liangxin.actions.LoginfailOperate.getLoginName(LoginfailOperate.java:50)
	at com.liangxin.actions.LoginfailOperate.getLoginName(LoginfailOperate.java:50)
	at com.liangxin.actions.LoginfailOperate.getLoginName(LoginfailOperate.java:50)
	at com.liangxin.actions.LoginfailOperate.getLoginName(LoginfailOperate.java:50)
	at com.liangxin.actions.LoginfailOperate.getLoginName(LoginfailOperate.java:50)
	at com.liangxin.actions.LoginfailOperate.getLoginName(LoginfailOperate.java:50)
	at com.liangxin.actions.LoginfailOperate.getLoginName(LoginfailOperate.java:50)
	at com.liangxin.actions.LoginfailOperate.getLoginName(LoginfailOperate.java:50)
	at com.liangxin.actions.LoginfailOperate.getLoginName(LoginfailOperate.java:50)
	at com.liangxin.actions.LoginfailOperate.getLoginName(LoginfailOperate.java:50)
	at com.liangxin.actions.LoginfailOperate.getLoginName(LoginfailOperate.java:50)
	at com.liangxin.actions.LoginfailOperate.getLoginName(LoginfailOperate.java:50)
	at com.liangxin.actions.LoginfailOperate.getLoginName(LoginfailOperate.java:50)
	at com.liangxin.actions.LoginfailOperate.getLoginName(LoginfailOperate.java:50)
	at com.liangxin.actions.LoginfailOperate.getLoginName(LoginfailOperate.java:50)
	at com.liangxin.actions.LoginfailOperate.getLoginName(LoginfailOperate.java:50)
	at com.liangxin.actions.LoginfailOperate.getLoginName(LoginfailOperate.java:50)
	at com.liangxin.actions.LoginfailOperate.getLoginName(LoginfailOperate.java:50)
	at com.liangxin.actions.LoginfailOperate.getLoginName(LoginfailOperate.java:50)
	at com.liangxin.actions.LoginfailOperate.getLoginName(LoginfailOperate.java:50)
	at com.liangxin.actions.LoginfailOperate.getLoginName(LoginfailOperate.java:50)
	at com.liangxin.actions.LoginfailOperate.getLoginName(LoginfailOperate.java:50)
	at com.liangxin.actions.LoginfailOperate.getLoginName(LoginfailOperate.java:50)
	at com.liangxin.actions.LoginfailOperate.getLoginName(LoginfailOperate.java:50)
	at com.liangxin.actions.LoginfailOperate.getLoginName(LoginfailOperate.java:50)
	at com.liangxin.actions.LoginfailOperate.getLoginName(LoginfailOperate.java:50)
	at com.liangxin.actions.LoginfailOperate.getLoginName(LoginfailOperate.java:50)
	at com.liangxin.actions.LoginfailOperate.getLoginName(LoginfailOperate.java:50)
	at com.liangxin.actions.LoginfailOperate.getLoginName(LoginfailOperate.java:50)
	at com.liangxin.actions.LoginfailOperate.getLoginName(LoginfailOperate.java:50)
	at com.liangxin.actions.LoginfailOperate.getLoginName(LoginfailOperate.java:50)
	at com.liangxin.actions.LoginfailOperate.getLoginName(LoginfailOperate.java:50)
	at com.liangxin.actions.LoginfailOperate.getLoginName(LoginfailOperate.java:50)
	at com.liangxin.actions.LoginfailOperate.getLoginName(LoginfailOperate.java:50)
	at com.liangxin.actions.LoginfailOperate.getLoginName(LoginfailOperate.java:50)
	at com.liangxin.actions.LoginfailOperate.getLoginName(LoginfailOperate.java:50)
	at com.liangxin.actions.LoginfailOperate.getLoginName(LoginfailOperate.java:50)
	at com.liangxin.actions.LoginfailOperate.getLoginName(LoginfailOperate.java:50)
	at com.liangxin.actions.LoginfailOperate.getLoginName(LoginfailOperate.java:50)
	at com.liangxin.actions.LoginfailOperate.getLoginName(LoginfailOperate.java:50)
	at com.liangxin.actions.LoginfailOperate.getLoginName(LoginfailOperate.java:50)
	at com.liangxin.actions.LoginfailOperate.getLoginName(LoginfailOperate.java:50)
	at com.liangxin.actions.LoginfailOperate.getLoginName(LoginfailOperate.java:50)
	at com.liangxin.actions.LoginfailOperate.getLoginName(LoginfailOperate.java:50)
	at com.liangxin.actions.LoginfailOperate.getLoginName(LoginfailOperate.java:50)
	at com.liangxin.actions.LoginfailOperate.getLoginName(LoginfailOperate.java:50)
	at com.liangxin.actions.LoginfailOperate.getLoginName(LoginfailOperate.java:50)
	at com.liangxin.actions.LoginfailOperate.getLoginName(LoginfailOperate.java:50)
	at com.liangxin.actions.LoginfailOperate.getLoginName(LoginfailOperate.java:50)
	at com.liangxin.actions.LoginfailOperate.getLoginName(LoginfailOperate.java:50)
	at com.liangxin.actions.LoginfailOperate.getLoginName(LoginfailOperate.java:50)
	at com.liangxin.actions.LoginfailOperate.getLoginName(LoginfailOperate.java:50)
	at com.liangxin.actions.LoginfailOperate.getLoginName(LoginfailOperate.java:50)
	at com.liangxin.actions.LoginfailOperate.getLoginName(LoginfailOperate.java:50)
	at com.liangxin.actions.LoginfailOperate.getLoginName(LoginfailOperate.java:50)
	at com.liangxin.actions.LoginfailOperate.getLoginName(LoginfailOperate.java:50)
	at com.liangxin.actions.LoginfailOperate.getLoginName(LoginfailOperate.java:50)
	at com.liangxin.actions.LoginfailOperate.getLoginName(LoginfailOperate.java:50)
	at com.liangxin.actions.LoginfailOperate.getLoginName(LoginfailOperate.java:50)
	at com.liangxin.actions.LoginfailOperate.getLoginName(LoginfailOperate.java:50)
	at com.liangxin.actions.LoginfailOperate.getLoginName(LoginfailOperate.java:50)
	at com.liangxin.actions.LoginfailOperate.getLoginName(LoginfailOperate.java:50)
	at com.liangxin.actions.LoginfailOperate.getLoginName(LoginfailOperate.java:50)
	at com.liangxin.actions.LoginfailOperate.getLoginName(LoginfailOperate.java:50)
	at com.liangxin.actions.LoginfailOperate.getLoginName(LoginfailOperate.java:50)
	at com.liangxin.actions.LoginfailOperate.getLoginName(LoginfailOperate.java:50)
	at com.liangxin.actions.LoginfailOperate.getLoginName(LoginfailOperate.java:50)
	at com.liangxin.actions.LoginfailOperate.getLoginName(LoginfailOperate.java:50)
	at com.liangxin.actions.LoginfailOperate.getLoginName(LoginfailOperate.java:50)
	at com.liangxin.actions.LoginfailOperate.getLoginName(LoginfailOperate.java:50)
	at com.liangxin.actions.LoginfailOperate.getLoginName(LoginfailOperate.java:50)
	at com.liangxin.actions.LoginfailOperate.getLoginName(LoginfailOperate.java:50)
	at com.liangxin.actions.LoginfailOperate.getLoginName(LoginfailOperate.java:50)
	at com.liangxin.actions.LoginfailOperate.getLoginName(LoginfailOperate.java:50)
	at com.liangxin.actions.LoginfailOperate.getLoginName(LoginfailOperate.java:50)
	at com.liangxin.actions.LoginfailOperate.getLoginName(LoginfailOperate.java:50)
	at com.liangxin.actions.LoginfailOperate.getLoginName(LoginfailOperate.java:50)
	at com.liangxin.actions.LoginfailOperate.getLoginName(LoginfailOperate.java:50)
	at com.liangxin.actions.LoginfailOperate.getLoginName(LoginfailOperate.java:50)
	at com.liangxin.actions.LoginfailOperate.getLoginName(LoginfailOperate.java:50)
	at com.liangxin.actions.LoginfailOperate.getLoginName(LoginfailOperate.java:50)
	at com.liangxin.actions.LoginfailOperate.getLoginName(LoginfailOperate.java:50)
	at com.liangxin.actions.LoginfailOperate.getLoginName(LoginfailOperate.java:50)
	at com.liangxin.actions.LoginfailOperate.getLoginName(LoginfailOperate.java:50)
	at com.liangxin.actions.LoginfailOperate.getLoginName(LoginfailOperate.java:50)
	at com.liangxin.actions.LoginfailOperate.getLoginName(LoginfailOperate.java:50)
	at com.liangxin.actions.LoginfailOperate.getLoginName(LoginfailOperate.java:50)
	at com.liangxin.actions.LoginfailOperate.getLoginName(LoginfailOperate.java:50)
	at com.liangxin.actions.LoginfailOperate.getLoginName(LoginfailOperate.java:50)
	at com.liangxin.actions.LoginfailOperate.getLoginName(LoginfailOperate.java:50)
	at com.liangxin.actions.LoginfailOperate.getLoginName(LoginfailOperate.java:50)
	at com.liangxin.actions.LoginfailOperate.getLoginName(LoginfailOperate.java:50)
	at com.liangxin.actions.LoginfailOperate.getLoginName(LoginfailOperate.java:50)
	at com.liangxin.actions.LoginfailOperate.getLoginName(LoginfailOperate.java:50)
	at com.liangxin.actions.LoginfailOperate.getLoginName(LoginfailOperate.java:50)
	at com.liangxin.actions.LoginfailOperate.getLoginName(LoginfailOperate.java:50)
	at com.liangxin.actions.LoginfailOperate.getLoginName(LoginfailOperate.java:50)
	at com.liangxin.actions.LoginfailOperate.getLoginName(LoginfailOperate.java:50)
	at com.liangxin.actions.LoginfailOperate.getLoginName(LoginfailOperate.java:50)
	at com.liangxin.actions.LoginfailOperate.getLoginName(LoginfailOperate.java:50)
	at com.liangxin.actions.LoginfailOperate.getLoginName(LoginfailOperate.java:50)
	at com.liangxin.actions.LoginfailOperate.getLoginName(LoginfailOperate.java:50)
	at com.liangxin.actions.LoginfailOperate.getLoginName(LoginfailOperate.java:50)
	at com.liangxin.actions.LoginfailOperate.getLoginName(LoginfailOperate.java:50)
	at com.liangxin.actions.LoginfailOperate.getLoginName(LoginfailOperate.java:50)
	at com.liangxin.actions.LoginfailOperate.getLoginName(LoginfailOperate.java:50)
	at com.liangxin.actions.LoginfailOperate.getLoginName(LoginfailOperate.java:50)
	at com.liangxin.actions.LoginfailOperate.getLoginName(LoginfailOperate.java:50)
	at com.liangxin.actions.LoginfailOperate.getLoginName(LoginfailOperate.java:50)
	at com.liangxin.actions.LoginfailOperate.getLoginName(LoginfailOperate.java:50)
	at com.liangxin.actions.LoginfailOperate.getLoginName(LoginfailOperate.java:50)
	at com.liangxin.actions.LoginfailOperate.getLoginName(LoginfailOperate.java:50)
	at com.liangxin.actions.LoginfailOperate.getLoginName(LoginfailOperate.java:50)
	at com.liangxin.actions.LoginfailOperate.getLoginName(LoginfailOperate.java:50)
	at com.liangxin.actions.LoginfailOperate.getLoginName(LoginfailOperate.java:50)
	at com.liangxin.actions.LoginfailOperate.getLoginName(LoginfailOperate.java:50)
	at com.liangxin.actions.LoginfailOperate.getLoginName(LoginfailOperate.java:50)
	at com.liangxin.actions.LoginfailOperate.getLoginName(LoginfailOperate.java:50)
	at com.liangxin.actions.LoginfailOperate.getLoginName(LoginfailOperate.java:50)
	at com.liangxin.actions.LoginfailOperate.getLoginName(LoginfailOperate.java:50)
	at com.liangxin.actions.LoginfailOperate.getLoginName(LoginfailOperate.java:50)
	at com.liangxin.actions.LoginfailOperate.getLoginName(LoginfailOperate.java:50)
	at com.liangxin.actions.LoginfailOperate.getLoginName(LoginfailOperate.java:50)
	at com.liangxin.actions.LoginfailOperate.getLoginName(LoginfailOperate.java:50)
	at com.liangxin.actions.LoginfailOperate.getLoginName(LoginfailOperate.java:50)
	at com.liangxin.actions.LoginfailOperate.getLoginName(LoginfailOperate.java:50)
	at com.liangxin.actions.LoginfailOperate.getLoginName(LoginfailOperate.java:50)
	at com.liangxin.actions.LoginfailOperate.getLoginName(LoginfailOperate.java:50)
	at com.liangxin.actions.LoginfailOperate.getLoginName(LoginfailOperate.java:50)
	at com.liangxin.actions.LoginfailOperate.getLoginName(LoginfailOperate.java:50)
	at com.liangxin.actions.LoginfailOperate.getLoginName(LoginfailOperate.java:50)
	at com.liangxin.actions.LoginfailOperate.getLoginName(LoginfailOperate.java:50)
	at com.liangxin.actions.LoginfailOperate.getLoginName(LoginfailOperate.java:50)
	at com.liangxin.actions.LoginfailOperate.getLoginName(LoginfailOperate.java:50)
	at com.liangxin.actions.LoginfailOperate.getLoginName(LoginfailOperate.java:50)
	at com.liangxin.actions.LoginfailOperate.getLoginName(LoginfailOperate.java:50)
	at com.liangxin.actions.LoginfailOperate.getLoginName(LoginfailOperate.java:50)
	at com.liangxin.actions.LoginfailOperate.getLoginName(LoginfailOperate.java:50)
	at com.liangxin.actions.LoginfailOperate.getLoginName(LoginfailOperate.java:50)
	at com.liangxin.actions.LoginfailOperate.getLoginName(LoginfailOperate.java:50)
	at com.liangxin.actions.LoginfailOperate.getLoginName(LoginfailOperate.java:50)
	at com.liangxin.actions.LoginfailOperate.getLoginName(LoginfailOperate.java:50)
	at com.liangxin.actions.LoginfailOperate.getLoginName(LoginfailOperate.java:50)
	at com.liangxin.actions.LoginfailOperate.getLoginName(LoginfailOperate.java:50)
	at com.liangxin.actions.LoginfailOperate.getLoginName(LoginfailOperate.java:50)
	at com.liangxin.actions.LoginfailOperate.getLoginName(LoginfailOperate.java:50)
	at com.liangxin.actions.LoginfailOperate.getLoginName(LoginfailOperate.java:50)
	at com.liangxin.actions.LoginfailOperate.getLoginName(LoginfailOperate.java:50)
	at com.liangxin.actions.LoginfailOperate.getLoginName(LoginfailOperate.java:50)
	at com.liangxin.actions.LoginfailOperate.getLoginName(LoginfailOperate.java:50)
	at com.liangxin.actions.LoginfailOperate.getLoginName(LoginfailOperate.java:50)
	at com.liangxin.actions.LoginfailOperate.getLoginName(LoginfailOperate.java:50)
	at com.liangxin.actions.LoginfailOperate.getLoginName(LoginfailOperate.java:50)
	at com.liangxin.actions.LoginfailOperate.getLoginName(LoginfailOperate.java:50)
	at com.liangxin.actions.LoginfailOperate.getLoginName(LoginfailOperate.java:50)
	at com.liangxin.actions.LoginfailOperate.getLoginName(LoginfailOperate.java:50)
	at com.liangxin.actions.LoginfailOperate.getLoginName(LoginfailOperate.java:50)
	at com.liangxin.actions.LoginfailOperate.getLoginName(LoginfailOperate.java:50)
	at com.liangxin.actions.LoginfailOperate.getLoginName(LoginfailOperate.java:50)
	at com.liangxin.actions.LoginfailOperate.getLoginName(LoginfailOperate.java:50)
	at com.liangxin.actions.LoginfailOperate.getLoginName(LoginfailOperate.java:50)
	at com.liangxin.actions.LoginfailOperate.getLoginName(LoginfailOperate.java:50)
	at com.liangxin.actions.LoginfailOperate.getLoginName(LoginfailOperate.java:50)
	at com.liangxin.actions.LoginfailOperate.getLoginName(LoginfailOperate.java:50)
	at com.liangxin.actions.LoginfailOperate.getLoginName(LoginfailOperate.java:50)
	at com.liangxin.actions.LoginfailOperate.getLoginName(LoginfailOperate.java:50)
	at com.liangxin.actions.LoginfailOperate.getLoginName(LoginfailOperate.java:50)
	at com.liangxin.actions.LoginfailOperate.getLoginName(LoginfailOperate.java:50)
	at com.liangxin.actions.LoginfailOperate.getLoginName(LoginfailOperate.java:50)
	at com.liangxin.actions.LoginfailOperate.getLoginName(LoginfailOperate.java:50)
	at com.liangxin.actions.LoginfailOperate.getLoginName(LoginfailOperate.java:50)
	at com.liangxin.actions.LoginfailOperate.getLoginName(LoginfailOperate.java:50)
	at com.liangxin.actions.LoginfailOperate.getLoginName(LoginfailOperate.java:50)
	at com.liangxin.actions.LoginfailOperate.getLoginName(LoginfailOperate.java:50)
	at com.liangxin.actions.LoginfailOperate.getLoginName(LoginfailOperate.java:50)
	at com.liangxin.actions.LoginfailOperate.getLoginName(LoginfailOperate.java:50)
	at com.liangxin.actions.LoginfailOperate.getLoginName(LoginfailOperate.java:50)
	at com.liangxin.actions.LoginfailOperate.getLoginName(LoginfailOperate.java:50)
	at com.liangxin.actions.LoginfailOperate.getLoginName(LoginfailOperate.java:50)
	at com.liangxin.actions.LoginfailOperate.getLoginName(LoginfailOperate.java:50)
	at com.liangxin.actions.LoginfailOperate.getLoginName(LoginfailOperate.java:50)
	at com.liangxin.actions.LoginfailOperate.getLoginName(LoginfailOperate.java:50)
	at com.liangxin.actions.LoginfailOperate.getLoginName(LoginfailOperate.java:50)
	at com.liangxin.actions.LoginfailOperate.getLoginName(LoginfailOperate.java:50)
	at com.liangxin.actions.LoginfailOperate.getLoginName(LoginfailOperate.java:50)
	at com.liangxin.actions.LoginfailOperate.getLoginName(LoginfailOperate.java:50)
	at com.liangxin.actions.LoginfailOperate.getLoginName(LoginfailOperate.java:50)
	at com.liangxin.actions.LoginfailOperate.getLoginName(LoginfailOperate.java:50)
	at com.liangxin.actions.LoginfailOperate.getLoginName(LoginfailOperate.java:50)
	at com.liangxin.actions.LoginfailOperate.getLoginName(LoginfailOperate.java:50)
	at com.liangxin.actions.LoginfailOperate.getLoginName(LoginfailOperate.java:50)
	at com.liangxin.actions.LoginfailOperate.getLoginName(LoginfailOperate.java:50)
	at com.liangxin.actions.LoginfailOperate.getLoginName(LoginfailOperate.java:50)
	at com.liangxin.actions.LoginfailOperate.getLoginName(LoginfailOperate.java:50)
	at com.liangxin.actions.LoginfailOperate.getLoginName(LoginfailOperate.java:50)
	at com.liangxin.actions.LoginfailOperate.getLoginName(LoginfailOperate.java:50)
	at com.liangxin.actions.LoginfailOperate.getLoginName(LoginfailOperate.java:50)
	at com.liangxin.actions.LoginfailOperate.getLoginName(LoginfailOperate.java:50)
	at com.liangxin.actions.LoginfailOperate.getLoginName(LoginfailOperate.java:50)
	at com.liangxin.actions.LoginfailOperate.getLoginName(LoginfailOperate.java:50)
	at com.liangxin.actions.LoginfailOperate.getLoginName(LoginfailOperate.java:50)
	at com.liangxin.actions.LoginfailOperate.getLoginName(LoginfailOperate.java:50)
	at com.liangxin.actions.LoginfailOperate.getLoginName(LoginfailOperate.java:50)
	at com.liangxin.actions.LoginfailOperate.getLoginName(LoginfailOperate.java:50)
	at com.liangxin.actions.LoginfailOperate.getLoginName(LoginfailOperate.java:50)
	at com.liangxin.actions.LoginfailOperate.getLoginName(LoginfailOperate.java:50)
	at com.liangxin.actions.LoginfailOperate.getLoginName(LoginfailOperate.java:50)
	at com.liangxin.actions.LoginfailOperate.getLoginName(LoginfailOperate.java:50)
	at com.liangxin.actions.LoginfailOperate.getLoginName(LoginfailOperate.java:50)
	at com.liangxin.actions.LoginfailOperate.getLoginName(LoginfailOperate.java:50)
	at com.liangxin.actions.LoginfailOperate.getLoginName(LoginfailOperate.java:50)
	at com.liangxin.actions.LoginfailOperate.getLoginName(LoginfailOperate.java:50)
	at com.liangxin.actions.LoginfailOperate.getLoginName(LoginfailOperate.java:50)
	at com.liangxin.actions.LoginfailOperate.getLoginName(LoginfailOperate.java:50)
	at com.liangxin.actions.LoginfailOperate.getLoginName(LoginfailOperate.java:50)
	at com.liangxin.actions.LoginfailOperate.getLoginName(LoginfailOperate.java:50)
	at com.liangxin.actions.LoginfailOperate.getLoginName(LoginfailOperate.java:50)
	at com.liangxin.actions.LoginfailOperate.getLoginName(LoginfailOperate.java:50)
	at com.liangxin.actions.LoginfailOperate.getLoginName(LoginfailOperate.java:50)
	at com.liangxin.actions.LoginfailOperate.getLoginName(LoginfailOperate.java:50)
	at com.liangxin.actions.LoginfailOperate.getLoginName(LoginfailOperate.java:50)
	at com.liangxin.actions.LoginfailOperate.getLoginName(LoginfailOperate.java:50)
	at com.liangxin.actions.LoginfailOperate.getLoginName(LoginfailOperate.java:50)
	at com.liangxin.actions.LoginfailOperate.getLoginName(LoginfailOperate.java:50)
	at com.liangxin.actions.LoginfailOperate.getLoginName(LoginfailOperate.java:50)
	at com.liangxin.actions.LoginfailOperate.getLoginName(LoginfailOperate.java:50)
	at com.liangxin.actions.LoginfailOperate.getLoginName(LoginfailOperate.java:50)
	at com.liangxin.actions.LoginfailOperate.getLoginName(LoginfailOperate.java:50)
	at com.liangxin.actions.LoginfailOperate.getLoginName(LoginfailOperate.java:50)
	at com.liangxin.actions.LoginfailOperate.getLoginName(LoginfailOperate.java:50)
	at com.liangxin.actions.LoginfailOperate.getLoginName(LoginfailOperate.java:50)
	at com.liangxin.actions.LoginfailOperate.getLoginName(LoginfailOperate.java:50)
	at com.liangxin.actions.LoginfailOperate.getLoginName(LoginfailOperate.java:50)
	at com.liangxin.actions.LoginfailOperate.getLoginName(LoginfailOperate.java:50)
	at com.liangxin.actions.LoginfailOperate.getLoginName(LoginfailOperate.java:50)
	at com.liangxin.actions.LoginfailOperate.getLoginName(LoginfailOperate.java:50)
	at com.liangxin.actions.LoginfailOperate.getLoginName(LoginfailOperate.java:50)
	at com.liangxin.actions.LoginfailOperate.getLoginName(LoginfailOperate.java:50)
	at com.liangxin.actions.LoginfailOperate.getLoginName(LoginfailOperate.java:50)
	at com.liangxin.actions.LoginfailOperate.getLoginName(LoginfailOperate.java:50)
	at com.liangxin.actions.LoginfailOperate.getLoginName(LoginfailOperate.java:50)
	at com.liangxin.actions.LoginfailOperate.getLoginName(LoginfailOperate.java:50)
	at com.liangxin.actions.LoginfailOperate.getLoginName(LoginfailOperate.java:50)
	at com.liangxin.actions.LoginfailOperate.getLoginName(LoginfailOperate.java:50)
	at com.liangxin.actions.LoginfailOperate.getLoginName(LoginfailOperate.java:50)
	at com.liangxin.actions.LoginfailOperate.getLoginName(LoginfailOperate.java:50)
	at com.liangxin.actions.LoginfailOperate.getLoginName(LoginfailOperate.java:50)
	at com.liangxin.actions.LoginfailOperate.getLoginName(LoginfailOperate.java:50)
	at com.liangxin.actions.LoginfailOperate.getLoginName(LoginfailOperate.java:50)
	at com.liangxin.actions.LoginfailOperate.getLoginName(LoginfailOperate.java:50)
	at com.liangxin.actions.LoginfailOperate.getLoginName(LoginfailOperate.java:50)
	at com.liangxin.actions.LoginfailOperate.getLoginName(LoginfailOperate.java:50)
	at com.liangxin.actions.LoginfailOperate.getLoginName(LoginfailOperate.java:50)
	at com.liangxin.actions.LoginfailOperate.getLoginName(LoginfailOperate.java:50)
	at com.liangxin.actions.LoginfailOperate.getLoginName(LoginfailOperate.java:50)
	at com.liangxin.actions.LoginfailOperate.getLoginName(LoginfailOperate.java:50)
	at com.liangxin.actions.LoginfailOperate.getLoginName(LoginfailOperate.java:50)
	at com.liangxin.actions.LoginfailOperate.getLoginName(LoginfailOperate.java:50)
	at com.liangxin.actions.LoginfailOperate.getLoginName(LoginfailOperate.java:50)
	at com.liangxin.actions.LoginfailOperate.getLoginName(LoginfailOperate.java:50)
	at com.liangxin.actions.LoginfailOperate.getLoginName(LoginfailOperate.java:50)
	at com.liangxin.actions.LoginfailOperate.getLoginName(LoginfailOperate.java:50)
	at com.liangxin.actions.LoginfailOperate.getLoginName(LoginfailOperate.java:50)
	at com.liangxin.actions.LoginfailOperate.getLoginName(LoginfailOperate.java:50)
	at com.liangxin.actions.LoginfailOperate.getLoginName(LoginfailOperate.java:50)
	at com.liangxin.actions.LoginfailOperate.getLoginName(LoginfailOperate.java:50)
	at com.liangxin.actions.LoginfailOperate.getLoginName(LoginfailOperate.java:50)
	at com.liangxin.actions.LoginfailOperate.getLoginName(LoginfailOperate.java:50)
	at com.liangxin.actions.LoginfailOperate.getLoginName(LoginfailOperate.java:50)
	at com.liangxin.actions.LoginfailOperate.getLoginName(LoginfailOperate.java:50)
	at com.liangxin.actions.LoginfailOperate.getLoginName(LoginfailOperate.java:50)
	at com.liangxin.actions.LoginfailOperate.getLoginName(LoginfailOperate.java:50)
	at com.liangxin.actions.LoginfailOperate.getLoginName(LoginfailOperate.java:50)
	at com.liangxin.actions.LoginfailOperate.getLoginName(LoginfailOperate.java:50)
	at com.liangxin.actions.LoginfailOperate.getLoginName(LoginfailOperate.java:50)
	at com.liangxin.actions.LoginfailOperate.getLoginName(LoginfailOperate.java:50)
	at com.liangxin.actions.LoginfailOperate.getLoginName(LoginfailOperate.java:50)
	at com.liangxin.actions.LoginfailOperate.getLoginName(LoginfailOperate.java:50)
	at com.liangxin.actions.LoginfailOperate.getLoginName(LoginfailOperate.java:50)
	at com.liangxin.actions.LoginfailOperate.getLoginName(LoginfailOperate.java:50)
	at com.liangxin.actions.LoginfailOperate.getLoginName(LoginfailOperate.java:50)
	at com.liangxin.actions.LoginfailOperate.getLoginName(LoginfailOperate.java:50)
	at com.liangxin.actions.LoginfailOperate.getLoginName(LoginfailOperate.java:50)
	at com.liangxin.actions.LoginfailOperate.getLoginName(LoginfailOperate.java:50)
	at com.liangxin.actions.LoginfailOperate.getLoginName(LoginfailOperate.java:50)
	at com.liangxin.actions.LoginfailOperate.getLoginName(LoginfailOperate.java:50)
	at com.liangxin.actions.LoginfailOperate.getLoginName(LoginfailOperate.java:50)
	at com.liangxin.actions.LoginfailOperate.getLoginName(LoginfailOperate.java:50)
	at com.liangxin.actions.LoginfailOperate.getLoginName(LoginfailOperate.java:50)
	at com.liangxin.actions.LoginfailOperate.getLoginName(LoginfailOperate.java:50)
	at com.liangxin.actions.LoginfailOperate.getLoginName(LoginfailOperate.java:50)
	at com.liangxin.actions.LoginfailOperate.getLoginName(LoginfailOperate.java:50)
	at com.liangxin.actions.LoginfailOperate.getLoginName(LoginfailOperate.java:50)
	at com.liangxin.actions.LoginfailOperate.getLoginName(LoginfailOperate.java:50)
	at com.liangxin.actions.LoginfailOperate.getLoginName(LoginfailOperate.java:50)
	at com.liangxin.actions.LoginfailOperate.getLoginName(LoginfailOperate.java:50)
	at com.liangxin.actions.LoginfailOperate.getLoginName(LoginfailOperate.java:50)
	at com.liangxin.actions.LoginfailOperate.getLoginName(LoginfailOperate.java:50)
	at com.liangxin.actions.LoginfailOperate.getLoginName(LoginfailOperate.java:50)
	at com.liangxin.actions.LoginfailOperate.getLoginName(LoginfailOperate.java:50)
	at com.liangxin.actions.LoginfailOperate.getLoginName(LoginfailOperate.java:50)
	at com.liangxin.actions.LoginfailOperate.getLoginName(LoginfailOperate.java:50)
	at com.liangxin.actions.LoginfailOperate.getLoginName(LoginfailOperate.java:50)
	at com.liangxin.actions.LoginfailOperate.getLoginName(LoginfailOperate.java:50)
	at com.liangxin.actions.LoginfailOperate.getLoginName(LoginfailOperate.java:50)
	at com.liangxin.actions.LoginfailOperate.getLoginName(LoginfailOperate.java:50)
	at com.liangxin.actions.LoginfailOperate.getLoginName(LoginfailOperate.java:50)
	at com.liangxin.actions.LoginfailOperate.getLoginName(LoginfailOperate.java:50)
	at com.liangxin.actions.LoginfailOperate.getLoginName(LoginfailOperate.java:50)
	at com.liangxin.actions.LoginfailOperate.getLoginName(LoginfailOperate.java:50)
	at com.liangxin.actions.LoginfailOperate.getLoginName(LoginfailOperate.java:50)
	at com.liangxin.actions.LoginfailOperate.getLoginName(LoginfailOperate.java:50)
	at com.liangxin.actions.LoginfailOperate.getLoginName(LoginfailOperate.java:50)
	at com.liangxin.actions.LoginfailOperate.getLoginName(LoginfailOperate.java:50)
	at com.liangxin.actions.LoginfailOperate.getLoginName(LoginfailOperate.java:50)
	at com.liangxin.actions.LoginfailOperate.getLoginName(LoginfailOperate.java:50)
	at com.liangxin.actions.LoginfailOperate.getLoginName(LoginfailOperate.java:50)
	at com.liangxin.actions.LoginfailOperate.getLoginName(LoginfailOperate.java:50)
	at com.liangxin.actions.LoginfailOperate.getLoginName(LoginfailOperate.java:50)
	at com.liangxin.actions.LoginfailOperate.getLoginName(LoginfailOperate.java:50)
	at com.liangxin.actions.LoginfailOperate.getLoginName(LoginfailOperate.java:50)
	at com.liangxin.actions.LoginfailOperate.getLoginName(LoginfailOperate.java:50)
	at com.liangxin.actions.LoginfailOperate.getLoginName(LoginfailOperate.java:50)
	at com.liangxin.actions.LoginfailOperate.getLoginName(LoginfailOperate.java:50)
	at com.liangxin.actions.LoginfailOperate.getLoginName(LoginfailOperate.java:50)
	at com.liangxin.actions.LoginfailOperate.getLoginName(LoginfailOperate.java:50)
	at com.liangxin.actions.LoginfailOperate.getLoginName(LoginfailOperate.java:50)
	at com.liangxin.actions.LoginfailOperate.getLoginName(LoginfailOperate.java:50)
	at com.liangxin.actions.LoginfailOperate.getLoginName(LoginfailOperate.java:50)
	at com.liangxin.actions.LoginfailOperate.getLoginName(LoginfailOperate.java:50)
	at com.liangxin.actions.LoginfailOperate.getLoginName(LoginfailOperate.java:50)
	at com.liangxin.actions.LoginfailOperate.getLoginName(LoginfailOperate.java:50)
	at com.liangxin.actions.LoginfailOperate.getLoginName(LoginfailOperate.java:50)
	at com.liangxin.actions.LoginfailOperate.getLoginName(LoginfailOperate.java:50)
	at com.liangxin.actions.LoginfailOperate.getLoginName(LoginfailOperate.java:50)
	at com.liangxin.actions.LoginfailOperate.getLoginName(LoginfailOperate.java:50)
	at com.liangxin.actions.LoginfailOperate.getLoginName(LoginfailOperate.java:50)
	at com.liangxin.actions.LoginfailOperate.getLoginName(LoginfailOperate.java:50)
	at com.liangxin.actions.LoginfailOperate.getLoginName(LoginfailOperate.java:50)
	at com.liangxin.actions.LoginfailOperate.getLoginName(LoginfailOperate.java:50)
	at com.liangxin.actions.LoginfailOperate.getLoginName(LoginfailOperate.java:50)
	at com.liangxin.actions.LoginfailOperate.getLoginName(LoginfailOperate.java:50)
	at com.liangxin.actions.LoginfailOperate.getLoginName(LoginfailOperate.java:50)
	at com.liangxin.actions.LoginfailOperate.getLoginName(LoginfailOperate.java:50)
	at com.liangxin.actions.LoginfailOperate.getLoginName(LoginfailOperate.java:50)
	at com.liangxin.actions.LoginfailOperate.getLoginName(LoginfailOperate.java:50)
	at com.liangxin.actions.LoginfailOperate.getLoginName(LoginfailOperate.java:50)
	at com.liangxin.actions.LoginfailOperate.getLoginName(LoginfailOperate.java:50)
	at com.liangxin.actions.LoginfailOperate.getLoginName(LoginfailOperate.java:50)
	at com.liangxin.actions.LoginfailOperate.getLoginName(LoginfailOperate.java:50)
	at com.liangxin.actions.LoginfailOperate.getLoginName(LoginfailOperate.java:50)
	at com.liangxin.actions.LoginfailOperate.getLoginName(LoginfailOperate.java:50)
	at com.liangxin.actions.LoginfailOperate.getLoginName(LoginfailOperate.java:50)
	at com.liangxin.actions.LoginfailOperate.getLoginName(LoginfailOperate.java:50)
	at com.liangxin.actions.LoginfailOperate.getLoginName(LoginfailOperate.java:50)
	at com.liangxin.actions.LoginfailOperate.getLoginName(LoginfailOperate.java:50)
	at com.liangxin.actions.LoginfailOperate.getLoginName(LoginfailOperate.java:50)
	at com.liangxin.actions.LoginfailOperate.getLoginName(LoginfailOperate.java:50)
	at com.liangxin.actions.LoginfailOperate.getLoginName(LoginfailOperate.java:50)
]]>
            </full-stacktrace>
          </exception> <!-- java.lang.StackOverflowError -->
          <reporter-output>
          </reporter-output>
        </test-method> <!-- faillodinTest01 -->
        <test-method status="PASS" signature="lodinTest01()[pri:0, instance:com.liangxin.testcase.loginTest@77cd7a0]" name="lodinTest01" duration-ms="4208" started-at="2017-10-29T16:00:08Z" finished-at="2017-10-29T16:00:12Z">
          <reporter-output>
            <line>
              <![CDATA[<span style="color:#16A05D"><b>[2017-10-29 16:00:10] [INFO] com.liangxin.uiframework.DriverUtils: 打开网址http://127.0.0.1:81/zentao</b></span><br />]]>
            </line>
            <line>
              <![CDATA[<span style="color:#16A05D"><b>[2017-10-29 16:00:10] [INFO] com.liangxin.uiframework.WebElementUtils: 在元素：用户名输入框输入：admin</b></span><br />]]>
            </line>
            <line>
              <![CDATA[<span style="color:#16A05D"><b>[2017-10-29 16:00:10] [INFO] com.liangxin.uiframework.WebElementUtils: 在元素：密码输入框输入：liangxin123456</b></span><br />]]>
            </line>
            <line>
              <![CDATA[<span style="color:#16A05D"><b>[2017-10-29 16:00:12] [INFO] com.liangxin.uiframework.WebElementUtils: 点击元素：登录按钮</b></span><br />]]>
            </line>
            <line>
              <![CDATA[<span style="color:#16A05D"><b>[2017-10-29 16:00:12] [INFO] com.liangxin.uiframework.WebElementUtils: 获取元素：用户菜单文本值</b></span><br />]]>
            </line>
          </reporter-output>
        </test-method> <!-- lodinTest01 -->
        <test-method status="PASS" signature="tearDown()[pri:0, instance:com.liangxin.testcase.loginTest@77cd7a0]" name="tearDown" is-config="true" duration-ms="4432" started-at="2017-10-29T16:00:12Z" finished-at="2017-10-29T16:00:17Z">
          <reporter-output>
          </reporter-output>
        </test-method> <!-- tearDown -->
      </class> <!-- com.liangxin.testcase.loginTest -->
    </test> <!-- Default test -->
  </suite> <!-- Default suite -->
</testng-results>
